Log file open, 05/22/20 12:31:09
LogWindows: Failed to load 'aqProf.dll' (GetLastError=126)
LogWindows: File 'aqProf.dll' does not exist
LogWindows: Failed to load 'VtuneApi.dll' (GetLastError=126)
LogWindows: File 'VtuneApi.dll' does not exist
LogWindows: Failed to load 'VtuneApi32e.dll' (GetLastError=126)
LogWindows: File 'VtuneApi32e.dll' does not exist
LogConsoleResponse: Display: Failed to find resolution value strings in scalability ini. Falling back to default.
LogInit: Display: Running engine for game: Proyecto2_Leyenda
LogPlatformFile: Not using cached read wrapper
LogTaskGraph: Started task graph with 5 named threads and 11 total threads with 3 sets of task threads.
LogStats: Stats thread started at 1.390071
LogD3D11RHI: Loaded GFSDK_Aftermath_Lib.x64.dll
LogICUInternationalization: ICU TimeZone Detection - Raw Offset: -3:00, Platform Override: ''
LogPluginManager: Mounting plugin Paper2D
LogPluginManager: Mounting plugin AISupport
LogPluginManager: Mounting plugin LightPropagationVolume
LogPluginManager: Mounting plugin ActorLayerUtilities
LogPluginManager: Mounting plugin AnimationSharing
LogPluginManager: Mounting plugin CLionSourceCodeAccess
LogPluginManager: Mounting plugin CodeLiteSourceCodeAccess
LogPluginManager: Mounting plugin GitSourceControl
LogPluginManager: Mounting plugin KDevelopSourceCodeAccess
LogPluginManager: Mounting plugin NullSourceCodeAccess
LogPluginManager: Mounting plugin PerforceSourceControl
LogPluginManager: Mounting plugin PlasticSourceControl
LogPluginManager: Mounting plugin SubversionSourceControl
LogPluginManager: Mounting plugin UObjectPlugin
LogPluginManager: Mounting plugin VisualStudioCodeSourceCodeAccess
LogPluginManager: Mounting plugin VisualStudioSourceCodeAccess
LogPluginManager: Mounting plugin XCodeSourceCodeAccess
LogPluginManager: Mounting plugin AssetManagerEditor
LogPluginManager: Mounting plugin CryptoKeys
LogPluginManager: Mounting plugin CurveEditorTools
LogPluginManager: Mounting plugin DataValidation
LogPluginManager: Mounting plugin FacialAnimation
LogPluginManager: Mounting plugin GameplayTagsEditor
LogPluginManager: Mounting plugin MacGraphicsSwitching
LogPluginManager: Mounting plugin MaterialAnalyzer
LogPluginManager: Mounting plugin MobileLauncherProfileWizard
LogPluginManager: Mounting plugin PluginBrowser
LogPluginManager: Mounting plugin SpeedTreeImporter
LogPluginManager: Mounting plugin DatasmithContent
LogPluginManager: Mounting plugin VariantManagerContent
LogPluginManager: Mounting plugin AlembicImporter
LogPluginManager: Mounting plugin AutomationUtils
LogPluginManager: Mounting plugin BackChannel
LogPluginManager: Mounting plugin CharacterAI
LogPluginManager: Mounting plugin GeometryCache
LogPluginManager: Mounting plugin PlatformCrypto
LogPluginManager: Mounting plugin ProxyLODPlugin
LogPluginManager: Mounting plugin SkeletalReduction
LogPluginManager: Mounting plugin MagicLeap
LogPluginManager: Mounting plugin MagicLeapMedia
LogPluginManager: Mounting plugin MLSDK
LogPluginManager: Mounting plugin AndroidMedia
LogPluginManager: Mounting plugin AvfMedia
LogPluginManager: Mounting plugin ImgMedia
LogPluginManager: Mounting plugin MediaCompositing
LogPluginManager: Mounting plugin MediaPlayerEditor
LogPluginManager: Mounting plugin WebMMedia
LogPluginManager: Mounting plugin WmfMedia
LogPluginManager: Mounting plugin TcpMessaging
LogPluginManager: Mounting plugin UdpMessaging
LogPluginManager: Mounting plugin ActorSequence
LogPluginManager: Mounting plugin LevelSequenceEditor
LogPluginManager: Mounting plugin MatineeToLevelSequence
LogPluginManager: Mounting plugin NetcodeUnitTest
LogPluginManager: Mounting plugin NUTUnrealEngine4
LogPluginManager: Mounting plugin OnlineSubsystemGooglePlay
LogPluginManager: Mounting plugin OnlineSubsystemIOS
LogPluginManager: Mounting plugin OnlineSubsystem
LogPluginManager: Mounting plugin OnlineSubsystemNull
LogPluginManager: Mounting plugin OnlineSubsystemUtils
LogPluginManager: Mounting plugin LauncherChunkInstaller
LogPluginManager: Mounting plugin AndroidDeviceProfileSelector
LogPluginManager: Mounting plugin AndroidMoviePlayer
LogPluginManager: Mounting plugin AndroidPermission
LogPluginManager: Mounting plugin AppleImageUtils
LogPluginManager: Mounting plugin AppleMoviePlayer
LogPluginManager: Mounting plugin ArchVisCharacter
LogPluginManager: Mounting plugin AssetTags
LogPluginManager: Mounting plugin AudioCapture
LogPluginManager: Mounting plugin CableComponent
LogPluginManager: Mounting plugin CustomMeshComponent
LogPluginManager: Mounting plugin EditableMesh
LogPluginManager: Mounting plugin ExampleDeviceProfileSelector
LogPluginManager: Mounting plugin GoogleCloudMessaging
LogPluginManager: Mounting plugin IOSDeviceProfileSelector
LogPluginManager: Mounting plugin LinuxDeviceProfileSelector
LogPluginManager: Mounting plugin LocationServicesBPLibrary
LogPluginManager: Mounting plugin MobilePatchingUtils
LogPluginManager: Mounting plugin OculusVR
LogPluginManager: Mounting plugin PhysXVehicles
LogPluginManager: Mounting plugin PostSplashScreen
LogPluginManager: Mounting plugin ProceduralMeshComponent
LogPluginManager: Mounting plugin RuntimePhysXCooking
LogPluginManager: Mounting plugin SignificanceManager
LogPluginManager: Mounting plugin SteamVR
LogPluginManager: Mounting plugin WebMMoviePlayer
LogPluginManager: Mounting plugin WindowsMoviePlayer
LogPluginManager: Mounting plugin ScreenshotTools
LogInit: Using libcurl 7.55.1-DEV
LogInit:  - built for x86_64-pc-win32
LogInit:  - supports SSL with OpenSSL/1.1.1
LogInit:  - supports HTTP deflate (compression) using libz 1.2.8
LogInit:  - other features:
LogInit:      CURL_VERSION_SSL
LogInit:      CURL_VERSION_LIBZ
LogInit:      CURL_VERSION_IPV6
LogInit:      CURL_VERSION_ASYNCHDNS
LogInit:      CURL_VERSION_LARGEFILE
LogInit:      CURL_VERSION_IDN
LogInit:  CurlRequestOptions (configurable via config and command line):
LogInit:  - bVerifyPeer = true  - Libcurl will verify peer certificate
LogInit:  - bUseHttpProxy = false  - Libcurl will NOT use HTTP proxy
LogInit:  - bDontReuseConnections = false  - Libcurl will reuse connections
LogInit:  - MaxHostConnections = 16  - Libcurl will limit the number of connections to a host
LogInit:  - LocalHostAddr = Default
LogInit:  - BufferSize = 65536
LogOnline: OSS: Creating online subsystem instance for: NULL
LogInit: WinSock: version 1.1 (2.2), MaxSocks=32767, MaxUdp=65467
LogOnline: OSS: TryLoadSubsystemAndSetDefault: Loaded subsystem for module [NULL]
LogInit: Build: ++UE4+Release-4.24-CL-11590370
LogInit: Engine Version: 4.24.3-11590370+++UE4+Release-4.24
LogInit: Compatible Engine Version: 4.24.0-10570792+++UE4+Release-4.24
LogInit: Net CL: 10570792
LogInit: OS: Windows 10 (Release 1809) (), CPU: Intel(R) Core(TM) i7-7500U CPU @ 2.70GHz, GPU: Intel(R) HD Graphics 620
LogInit: Compiled (64-bit): Feb 24 2020 15:39:18
LogInit: Compiled with Visual C++: 19.16.27032.01
LogInit: Build Configuration: Development
LogInit: Branch Name: ++UE4+Release-4.24
LogInit: Command Line:  -skipcompile
LogInit: Base Directory: C:/Program Files/Epic Games/UE_4.24/Engine/Binaries/Win64/
LogInit: Installed Engine Build: 1
LogDevObjectVersion: Number of dev versions registered: 25
LogDevObjectVersion:   Dev-Blueprints (B0D832E4-1F89-4F0D-ACCF-7EB736FD4AA2): 10
LogDevObjectVersion:   Dev-Build (E1C64328-A22C-4D53-A36C-8E866417BD8C): 0
LogDevObjectVersion:   Dev-Core (375EC13C-06E4-48FB-B500-84F0262A717E): 3
LogDevObjectVersion:   Dev-Editor (E4B068ED-F494-42E9-A231-DA0B2E46BB41): 37
LogDevObjectVersion:   Dev-Framework (CFFC743F-43B0-4480-9391-14DF171D2073): 36
LogDevObjectVersion:   Dev-Mobile (B02B49B5-BB20-44E9-A304-32B752E40360): 2
LogDevObjectVersion:   Dev-Networking (A4E4105C-59A1-49B5-A7C5-40C4547EDFEE): 0
LogDevObjectVersion:   Dev-Online (39C831C9-5AE6-47DC-9A44-9C173E1C8E7C): 0
LogDevObjectVersion:   Dev-Physics (78F01B33-EBEA-4F98-B9B4-84EACCB95AA2): 2
LogDevObjectVersion:   Dev-Platform (6631380F-2D4D-43E0-8009-CF276956A95A): 0
LogDevObjectVersion:   Dev-Rendering (12F88B9F-8875-4AFC-A67C-D90C383ABD29): 36
LogDevObjectVersion:   Dev-Sequencer (7B5AE74C-D270-4C10-A958-57980B212A5A): 11
LogDevObjectVersion:   Dev-VR (D7296918-1DD6-4BDD-9DE2-64A83CC13884): 2
LogDevObjectVersion:   Dev-LoadTimes (C2A15278-BFE7-4AFE-6C17-90FF531DF755): 1
LogDevObjectVersion:   Private-Geometry (6EACA3D4-40EC-4CC1-B786-8BED09428FC5): 3
LogDevObjectVersion:   Dev-AnimPhys (29E575DD-E0A3-4627-9D10-D276232CDCEA): 17
LogDevObjectVersion:   Dev-Anim (AF43A65D-7FD3-4947-9873-3E8ED9C1BB05): 2
LogDevObjectVersion:   Dev-ReflectionCapture (6B266CEC-1EC7-4B8F-A30B-E4D90942FC07): 1
LogDevObjectVersion:   Dev-Automation (0DF73D61-A23F-47EA-B727-89E90C41499A): 1
LogDevObjectVersion:   FortniteMain (601D1886-AC64-4F84-AA16-D3DE0DEAC7D6): 31
LogDevObjectVersion:   Dev-Enterprise (9DFFBCD6-494F-0158-E221-12823C92A888): 8
LogDevObjectVersion:   Dev-Niagara (F2AED0AC-9AFE-416F-8664-AA7FFA26D6FC): 1
LogDevObjectVersion:   Dev-Destruction (174F1F0B-B4C6-45A5-B13F-2EE8D0FB917D): 9
LogDevObjectVersion:   Dev-Physics-Ext (35F94A83-E258-406C-A318-09F59610247C): 8
LogDevObjectVersion:   Dev-CineCamera (B2E18506-4273-CFC2-A54E-F4BB758BBA07): 1
LogInit: Presizing for max 25165824 objects, including 0 objects not considered by GC, pre-allocating 0 bytes for permanent pool.
LogInit: Object subsystem initialized
LogConfig: Setting CVar [[con.DebugEarlyDefault:1]]
LogConfig: Setting CVar [[r.setres:1280x720]]
[2020.05.22-15.31.18:403][  0]LogConfig: Setting CVar [[r.VSync:0]]
[2020.05.22-15.31.18:403][  0]LogConfig: Setting CVar [[r.RHICmdBypass:0]]
[2020.05.22-15.31.18:403][  0]LogConfig: Applying CVar settings from Section [/Script/Engine.RendererSettings] File [C:/Users/Theo Leyenda/Desktop/TSDVJ_Unreal_Practica/Proyecto2_Leyenda/Saved/Config/Windows/Engine.ini]
[2020.05.22-15.31.18:403][  0]LogConfig: Setting CVar [[r.GPUCrashDebugging:0]]
[2020.05.22-15.31.18:403][  0]LogConfig: Setting CVar [[r.MobileHDR:1]]
[2020.05.22-15.31.18:403][  0]LogConfig: Setting CVar [[r.Mobile.DisableVertexFog:1]]
[2020.05.22-15.31.18:403][  0]LogConfig: Setting CVar [[r.Shadow.CSM.MaxMobileCascades:2]]
[2020.05.22-15.31.18:403][  0]LogConfig: Setting CVar [[r.MobileMSAA:1]]
[2020.05.22-15.31.18:403][  0]LogConfig: Setting CVar [[r.Mobile.UseLegacyShadingModel:0]]
[2020.05.22-15.31.18:403][  0]LogConfig: Setting CVar [[r.Mobile.UseHWsRGBEncoding:0]]
[2020.05.22-15.31.18:403][  0]LogConfig: Setting CVar [[r.Mobile.AllowDitheredLODTransition:0]]
[2020.05.22-15.31.18:403][  0]LogConfig: Setting CVar [[r.Mobile.AllowSoftwareOcclusion:0]]
[2020.05.22-15.31.18:403][  0]LogConfig: Setting CVar [[r.DiscardUnusedQuality:0]]
[2020.05.22-15.31.18:403][  0]LogConfig: Setting CVar [[r.AllowOcclusionQueries:1]]
[2020.05.22-15.31.18:403][  0]LogConfig: Setting CVar [[r.MinScreenRadiusForLights:0.030000]]
[2020.05.22-15.31.18:403][  0]LogConfig: Setting CVar [[r.MinScreenRadiusForDepthPrepass:0.030000]]
[2020.05.22-15.31.18:403][  0]LogConfig: Setting CVar [[r.MinScreenRadiusForCSMDepth:0.010000]]
[2020.05.22-15.31.18:403][  0]LogConfig: Setting CVar [[r.PrecomputedVisibilityWarning:0]]
[2020.05.22-15.31.18:403][  0]LogConfig: Setting CVar [[r.TextureStreaming:1]]
[2020.05.22-15.31.18:404][  0]LogConfig: Setting CVar [[Compat.UseDXT5NormalMaps:0]]
[2020.05.22-15.31.18:404][  0]LogConfig: Setting CVar [[r.VirtualTextures:0]]
[2020.05.22-15.31.18:404][  0]LogConfig: Setting CVar [[r.VirtualTexturedLightmaps:0]]
[2020.05.22-15.31.18:404][  0]LogConfig: Setting CVar [[r.VT.TileSize:128]]
[2020.05.22-15.31.18:404][  0]LogConfig: Setting CVar [[r.VT.TileBorderSize:4]]
[2020.05.22-15.31.18:404][  0]LogConfig: Setting CVar [[r.vt.FeedbackFactor:16]]
[2020.05.22-15.31.18:404][  0]LogConfig: Setting CVar [[r.VT.EnableCompressZlib:1]]
[2020.05.22-15.31.18:404][  0]LogConfig: Setting CVar [[r.VT.EnableCompressCrunch:0]]
[2020.05.22-15.31.18:404][  0]LogConfig: Setting CVar [[r.ClearCoatNormal:0]]
[2020.05.22-15.31.18:404][  0]LogConfig: Setting CVar [[r.ReflectionCaptureResolution:128]]
[2020.05.22-15.31.18:404][  0]LogConfig: Setting CVar [[r.ReflectionEnvironmentLightmapMixBasedOnRoughness:1]]
[2020.05.22-15.31.18:404][  0]LogConfig: Setting CVar [[r.ForwardShading:0]]
[2020.05.22-15.31.18:404][  0]LogConfig: Setting CVar [[r.VertexFoggingForOpaque:1]]
[2020.05.22-15.31.18:404][  0]LogConfig: Setting CVar [[r.AllowStaticLighting:1]]
[2020.05.22-15.31.18:404][  0]LogConfig: Setting CVar [[r.NormalMapsForStaticLighting:0]]
[2020.05.22-15.31.18:404][  0]LogConfig: Setting CVar [[r.GenerateMeshDistanceFields:0]]
[2020.05.22-15.31.18:404][  0]LogConfig: Setting CVar [[r.DistanceFieldBuild.EightBit:0]]
[2020.05.22-15.31.18:404][  0]LogConfig: Setting CVar [[r.GenerateLandscapeGIData:0]]
[2020.05.22-15.31.18:404][  0]LogConfig: Setting CVar [[r.DistanceFieldBuild.Compress:0]]
[2020.05.22-15.31.18:404][  0]LogConfig: Setting CVar [[r.TessellationAdaptivePixelsPerTriangle:48.000000]]
[2020.05.22-15.31.18:404][  0]LogConfig: Setting CVar [[r.SeparateTranslucency:1]]
[2020.05.22-15.31.18:404][  0]LogConfig: Setting CVar [[r.TranslucentSortPolicy:0]]
[2020.05.22-15.31.18:404][  0]LogConfig: Setting CVar [[r.CustomDepth:1]]
[2020.05.22-15.31.18:404][  0]LogConfig: Setting CVar [[r.CustomDepthTemporalAAJitter:1]]
[2020.05.22-15.31.18:404][  0]LogConfig: Setting CVar [[r.PostProcessing.PropagateAlpha:0]]
[2020.05.22-15.31.18:404][  0]LogConfig: Setting CVar [[r.DefaultFeature.Bloom:1]]
[2020.05.22-15.31.18:404][  0]LogConfig: Setting CVar [[r.DefaultFeature.AmbientOcclusion:1]]
[2020.05.22-15.31.18:404][  0]LogConfig: Setting CVar [[r.DefaultFeature.AmbientOcclusionStaticFraction:1]]
[2020.05.22-15.31.18:404][  0]LogConfig: Setting CVar [[r.DefaultFeature.AutoExposure:0]]
[2020.05.22-15.31.18:404][  0]LogConfig: Setting CVar [[r.DefaultFeature.AutoExposure.Method:0]]
[2020.05.22-15.31.18:404][  0]LogConfig: Setting CVar [[r.DefaultFeature.AutoExposure.ExtendDefaultLuminanceRange:0]]
[2020.05.22-15.31.18:404][  0]LogConfig: Setting CVar [[r.UsePreExposure:1]]
[2020.05.22-15.31.18:404][  0]LogConfig: Setting CVar [[r.EyeAdaptation.EditorOnly:1]]
[2020.05.22-15.31.18:404][  0]LogConfig: Setting CVar [[r.DefaultFeature.MotionBlur:0]]
[2020.05.22-15.31.18:404][  0]LogConfig: Setting CVar [[r.DefaultFeature.LensFlare:0]]
[2020.05.22-15.31.18:404][  0]LogConfig: Setting CVar [[r.TemporalAA.Upsampling:0]]
[2020.05.22-15.31.18:404][  0]LogConfig: Setting CVar [[r.SSGI.Enable:0]]
[2020.05.22-15.31.18:404][  0]LogConfig: Setting CVar [[r.DefaultFeature.AntiAliasing:0]]
[2020.05.22-15.31.18:404][  0]LogConfig: Setting CVar [[r.DefaultFeature.LightUnits:1]]
[2020.05.22-15.31.18:404][  0]LogConfig: Setting CVar [[r.DefaultBackBufferPixelFormat:4]]
[2020.05.22-15.31.18:404][  0]LogConfig: Setting CVar [[r.Shadow.UnbuiltPreviewInGame:1]]
[2020.05.22-15.31.18:404][  0]LogConfig: Setting CVar [[r.StencilForLODDither:0]]
[2020.05.22-15.31.18:404][  0]LogConfig: Setting CVar [[r.EarlyZPass:3]]
[2020.05.22-15.31.18:404][  0]LogConfig: Setting CVar [[r.EarlyZPassOnlyMaterialMasking:0]]
[2020.05.22-15.31.18:404][  0]LogConfig: Setting CVar [[r.DBuffer:1]]
[2020.05.22-15.31.18:404][  0]LogConfig: Setting CVar [[r.ClearSceneMethod:1]]
[2020.05.22-15.31.18:404][  0]LogConfig: Setting CVar [[r.BasePassOutputsVelocity:0]]
[2020.05.22-15.31.18:404][  0]LogConfig: Setting CVar [[r.SelectiveBasePassOutputs:0]]
[2020.05.22-15.31.18:404][  0]LogConfig: Setting CVar [[fx.GPUSimulationTextureSizeX:1024]]
[2020.05.22-15.31.18:404][  0]LogConfig: Setting CVar [[fx.GPUSimulationTextureSizeY:1024]]
[2020.05.22-15.31.18:404][  0]LogConfig: Setting CVar [[r.AllowGlobalClipPlane:0]]
[2020.05.22-15.31.18:404][  0]LogConfig: Setting CVar [[r.GBufferFormat:1]]
[2020.05.22-15.31.18:404][  0]LogConfig: Setting CVar [[r.MorphTarget.Mode:1]]
[2020.05.22-15.31.18:404][  0]LogConfig: Setting CVar [[vr.InstancedStereo:0]]
[2020.05.22-15.31.18:404][  0]LogConfig: Setting CVar [[vr.MultiView:0]]
[2020.05.22-15.31.18:404][  0]LogConfig: Setting CVar [[vr.MobileMultiView:0]]
[2020.05.22-15.31.18:404][  0]LogConfig: Setting CVar [[vr.MobileMultiView.Direct:0]]
[2020.05.22-15.31.18:404][  0]LogConfig: Setting CVar [[vr.RoundRobinOcclusion:0]]
[2020.05.22-15.31.18:404][  0]LogConfig: Setting CVar [[vr.ODSCapture:0]]
[2020.05.22-15.31.18:404][  0]LogConfig: Setting CVar [[r.WireframeCullThreshold:5.000000]]
[2020.05.22-15.31.18:404][  0]LogConfig: Setting CVar [[r.RayTracing:0]]
[2020.05.22-15.31.18:404][  0]LogConfig: Setting CVar [[r.RayTracing.UseTextureLod:0]]
[2020.05.22-15.31.18:404][  0]LogConfig: Setting CVar [[r.SupportStationarySkylight:1]]
[2020.05.22-15.31.18:404][  0]LogConfig: Setting CVar [[r.SupportLowQualityLightmaps:1]]
[2020.05.22-15.31.18:404][  0]LogConfig: Setting CVar [[r.SupportPointLightWholeSceneShadows:1]]
[2020.05.22-15.31.18:404][  0]LogConfig: Setting CVar [[r.SupportAtmosphericFog:1]]
[2020.05.22-15.31.18:404][  0]LogConfig: Setting CVar [[r.SupportSkyAtmosphere:1]]
[2020.05.22-15.31.18:404][  0]LogConfig: Setting CVar [[r.SupportSkyAtmosphereAffectsHeightFog:0]]
[2020.05.22-15.31.18:404][  0]LogConfig: Setting CVar [[r.SkinCache.CompileShaders:0]]
[2020.05.22-15.31.18:404][  0]LogConfig: Setting CVar [[r.Mobile.EnableStaticAndCSMShadowReceivers:1]]
[2020.05.22-15.31.18:404][  0]LogConfig: Setting CVar [[r.Mobile.EnableMovableLightCSMShaderCulling:1]]
[2020.05.22-15.31.18:404][  0]LogConfig: Setting CVar [[r.Mobile.AllowDistanceFieldShadows:1]]
[2020.05.22-15.31.18:404][  0]LogConfig: Setting CVar [[r.Mobile.AllowMovableDirectionalLights:1]]
[2020.05.22-15.31.18:405][  0]LogConfig: Setting CVar [[r.MobileNumDynamicPointLights:4]]
[2020.05.22-15.31.18:405][  0]LogConfig: Setting CVar [[r.MobileDynamicPointLightsUseStaticBranch:1]]
[2020.05.22-15.31.18:405][  0]LogConfig: Setting CVar [[r.Mobile.EnableMovableSpotlights:0]]
[2020.05.22-15.31.18:405][  0]LogConfig: Setting CVar [[r.SkinCache.SceneMemoryLimitInMB:128.000000]]
[2020.05.22-15.31.18:405][  0]LogConfig: Setting CVar [[r.GPUSkin.Limit2BoneInfluences:0]]
[2020.05.22-15.31.18:405][  0]LogConfig: Setting CVar [[r.SupportDepthOnlyIndexBuffers:1]]
[2020.05.22-15.31.18:405][  0]LogConfig: Setting CVar [[r.SupportReversedIndexBuffers:1]]
[2020.05.22-15.31.18:405][  0]LogConfig: Setting CVar [[r.SupportMaterialLayers:0]]
[2020.05.22-15.31.18:405][  0]LogConfig: Setting CVar [[r.LightPropagationVolume:0]]
[2020.05.22-15.31.18:405][  0]LogConfig: Applying CVar settings from Section [/Script/Engine.RendererOverrideSettings] File [C:/Users/Theo Leyenda/Desktop/TSDVJ_Unreal_Practica/Proyecto2_Leyenda/Saved/Config/Windows/Engine.ini]
[2020.05.22-15.31.18:405][  0]LogConfig: Applying CVar settings from Section [/Script/Engine.StreamingSettings] File [C:/Users/Theo Leyenda/Desktop/TSDVJ_Unreal_Practica/Proyecto2_Leyenda/Saved/Config/Windows/Engine.ini]
[2020.05.22-15.31.18:405][  0]LogConfig: Setting CVar [[s.MinBulkDataSizeForAsyncLoading:131072]]
[2020.05.22-15.31.18:405][  0]LogConfig: Setting CVar [[s.AsyncLoadingThreadEnabled:0]]
[2020.05.22-15.31.18:405][  0]LogConfig: Setting CVar [[s.EventDrivenLoaderEnabled:1]]
[2020.05.22-15.31.18:405][  0]LogConfig: Setting CVar [[s.WarnIfTimeLimitExceeded:0]]
[2020.05.22-15.31.18:405][  0]LogConfig: Setting CVar [[s.TimeLimitExceededMultiplier:1.5]]
[2020.05.22-15.31.18:405][  0]LogConfig: Setting CVar [[s.TimeLimitExceededMinTime:0.005]]
[2020.05.22-15.31.18:405][  0]LogConfig: Setting CVar [[s.UseBackgroundLevelStreaming:1]]
[2020.05.22-15.31.18:405][  0]LogConfig: Setting CVar [[s.PriorityAsyncLoadingExtraTime:15.0]]
[2020.05.22-15.31.18:405][  0]LogConfig: Setting CVar [[s.LevelStreamingActorsUpdateTimeLimit:5.0]]
[2020.05.22-15.31.18:405][  0]LogConfig: Setting CVar [[s.PriorityLevelStreamingActorsUpdateExtraTime:5.0]]
[2020.05.22-15.31.18:405][  0]LogConfig: Setting CVar [[s.LevelStreamingComponentsRegistrationGranularity:10]]
[2020.05.22-15.31.18:405][  0]LogConfig: Setting CVar [[s.UnregisterComponentsTimeLimit:1.0]]
[2020.05.22-15.31.18:405][  0]LogConfig: Setting CVar [[s.LevelStreamingComponentsUnregistrationGranularity:5]]
[2020.05.22-15.31.18:405][  0]LogConfig: Setting CVar [[s.FlushStreamingOnExit:1]]
[2020.05.22-15.31.18:405][  0]LogConfig: Applying CVar settings from Section [/Script/Engine.GarbageCollectionSettings] File [C:/Users/Theo Leyenda/Desktop/TSDVJ_Unreal_Practica/Proyecto2_Leyenda/Saved/Config/Windows/Engine.ini]
[2020.05.22-15.31.18:405][  0]LogConfig: Setting CVar [[gc.MaxObjectsNotConsideredByGC:1]]
[2020.05.22-15.31.18:405][  0]LogConfig: Setting CVar [[gc.SizeOfPermanentObjectPool:0]]
[2020.05.22-15.31.18:405][  0]LogConfig: Setting CVar [[gc.FlushStreamingOnGC:0]]
[2020.05.22-15.31.18:405][  0]LogConfig: Setting CVar [[gc.NumRetriesBeforeForcingGC:10]]
[2020.05.22-15.31.18:405][  0]LogConfig: Setting CVar [[gc.AllowParallelGC:1]]
[2020.05.22-15.31.18:405][  0]LogConfig: Setting CVar [[gc.TimeBetweenPurgingPendingKillObjects:61.1]]
[2020.05.22-15.31.18:405][  0]LogConfig: Setting CVar [[gc.MaxObjectsInEditor:25165824]]
[2020.05.22-15.31.18:405][  0]LogConfig: Setting CVar [[gc.IncrementalBeginDestroyEnabled:1]]
[2020.05.22-15.31.18:405][  0]LogConfig: Setting CVar [[gc.CreateGCClusters:1]]
[2020.05.22-15.31.18:405][  0]LogConfig: Setting CVar [[gc.MinGCClusterSize:5]]
[2020.05.22-15.31.18:405][  0]LogConfig: Setting CVar [[gc.ActorClusteringEnabled:0]]
[2020.05.22-15.31.18:405][  0]LogConfig: Setting CVar [[gc.BlueprintClusteringEnabled:0]]
[2020.05.22-15.31.18:405][  0]LogConfig: Setting CVar [[gc.UseDisregardForGCOnDedicatedServers:0]]
[2020.05.22-15.31.18:405][  0]LogConfig: Applying CVar settings from Section [/Script/Engine.NetworkSettings] File [C:/Users/Theo Leyenda/Desktop/TSDVJ_Unreal_Practica/Proyecto2_Leyenda/Saved/Config/Windows/Engine.ini]
[2020.05.22-15.31.18:405][  0]LogConfig: Applying CVar settings from Section [/Script/UnrealEd.CookerSettings] File [C:/Users/Theo Leyenda/Desktop/TSDVJ_Unreal_Practica/Proyecto2_Leyenda/Saved/Config/Windows/Engine.ini]
[2020.05.22-15.31.18:407][  0]LogConfig: Applying CVar settings from Section [ViewDistanceQuality@3] File [C:/Users/Theo Leyenda/Desktop/TSDVJ_Unreal_Practica/Proyecto2_Leyenda/Saved/Config/Windows/Scalability.ini]
[2020.05.22-15.31.18:407][  0]LogConfig: Setting CVar [[r.SkeletalMeshLODBias:0]]
[2020.05.22-15.31.18:407][  0]LogConfig: Setting CVar [[r.ViewDistanceScale:1.0]]
[2020.05.22-15.31.18:407][  0]LogConfig: Applying CVar settings from Section [AntiAliasingQuality@3] File [C:/Users/Theo Leyenda/Desktop/TSDVJ_Unreal_Practica/Proyecto2_Leyenda/Saved/Config/Windows/Scalability.ini]
[2020.05.22-15.31.18:407][  0]LogConfig: Setting CVar [[r.PostProcessAAQuality:4]]
[2020.05.22-15.31.18:407][  0]LogConfig: Applying CVar settings from Section [ShadowQuality@3] File [C:/Users/Theo Leyenda/Desktop/TSDVJ_Unreal_Practica/Proyecto2_Leyenda/Saved/Config/Windows/Scalability.ini]
[2020.05.22-15.31.18:407][  0]LogConfig: Setting CVar [[r.LightFunctionQuality:1]]
[2020.05.22-15.31.18:407][  0]LogConfig: Setting CVar [[r.ShadowQuality:5]]
[2020.05.22-15.31.18:407][  0]LogConfig: Setting CVar [[r.Shadow.CSM.MaxCascades:10]]
[2020.05.22-15.31.18:407][  0]LogConfig: Setting CVar [[r.Shadow.MaxResolution:2048]]
[2020.05.22-15.31.18:407][  0]LogConfig: Setting CVar [[r.Shadow.MaxCSMResolution:2048]]
[2020.05.22-15.31.18:407][  0]LogConfig: Setting CVar [[r.Shadow.RadiusThreshold:0.01]]
[2020.05.22-15.31.18:407][  0]LogConfig: Setting CVar [[r.Shadow.DistanceScale:1.0]]
[2020.05.22-15.31.18:407][  0]LogConfig: Setting CVar [[r.Shadow.CSM.TransitionScale:1.0]]
[2020.05.22-15.31.18:407][  0]LogConfig: Setting CVar [[r.Shadow.PreShadowResolutionFactor:1.0]]
[2020.05.22-15.31.18:407][  0]LogConfig: Setting CVar [[r.DistanceFieldShadowing:1]]
[2020.05.22-15.31.18:407][  0]LogConfig: Setting CVar [[r.DistanceFieldAO:1]]
[2020.05.22-15.31.18:407][  0]LogConfig: Setting CVar [[r.AOQuality:2]]
[2020.05.22-15.31.18:407][  0]LogConfig: Setting CVar [[r.VolumetricFog:1]]
[2020.05.22-15.31.18:407][  0]LogConfig: Setting CVar [[r.VolumetricFog.GridPixelSize:8]]
[2020.05.22-15.31.18:407][  0]LogConfig: Setting CVar [[r.VolumetricFog.GridSizeZ:128]]
[2020.05.22-15.31.18:407][  0]LogConfig: Setting CVar [[r.VolumetricFog.HistoryMissSupersampleCount:4]]
[2020.05.22-15.31.18:407][  0]LogConfig: Setting CVar [[r.LightMaxDrawDistanceScale:1]]
[2020.05.22-15.31.18:407][  0]LogConfig: Setting CVar [[r.CapsuleShadows:1]]
[2020.05.22-15.31.18:408][  0]LogConfig: Applying CVar settings from Section [PostProcessQuality@3] File [C:/Users/Theo Leyenda/Desktop/TSDVJ_Unreal_Practica/Proyecto2_Leyenda/Saved/Config/Windows/Scalability.ini]
[2020.05.22-15.31.18:408][  0]LogConfig: Setting CVar [[r.MotionBlurQuality:4]]
[2020.05.22-15.31.18:408][  0]LogConfig: Setting CVar [[r.AmbientOcclusionMipLevelFactor:0.4]]
[2020.05.22-15.31.18:408][  0]LogConfig: Setting CVar [[r.AmbientOcclusionMaxQuality:100]]
[2020.05.22-15.31.18:408][  0]LogConfig: Setting CVar [[r.AmbientOcclusionLevels:-1]]
[2020.05.22-15.31.18:408][  0]LogConfig: Setting CVar [[r.AmbientOcclusionRadiusScale:1.0]]
[2020.05.22-15.31.18:408][  0]LogConfig: Setting CVar [[r.DepthOfFieldQuality:2]]
[2020.05.22-15.31.18:408][  0]LogConfig: Setting CVar [[r.RenderTargetPoolMin:400]]
[2020.05.22-15.31.18:408][  0]LogConfig: Setting CVar [[r.LensFlareQuality:2]]
[2020.05.22-15.31.18:408][  0]LogConfig: Setting CVar [[r.SceneColorFringeQuality:1]]
[2020.05.22-15.31.18:408][  0]LogConfig: Setting CVar [[r.EyeAdaptationQuality:2]]
[2020.05.22-15.31.18:408][  0]LogConfig: Setting CVar [[r.BloomQuality:5]]
[2020.05.22-15.31.18:408][  0]LogConfig: Setting CVar [[r.FastBlurThreshold:100]]
[2020.05.22-15.31.18:408][  0]LogConfig: Setting CVar [[r.Upscale.Quality:3]]
[2020.05.22-15.31.18:408][  0]LogConfig: Setting CVar [[r.Tonemapper.GrainQuantization:1]]
[2020.05.22-15.31.18:408][  0]LogConfig: Setting CVar [[r.LightShaftQuality:1]]
[2020.05.22-15.31.18:408][  0]LogConfig: Setting CVar [[r.Filter.SizeScale:1]]
[2020.05.22-15.31.18:408][  0]LogConfig: Setting CVar [[r.Tonemapper.Quality:5]]
[2020.05.22-15.31.18:408][  0]LogConfig: Setting CVar [[r.DOF.Gather.AccumulatorQuality:1        ; higher gathering accumulator quality]]
[2020.05.22-15.31.18:408][  0]LogConfig: Setting CVar [[r.DOF.Gather.PostfilterMethod:1          ; Median3x3 postfilering method]]
[2020.05.22-15.31.18:408][  0]LogConfig: Setting CVar [[r.DOF.Gather.EnableBokehSettings:0       ; no bokeh simulation when gathering]]
[2020.05.22-15.31.18:408][  0]LogConfig: Setting CVar [[r.DOF.Gather.RingCount:4                 ; medium number of samples when gathering]]
[2020.05.22-15.31.18:408][  0]LogConfig: Setting CVar [[r.DOF.Scatter.ForegroundCompositing:1    ; additive foreground scattering]]
[2020.05.22-15.31.18:408][  0]LogConfig: Setting CVar [[r.DOF.Scatter.BackgroundCompositing:2    ; additive background scattering]]
[2020.05.22-15.31.18:408][  0]LogConfig: Setting CVar [[r.DOF.Scatter.EnableBokehSettings:1      ; bokeh simulation when scattering]]
[2020.05.22-15.31.18:408][  0]LogConfig: Setting CVar [[r.DOF.Scatter.MaxSpriteRatio:0.1         ; only a maximum of 10% of scattered bokeh]]
[2020.05.22-15.31.18:408][  0]LogConfig: Setting CVar [[r.DOF.Recombine.Quality:1                ; cheap slight out of focus]]
[2020.05.22-15.31.18:408][  0]LogConfig: Setting CVar [[r.DOF.Recombine.EnableBokehSettings:0    ; no bokeh simulation on slight out of focus]]
[2020.05.22-15.31.18:408][  0]LogConfig: Setting CVar [[r.DOF.TemporalAAQuality:1                ; more stable temporal accumulation]]
[2020.05.22-15.31.18:408][  0]LogConfig: Setting CVar [[r.DOF.Kernel.MaxForegroundRadius:0.025]]
[2020.05.22-15.31.18:408][  0]LogConfig: Setting CVar [[r.DOF.Kernel.MaxBackgroundRadius:0.025]]
[2020.05.22-15.31.18:408][  0]LogConfig: Applying CVar settings from Section [TextureQuality@3] File [C:/Users/Theo Leyenda/Desktop/TSDVJ_Unreal_Practica/Proyecto2_Leyenda/Saved/Config/Windows/Scalability.ini]
[2020.05.22-15.31.18:408][  0]LogConfig: Setting CVar [[r.Streaming.MipBias:0]]
[2020.05.22-15.31.18:408][  0]LogConfig: Setting CVar [[r.Streaming.AmortizeCPUToGPUCopy:0]]
[2020.05.22-15.31.18:408][  0]LogConfig: Setting CVar [[r.Streaming.MaxNumTexturesToStreamPerFrame:0]]
[2020.05.22-15.31.18:408][  0]LogConfig: Setting CVar [[r.Streaming.Boost:1]]
[2020.05.22-15.31.18:408][  0]LogConfig: Setting CVar [[r.MaxAnisotropy:8]]
[2020.05.22-15.31.18:408][  0]LogConfig: Setting CVar [[r.VT.MaxAnisotropy:8]]
[2020.05.22-15.31.18:408][  0]LogConfig: Setting CVar [[r.Streaming.LimitPoolSizeToVRAM:0]]
[2020.05.22-15.31.18:408][  0]LogConfig: Setting CVar [[r.Streaming.PoolSize:1000]]
[2020.05.22-15.31.18:408][  0]LogConfig: Setting CVar [[r.Streaming.MaxEffectiveScreenSize:0]]
[2020.05.22-15.31.18:408][  0]LogConfig: Applying CVar settings from Section [EffectsQuality@3] File [C:/Users/Theo Leyenda/Desktop/TSDVJ_Unreal_Practica/Proyecto2_Leyenda/Saved/Config/Windows/Scalability.ini]
[2020.05.22-15.31.18:408][  0]LogConfig: Setting CVar [[r.TranslucencyLightingVolumeDim:64]]
[2020.05.22-15.31.18:408][  0]LogConfig: Setting CVar [[r.RefractionQuality:2]]
[2020.05.22-15.31.18:408][  0]LogConfig: Setting CVar [[r.SSR.Quality:3]]
[2020.05.22-15.31.18:408][  0]LogConfig: Setting CVar [[r.SSR.HalfResSceneColor:0]]
[2020.05.22-15.31.18:408][  0]LogConfig: Setting CVar [[r.SceneColorFormat:4]]
[2020.05.22-15.31.18:408][  0]LogConfig: Setting CVar [[r.DetailMode:2]]
[2020.05.22-15.31.18:408][  0]LogConfig: Setting CVar [[r.TranslucencyVolumeBlur:1]]
[2020.05.22-15.31.18:408][  0]LogConfig: Setting CVar [[r.MaterialQualityLevel:1 ; High quality]]
[2020.05.22-15.31.18:408][  0]LogConfig: Setting CVar [[r.SSS.Scale:1]]
[2020.05.22-15.31.18:408][  0]LogConfig: Setting CVar [[r.SSS.SampleSet:2]]
[2020.05.22-15.31.18:408][  0]LogConfig: Setting CVar [[r.SSS.Quality:1]]
[2020.05.22-15.31.18:408][  0]LogConfig: Setting CVar [[r.SSS.HalfRes:1]]
[2020.05.22-15.31.18:408][  0]LogConfig: Setting CVar [[r.SSGI.Quality:3]]
[2020.05.22-15.31.18:408][  0]LogConfig: Setting CVar [[r.EmitterSpawnRateScale:1.0]]
[2020.05.22-15.31.18:408][  0]LogConfig: Setting CVar [[r.ParticleLightQuality:2]]
[2020.05.22-15.31.18:408][  0]LogConfig: Setting CVar [[r.SkyAtmosphere.AerialPerspectiveLUT.FastApplyOnOpaque:1 ; Always have FastSkyLUT 1 in this case to avoid wrong sky]]
[2020.05.22-15.31.18:408][  0]LogConfig: Setting CVar [[r.SkyAtmosphere.AerialPerspectiveLUT.SampleCountPerSlice:1]]
[2020.05.22-15.31.18:408][  0]LogConfig: Setting CVar [[r.SkyAtmosphere.AerialPerspectiveLUT.DepthResolution:16.0]]
[2020.05.22-15.31.18:408][  0]LogConfig: Setting CVar [[r.SkyAtmosphere.FastSkyLUT:1]]
[2020.05.22-15.31.18:408][  0]LogConfig: Setting CVar [[r.SkyAtmosphere.FastSkyLUT.SampleCountMin:4.0]]
[2020.05.22-15.31.18:408][  0]LogConfig: Setting CVar [[r.SkyAtmosphere.FastSkyLUT.SampleCountMax:32.0]]
[2020.05.22-15.31.18:408][  0]LogConfig: Setting CVar [[r.SkyAtmosphere.SampleCountMin:4.0]]
[2020.05.22-15.31.18:408][  0]LogConfig: Setting CVar [[r.SkyAtmosphere.SampleCountMax:32.0]]
[2020.05.22-15.31.18:408][  0]LogConfig: Setting CVar [[r.SkyAtmosphere.TransmittanceLUT.UseSmallFormat:0]]
[2020.05.22-15.31.18:408][  0]LogConfig: Setting CVar [[r.SkyAtmosphere.TransmittanceLUT.SampleCount:10.0]]
[2020.05.22-15.31.18:408][  0]LogConfig: Setting CVar [[r.SkyAtmosphere.MultiScatteringLUT.SampleCount:15.0]]
[2020.05.22-15.31.18:408][  0]LogConfig: Applying CVar settings from Section [FoliageQuality@3] File [C:/Users/Theo Leyenda/Desktop/TSDVJ_Unreal_Practica/Proyecto2_Leyenda/Saved/Config/Windows/Scalability.ini]
[2020.05.22-15.31.18:408][  0]LogConfig: Setting CVar [[foliage.DensityScale:1.0]]
[2020.05.22-15.31.18:408][  0]LogConfig: Setting CVar [[grass.DensityScale:1.0]]
[2020.05.22-15.31.18:408][  0]LogConfig: Applying CVar settings from Section [ShadingQuality@3] File [C:/Users/Theo Leyenda/Desktop/TSDVJ_Unreal_Practica/Proyecto2_Leyenda/Saved/Config/Windows/Scalability.ini]
[2020.05.22-15.31.18:408][  0]LogConfig: Setting CVar [[r.HairStrands.SkyLighting.SampleCount:16]]
[2020.05.22-15.31.18:408][  0]LogConfig: Setting CVar [[r.HairStrands.SkyLighting.JitterIntegration:0]]
[2020.05.22-15.31.18:408][  0]LogConfig: Setting CVar [[r.HairStrands.SkyAO.SampleCount:16]]
[2020.05.22-15.31.18:409][  0]LogInit: Selected Device Profile: [Windows]
[2020.05.22-15.31.18:409][  0]LogInit: Applying CVar settings loaded from the selected device profile: [Windows]
[2020.05.22-15.31.18:456][  0]LogHAL: Display: Platform has ~ 8 GB [8471281664 / 8589934592 / 8], which maps to Default [LargestMinGB=32, LargerMinGB=12, DefaultMinGB=8, SmallerMinGB=6, SmallestMinGB=0)
[2020.05.22-15.31.18:456][  0]LogInit: Going up to parent DeviceProfile []
[2020.05.22-15.31.18:456][  0]LogConfig: Applying CVar settings from Section [ViewDistanceQuality@3] File [C:/Users/Theo Leyenda/Desktop/TSDVJ_Unreal_Practica/Proyecto2_Leyenda/Saved/Config/Windows/Scalability.ini]
[2020.05.22-15.31.18:456][  0]LogConfig: Setting CVar [[r.SkeletalMeshLODBias:0]]
[2020.05.22-15.31.18:456][  0]LogConfig: Setting CVar [[r.ViewDistanceScale:1.0]]
[2020.05.22-15.31.18:456][  0]LogConfig: Applying CVar settings from Section [AntiAliasingQuality@3] File [C:/Users/Theo Leyenda/Desktop/TSDVJ_Unreal_Practica/Proyecto2_Leyenda/Saved/Config/Windows/Scalability.ini]
[2020.05.22-15.31.18:456][  0]LogConfig: Setting CVar [[r.PostProcessAAQuality:4]]
[2020.05.22-15.31.18:456][  0]LogConfig: Applying CVar settings from Section [ShadowQuality@3] File [C:/Users/Theo Leyenda/Desktop/TSDVJ_Unreal_Practica/Proyecto2_Leyenda/Saved/Config/Windows/Scalability.ini]
[2020.05.22-15.31.18:456][  0]LogConfig: Setting CVar [[r.LightFunctionQuality:1]]
[2020.05.22-15.31.18:456][  0]LogConfig: Setting CVar [[r.ShadowQuality:5]]
[2020.05.22-15.31.18:456][  0]LogConfig: Setting CVar [[r.Shadow.CSM.MaxCascades:10]]
[2020.05.22-15.31.18:456][  0]LogConfig: Setting CVar [[r.Shadow.MaxResolution:2048]]
[2020.05.22-15.31.18:456][  0]LogConfig: Setting CVar [[r.Shadow.MaxCSMResolution:2048]]
[2020.05.22-15.31.18:456][  0]LogConfig: Setting CVar [[r.Shadow.RadiusThreshold:0.01]]
[2020.05.22-15.31.18:456][  0]LogConfig: Setting CVar [[r.Shadow.DistanceScale:1.0]]
[2020.05.22-15.31.18:456][  0]LogConfig: Setting CVar [[r.Shadow.CSM.TransitionScale:1.0]]
[2020.05.22-15.31.18:456][  0]LogConfig: Setting CVar [[r.Shadow.PreShadowResolutionFactor:1.0]]
[2020.05.22-15.31.18:456][  0]LogConfig: Setting CVar [[r.DistanceFieldShadowing:1]]
[2020.05.22-15.31.18:456][  0]LogConfig: Setting CVar [[r.DistanceFieldAO:1]]
[2020.05.22-15.31.18:456][  0]LogConfig: Setting CVar [[r.AOQuality:2]]
[2020.05.22-15.31.18:457][  0]LogConfig: Setting CVar [[r.VolumetricFog:1]]
[2020.05.22-15.31.18:457][  0]LogConfig: Setting CVar [[r.VolumetricFog.GridPixelSize:8]]
[2020.05.22-15.31.18:457][  0]LogConfig: Setting CVar [[r.VolumetricFog.GridSizeZ:128]]
[2020.05.22-15.31.18:457][  0]LogConfig: Setting CVar [[r.VolumetricFog.HistoryMissSupersampleCount:4]]
[2020.05.22-15.31.18:457][  0]LogConfig: Setting CVar [[r.LightMaxDrawDistanceScale:1]]
[2020.05.22-15.31.18:457][  0]LogConfig: Setting CVar [[r.CapsuleShadows:1]]
[2020.05.22-15.31.18:457][  0]LogConfig: Applying CVar settings from Section [PostProcessQuality@3] File [C:/Users/Theo Leyenda/Desktop/TSDVJ_Unreal_Practica/Proyecto2_Leyenda/Saved/Config/Windows/Scalability.ini]
[2020.05.22-15.31.18:457][  0]LogConfig: Setting CVar [[r.MotionBlurQuality:4]]
[2020.05.22-15.31.18:457][  0]LogConfig: Setting CVar [[r.AmbientOcclusionMipLevelFactor:0.4]]
[2020.05.22-15.31.18:457][  0]LogConfig: Setting CVar [[r.AmbientOcclusionMaxQuality:100]]
[2020.05.22-15.31.18:457][  0]LogConfig: Setting CVar [[r.AmbientOcclusionLevels:-1]]
[2020.05.22-15.31.18:457][  0]LogConfig: Setting CVar [[r.AmbientOcclusionRadiusScale:1.0]]
[2020.05.22-15.31.18:457][  0]LogConfig: Setting CVar [[r.DepthOfFieldQuality:2]]
[2020.05.22-15.31.18:457][  0]LogConfig: Setting CVar [[r.RenderTargetPoolMin:400]]
[2020.05.22-15.31.18:457][  0]LogConfig: Setting CVar [[r.LensFlareQuality:2]]
[2020.05.22-15.31.18:457][  0]LogConfig: Setting CVar [[r.SceneColorFringeQuality:1]]
[2020.05.22-15.31.18:457][  0]LogConfig: Setting CVar [[r.EyeAdaptationQuality:2]]
[2020.05.22-15.31.18:457][  0]LogConfig: Setting CVar [[r.BloomQuality:5]]
[2020.05.22-15.31.18:457][  0]LogConfig: Setting CVar [[r.FastBlurThreshold:100]]
[2020.05.22-15.31.18:457][  0]LogConfig: Setting CVar [[r.Upscale.Quality:3]]
[2020.05.22-15.31.18:457][  0]LogConfig: Setting CVar [[r.Tonemapper.GrainQuantization:1]]
[2020.05.22-15.31.18:457][  0]LogConfig: Setting CVar [[r.LightShaftQuality:1]]
[2020.05.22-15.31.18:457][  0]LogConfig: Setting CVar [[r.Filter.SizeScale:1]]
[2020.05.22-15.31.18:457][  0]LogConfig: Setting CVar [[r.Tonemapper.Quality:5]]
[2020.05.22-15.31.18:457][  0]LogConfig: Setting CVar [[r.DOF.Gather.AccumulatorQuality:1        ; higher gathering accumulator quality]]
[2020.05.22-15.31.18:457][  0]LogConfig: Setting CVar [[r.DOF.Gather.PostfilterMethod:1          ; Median3x3 postfilering method]]
[2020.05.22-15.31.18:457][  0]LogConfig: Setting CVar [[r.DOF.Gather.EnableBokehSettings:0       ; no bokeh simulation when gathering]]
[2020.05.22-15.31.18:457][  0]LogConfig: Setting CVar [[r.DOF.Gather.RingCount:4                 ; medium number of samples when gathering]]
[2020.05.22-15.31.18:457][  0]LogConfig: Setting CVar [[r.DOF.Scatter.ForegroundCompositing:1    ; additive foreground scattering]]
[2020.05.22-15.31.18:457][  0]LogConfig: Setting CVar [[r.DOF.Scatter.BackgroundCompositing:2    ; additive background scattering]]
[2020.05.22-15.31.18:457][  0]LogConfig: Setting CVar [[r.DOF.Scatter.EnableBokehSettings:1      ; bokeh simulation when scattering]]
[2020.05.22-15.31.18:457][  0]LogConfig: Setting CVar [[r.DOF.Scatter.MaxSpriteRatio:0.1         ; only a maximum of 10% of scattered bokeh]]
[2020.05.22-15.31.18:457][  0]LogConfig: Setting CVar [[r.DOF.Recombine.Quality:1                ; cheap slight out of focus]]
[2020.05.22-15.31.18:457][  0]LogConfig: Setting CVar [[r.DOF.Recombine.EnableBokehSettings:0    ; no bokeh simulation on slight out of focus]]
[2020.05.22-15.31.18:457][  0]LogConfig: Setting CVar [[r.DOF.TemporalAAQuality:1                ; more stable temporal accumulation]]
[2020.05.22-15.31.18:457][  0]LogConfig: Setting CVar [[r.DOF.Kernel.MaxForegroundRadius:0.025]]
[2020.05.22-15.31.18:457][  0]LogConfig: Setting CVar [[r.DOF.Kernel.MaxBackgroundRadius:0.025]]
[2020.05.22-15.31.18:457][  0]LogConfig: Applying CVar settings from Section [TextureQuality@3] File [C:/Users/Theo Leyenda/Desktop/TSDVJ_Unreal_Practica/Proyecto2_Leyenda/Saved/Config/Windows/Scalability.ini]
[2020.05.22-15.31.18:457][  0]LogConfig: Setting CVar [[r.Streaming.MipBias:0]]
[2020.05.22-15.31.18:457][  0]LogConfig: Setting CVar [[r.Streaming.AmortizeCPUToGPUCopy:0]]
[2020.05.22-15.31.18:457][  0]LogConfig: Setting CVar [[r.Streaming.MaxNumTexturesToStreamPerFrame:0]]
[2020.05.22-15.31.18:457][  0]LogConfig: Setting CVar [[r.Streaming.Boost:1]]
[2020.05.22-15.31.18:457][  0]LogConfig: Setting CVar [[r.MaxAnisotropy:8]]
[2020.05.22-15.31.18:457][  0]LogConfig: Setting CVar [[r.VT.MaxAnisotropy:8]]
[2020.05.22-15.31.18:457][  0]LogConfig: Setting CVar [[r.Streaming.LimitPoolSizeToVRAM:0]]
[2020.05.22-15.31.18:457][  0]LogConfig: Setting CVar [[r.Streaming.PoolSize:1000]]
[2020.05.22-15.31.18:457][  0]LogConfig: Setting CVar [[r.Streaming.MaxEffectiveScreenSize:0]]
[2020.05.22-15.31.18:457][  0]LogConfig: Applying CVar settings from Section [EffectsQuality@3] File [C:/Users/Theo Leyenda/Desktop/TSDVJ_Unreal_Practica/Proyecto2_Leyenda/Saved/Config/Windows/Scalability.ini]
[2020.05.22-15.31.18:457][  0]LogConfig: Setting CVar [[r.TranslucencyLightingVolumeDim:64]]
[2020.05.22-15.31.18:457][  0]LogConfig: Setting CVar [[r.RefractionQuality:2]]
[2020.05.22-15.31.18:457][  0]LogConfig: Setting CVar [[r.SSR.Quality:3]]
[2020.05.22-15.31.18:457][  0]LogConfig: Setting CVar [[r.SSR.HalfResSceneColor:0]]
[2020.05.22-15.31.18:457][  0]LogConfig: Setting CVar [[r.SceneColorFormat:4]]
[2020.05.22-15.31.18:457][  0]LogConfig: Setting CVar [[r.DetailMode:2]]
[2020.05.22-15.31.18:457][  0]LogConfig: Setting CVar [[r.TranslucencyVolumeBlur:1]]
[2020.05.22-15.31.18:458][  0]LogConfig: Setting CVar [[r.MaterialQualityLevel:1 ; High quality]]
[2020.05.22-15.31.18:458][  0]LogConfig: Setting CVar [[r.SSS.Scale:1]]
[2020.05.22-15.31.18:458][  0]LogConfig: Setting CVar [[r.SSS.SampleSet:2]]
[2020.05.22-15.31.18:458][  0]LogConfig: Setting CVar [[r.SSS.Quality:1]]
[2020.05.22-15.31.18:458][  0]LogConfig: Setting CVar [[r.SSS.HalfRes:1]]
[2020.05.22-15.31.18:458][  0]LogConfig: Setting CVar [[r.SSGI.Quality:3]]
[2020.05.22-15.31.18:458][  0]LogConfig: Setting CVar [[r.EmitterSpawnRateScale:1.0]]
[2020.05.22-15.31.18:458][  0]LogConfig: Setting CVar [[r.ParticleLightQuality:2]]
[2020.05.22-15.31.18:458][  0]LogConfig: Setting CVar [[r.SkyAtmosphere.AerialPerspectiveLUT.FastApplyOnOpaque:1 ; Always have FastSkyLUT 1 in this case to avoid wrong sky]]
[2020.05.22-15.31.18:458][  0]LogConfig: Setting CVar [[r.SkyAtmosphere.AerialPerspectiveLUT.SampleCountPerSlice:1]]
[2020.05.22-15.31.18:458][  0]LogConfig: Setting CVar [[r.SkyAtmosphere.AerialPerspectiveLUT.DepthResolution:16.0]]
[2020.05.22-15.31.18:458][  0]LogConfig: Setting CVar [[r.SkyAtmosphere.FastSkyLUT:1]]
[2020.05.22-15.31.18:458][  0]LogConfig: Setting CVar [[r.SkyAtmosphere.FastSkyLUT.SampleCountMin:4.0]]
[2020.05.22-15.31.18:458][  0]LogConfig: Setting CVar [[r.SkyAtmosphere.FastSkyLUT.SampleCountMax:32.0]]
[2020.05.22-15.31.18:458][  0]LogConfig: Setting CVar [[r.SkyAtmosphere.SampleCountMin:4.0]]
[2020.05.22-15.31.18:458][  0]LogConfig: Setting CVar [[r.SkyAtmosphere.SampleCountMax:32.0]]
[2020.05.22-15.31.18:458][  0]LogConfig: Setting CVar [[r.SkyAtmosphere.TransmittanceLUT.UseSmallFormat:0]]
[2020.05.22-15.31.18:458][  0]LogConfig: Setting CVar [[r.SkyAtmosphere.TransmittanceLUT.SampleCount:10.0]]
[2020.05.22-15.31.18:458][  0]LogConfig: Setting CVar [[r.SkyAtmosphere.MultiScatteringLUT.SampleCount:15.0]]
[2020.05.22-15.31.18:458][  0]LogConfig: Applying CVar settings from Section [FoliageQuality@3] File [C:/Users/Theo Leyenda/Desktop/TSDVJ_Unreal_Practica/Proyecto2_Leyenda/Saved/Config/Windows/Scalability.ini]
[2020.05.22-15.31.18:458][  0]LogConfig: Setting CVar [[foliage.DensityScale:1.0]]
[2020.05.22-15.31.18:458][  0]LogConfig: Setting CVar [[grass.DensityScale:1.0]]
[2020.05.22-15.31.18:458][  0]LogConfig: Applying CVar settings from Section [ShadingQuality@3] File [C:/Users/Theo Leyenda/Desktop/TSDVJ_Unreal_Practica/Proyecto2_Leyenda/Saved/Config/Windows/Scalability.ini]
[2020.05.22-15.31.18:458][  0]LogConfig: Setting CVar [[r.HairStrands.SkyLighting.SampleCount:16]]
[2020.05.22-15.31.18:458][  0]LogConfig: Setting CVar [[r.HairStrands.SkyLighting.JitterIntegration:0]]
[2020.05.22-15.31.18:458][  0]LogConfig: Setting CVar [[r.HairStrands.SkyAO.SampleCount:16]]
[2020.05.22-15.31.18:458][  0]LogConfig: Applying CVar settings from Section [Startup] File [../../../Engine/Config/ConsoleVariables.ini]
[2020.05.22-15.31.18:478][  0]LogConfig: Setting CVar [[net.UseAdaptiveNetUpdateFrequency:0]]
[2020.05.22-15.31.18:478][  0]LogConfig: Setting CVar [[p.chaos.AllowCreatePhysxBodies:1]]
[2020.05.22-15.31.18:478][  0]LogConfig: Applying CVar settings from Section [ConsoleVariables] File [C:/Users/Theo Leyenda/Desktop/TSDVJ_Unreal_Practica/Proyecto2_Leyenda/Saved/Config/Windows/Engine.ini]
[2020.05.22-15.31.18:519][  0]LogInit: Computer: DESKTOP-5I6CBRE
[2020.05.22-15.31.18:519][  0]LogInit: User: TheoLeyenda
[2020.05.22-15.31.18:519][  0]LogInit: CPU Page size=4096, Cores=2
[2020.05.22-15.31.18:519][  0]LogInit: High frequency timer resolution =10.000000 MHz
[2020.05.22-15.31.18:519][  0]LogMemory: Memory total: Physical=7.9GB (8GB approx)
[2020.05.22-15.31.18:519][  0]LogMemory: Platform Memory Stats for Windows
[2020.05.22-15.31.18:519][  0]LogMemory: Process Physical Memory: 104.73 MB used, 104.73 MB peak
[2020.05.22-15.31.18:519][  0]LogMemory: Process Virtual Memory: 99.39 MB used, 99.39 MB peak
[2020.05.22-15.31.18:519][  0]LogMemory: Physical Memory: 4044.71 MB used,  4034.13 MB free, 8078.84 MB total
[2020.05.22-15.31.18:520][  0]LogMemory: Virtual Memory: 5132.19 MB used,  134212592.00 MB free, 134217728.00 MB total
[2020.05.22-15.31.18:546][  0]LogWindows: WindowsPlatformFeatures enabled
[2020.05.22-15.31.21:207][  0]LogInit: Using OS detected language (es-ES).
[2020.05.22-15.31.21:208][  0]LogInit: Using OS detected locale (es-AR).
[2020.05.22-15.31.21:500][  0]LogTextLocalizationManager: No specific localization for 'es-ES' exists, so the 'es' localization will be used.
[2020.05.22-15.31.22:766][  0]LogInit: Setting process to per monitor DPI aware
[2020.05.22-15.31.23:717][  0]LogSlate: New Slate User Created.  User Index 0, Is Virtual User: 0
[2020.05.22-15.31.23:717][  0]LogSlate: Slate User Registered.  User Index 0, Is Virtual User: 0
[2020.05.22-15.31.38:016][  0]LogHMD: Failed to initialize OpenVR with code 110
[2020.05.22-15.31.38:016][  0]LogD3D11RHI: D3D11 min allowed feature level: 11_0
[2020.05.22-15.31.38:017][  0]LogD3D11RHI: D3D11 max allowed feature level: 11_0
[2020.05.22-15.31.38:017][  0]LogD3D11RHI: D3D11 adapters:
[2020.05.22-15.31.40:957][  0]LogD3D11RHI:    0. 'NVIDIA GeForce 940MX' (Feature Level 11_0)
[2020.05.22-15.31.40:957][  0]LogD3D11RHI:       2020/0/4039 MB DedicatedVideo/DedicatedSystem/SharedSystem, Outputs:1, VendorId:0x10de
[2020.05.22-15.31.40:982][  0]LogD3D11RHI:    1. 'Intel(R) HD Graphics 620' (Feature Level 11_0)
[2020.05.22-15.31.40:982][  0]LogD3D11RHI:       128/0/4039 MB DedicatedVideo/DedicatedSystem/SharedSystem, Outputs:0, VendorId:0x8086
[2020.05.22-15.31.40:986][  0]LogD3D11RHI:    2. 'Microsoft Basic Render Driver' (Feature Level 11_0)
[2020.05.22-15.31.40:986][  0]LogD3D11RHI:       0/0/4039 MB DedicatedVideo/DedicatedSystem/SharedSystem, Outputs:0, VendorId:0x1414
[2020.05.22-15.31.40:986][  0]LogD3D11RHI: Chosen D3D11 Adapter: 0
[2020.05.22-15.31.41:026][  0]LogD3D11RHI: Creating new Direct3DDevice
[2020.05.22-15.31.41:026][  0]LogD3D11RHI:     GPU DeviceId: 0x134d (for the marketing name, search the web for "GPU Device Id")
[2020.05.22-15.31.41:026][  0]LogWindows: EnumDisplayDevices:
[2020.05.22-15.31.41:026][  0]LogWindows:    0. 'Intel(R) HD Graphics 620' (P:1 D:1)
[2020.05.22-15.31.41:027][  0]LogWindows:    1. 'Intel(R) HD Graphics 620' (P:0 D:0)
[2020.05.22-15.31.41:027][  0]LogWindows:    2. 'Intel(R) HD Graphics 620' (P:0 D:0)
[2020.05.22-15.31.41:027][  0]LogWindows: DebugString: PrimaryIsNotTheChoosenAdapter PrimaryIsNotTheChoosenAdapter PrimaryIsNotTheChoosenAdapter FoundDriverCount:0 
[2020.05.22-15.31.41:027][  0]LogD3D11RHI:     Adapter Name: NVIDIA GeForce 940MX
[2020.05.22-15.31.41:027][  0]LogD3D11RHI:   Driver Version: Unknown (internal:Unknown, unified:Unknown)
[2020.05.22-15.31.41:027][  0]LogD3D11RHI:      Driver Date: Unknown
[2020.05.22-15.31.41:027][  0]LogRHI: Texture pool is 1414 MB (70% of 2020 MB)
[2020.05.22-15.31.41:106][  0]LogD3D11RHI: RHI has support for 64 bit atomics
[2020.05.22-15.31.41:107][  0]LogD3D11RHI: Async texture creation enabled
[2020.05.22-15.31.41:127][  0]LogD3D11RHI: GPU Timing Frequency: 1000.000000 (Debug: 2 2)
[2020.05.22-15.31.42:228][  0]LogTargetPlatformManager: Display: Loaded TargetPlatform 'AllDesktop'
[2020.05.22-15.31.42:466][  0]LogTargetPlatformManager: Display: Loaded TargetPlatform 'Android'
[2020.05.22-15.31.42:466][  0]LogTargetPlatformManager: Display: Loaded TargetPlatform 'Android_ASTC'
[2020.05.22-15.31.42:466][  0]LogTargetPlatformManager: Display: Loaded TargetPlatform 'Android_ATC'
[2020.05.22-15.31.42:466][  0]LogTargetPlatformManager: Display: Loaded TargetPlatform 'Android_DXT'
[2020.05.22-15.31.42:466][  0]LogTargetPlatformManager: Display: Loaded TargetPlatform 'Android_ETC1'
[2020.05.22-15.31.42:466][  0]LogTargetPlatformManager: Display: Loaded TargetPlatform 'Android_ETC1a'
[2020.05.22-15.31.42:467][  0]LogTargetPlatformManager: Display: Loaded TargetPlatform 'Android_ETC2'
[2020.05.22-15.31.42:467][  0]LogTargetPlatformManager: Display: Loaded TargetPlatform 'Android_PVRTC'
[2020.05.22-15.31.42:467][  0]LogTargetPlatformManager: Display: Loaded TargetPlatform 'AndroidClient'
[2020.05.22-15.31.42:467][  0]LogTargetPlatformManager: Display: Loaded TargetPlatform 'Android_ASTCClient'
[2020.05.22-15.31.42:467][  0]LogTargetPlatformManager: Display: Loaded TargetPlatform 'Android_ATCClient'
[2020.05.22-15.31.42:467][  0]LogTargetPlatformManager: Display: Loaded TargetPlatform 'Android_DXTClient'
[2020.05.22-15.31.42:467][  0]LogTargetPlatformManager: Display: Loaded TargetPlatform 'Android_ETC1Client'
[2020.05.22-15.31.42:467][  0]LogTargetPlatformManager: Display: Loaded TargetPlatform 'Android_ETC1aClient'
[2020.05.22-15.31.42:467][  0]LogTargetPlatformManager: Display: Loaded TargetPlatform 'Android_ETC2Client'
[2020.05.22-15.31.42:467][  0]LogTargetPlatformManager: Display: Loaded TargetPlatform 'Android_PVRTCClient'
[2020.05.22-15.31.42:467][  0]LogTargetPlatformManager: Display: Loaded TargetPlatform 'Android_Multi'
[2020.05.22-15.31.42:467][  0]LogTargetPlatformManager: Display: Loaded TargetPlatform 'Android_MultiClient'
[2020.05.22-15.31.42:813][  0]LogTargetPlatformManager: Display: Loaded TargetPlatform 'IOSClient'
[2020.05.22-15.31.42:813][  0]LogTargetPlatformManager: Display: Loaded TargetPlatform 'IOS'
[2020.05.22-15.31.42:932][  0]LogTargetPlatformManager: Display: Loaded TargetPlatform 'LinuxNoEditor'
[2020.05.22-15.31.43:011][  0]LogTargetPlatformManager: Display: Loaded TargetPlatform 'LinuxClient'
[2020.05.22-15.31.43:133][  0]LogTargetPlatformManager: Display: Loaded TargetPlatform 'LinuxServer'
[2020.05.22-15.31.43:189][  0]LogTargetPlatformManager: Display: Loaded TargetPlatform 'LinuxAArch64NoEditor'
[2020.05.22-15.31.43:227][  0]LogTargetPlatformManager: Display: Loaded TargetPlatform 'LinuxAArch64Client'
[2020.05.22-15.31.43:403][  0]LogTargetPlatformManager: Display: Loaded TargetPlatform 'LinuxAArch64Server'
[2020.05.22-15.31.43:648][  0]LogTargetPlatformManager: Display: Loaded TargetPlatform 'Lumin'
[2020.05.22-15.31.43:648][  0]LogTargetPlatformManager: Display: Loaded TargetPlatform 'LuminClient'
[2020.05.22-15.31.43:753][  0]LogTargetPlatformManager: Display: Loaded TargetPlatform 'TVOSClient'
[2020.05.22-15.31.43:754][  0]LogTargetPlatformManager: Display: Loaded TargetPlatform 'TVOS'
[2020.05.22-15.31.43:953][  0]LogTargetPlatformManager: Display: Loaded TargetPlatform 'WindowsNoEditor'
[2020.05.22-15.31.44:098][  0]LogTargetPlatformManager: Display: Loaded TargetPlatform 'Windows'
[2020.05.22-15.31.44:172][  0]LogTargetPlatformManager: Display: Loaded TargetPlatform 'WindowsClient'
[2020.05.22-15.31.44:292][  0]LogTargetPlatformManager: Display: Loaded TargetPlatform 'WindowsServer'
[2020.05.22-15.31.44:292][  0]LogTargetPlatformManager: Display: Building Assets For Windows
[2020.05.22-15.31.44:898][  0]LogAudioDebug: Display: Lib vorbis DLL was dynamically loaded.
[2020.05.22-15.31.47:886][  0]LogShaderCompilers: Guid format shader working directory is -32 characters bigger than the processId version (../../../../../../Users/Theo Leyenda/Desktop/TSDVJ_Unreal_Practica/Proyecto2_Leyenda/Intermediate/Shaders/WorkingDirectory/11076/).
[2020.05.22-15.31.47:886][  0]LogShaderCompilers: Cleaned the shader compiler working directory 'C:/Users/Theo Leyenda/AppData/Local/Temp/UnrealShaderWorkingDir/72C6ADF84843CCE9D642BB8D2C927AD3/'.
[2020.05.22-15.31.47:887][  0]LogXGEController: Cleaning working directory: C:/Users/Theo Leyenda/AppData/Local/Temp/UnrealXGEWorkingDir/
[2020.05.22-15.31.47:887][  0]LogXGEController: Cannot use XGE Controller as Incredibuild is not installed on this machine.
[2020.05.22-15.31.47:887][  0]LogShaderCompilers: Cannot use XGE Shader Compiler as Incredibuild is not installed on this machine.
[2020.05.22-15.31.47:888][  0]LogShaderCompilers: Display: Using Local Shader Compiler.
[2020.05.22-15.32.35:550][  0]LogDerivedDataCache: Display: Max Cache Size: 512 MB
[2020.05.22-15.32.36:824][  0]LogDerivedDataCache: Loaded boot cache 1.27s 85MB C:/Users/Theo Leyenda/AppData/Local/UnrealEngine/4.24/DerivedDataCache/Boot.ddc.
[2020.05.22-15.32.36:824][  0]LogDerivedDataCache: Display: Loaded Boot cache: C:/Users/Theo Leyenda/AppData/Local/UnrealEngine/4.24/DerivedDataCache/Boot.ddc
[2020.05.22-15.32.36:824][  0]LogDerivedDataCache: FDerivedDataBackendGraph:  Pak pak cache file ../../../../../../Users/Theo Leyenda/Desktop/TSDVJ_Unreal_Practica/Proyecto2_Leyenda/DerivedDataCache/DDC.ddp not found, will not use a pak cache.
[2020.05.22-15.32.36:824][  0]LogDerivedDataCache: Unable to find inner node Pak for hierarchical cache Hierarchy.
[2020.05.22-15.32.36:824][  0]LogDerivedDataCache: FDerivedDataBackendGraph:  CompressedPak pak cache file ../../../../../../Users/Theo Leyenda/Desktop/TSDVJ_Unreal_Practica/Proyecto2_Leyenda/DerivedDataCache/Compressed.ddp not found, will not use a pak cache.
[2020.05.22-15.32.36:824][  0]LogDerivedDataCache: Unable to find inner node CompressedPak for hierarchical cache Hierarchy.
[2020.05.22-15.32.37:249][  0]LogDerivedDataCache: Display: Pak cache opened for reading ../../../Engine/DerivedDataCache/Compressed.ddp.
[2020.05.22-15.32.37:249][  0]LogDerivedDataCache: FDerivedDataBackendGraph:  EnterprisePak pak cache file ../../../Enterprise/DerivedDataCache/Compressed.ddp not found, will not use a pak cache.
[2020.05.22-15.32.37:249][  0]LogDerivedDataCache: Unable to find inner node EnterprisePak for hierarchical cache Hierarchy.
[2020.05.22-15.32.37:279][  0]LogDerivedDataCache: Using Local data cache path C:/Users/Theo Leyenda/AppData/Local/UnrealEngine/Common/DerivedDataCache: Writable
[2020.05.22-15.32.37:279][  0]LogDerivedDataCache: Shared data cache path not found in *engine.ini, will not use an Shared cache.
[2020.05.22-15.32.37:280][  0]LogDerivedDataCache: Unable to find inner node Shared for hierarchical cache Hierarchy.
[2020.05.22-15.32.37:324][  0]LogMaterial: Verifying Global Shaders for PCD3D_SM5
[2020.05.22-15.32.37:327][  0]LogSlate: Using FreeType 2.10.0
[2020.05.22-15.32.37:581][  0]LogSlate: SlateFontServices - WITH_FREETYPE: 1, WITH_HARFBUZZ: 1
[2020.05.22-15.32.41:853][  0]LogAssetRegistry: FAssetRegistry took 0.0048 seconds to start up
[2020.05.22-15.32.42:443][  0]LogInit: Selected Device Profile: [Windows]
[2020.05.22-15.32.47:980][  0]LogMeshReduction: Using QuadricMeshReduction for automatic static mesh reduction
[2020.05.22-15.32.47:980][  0]LogMeshReduction: Using SimplygonMeshReduction for automatic skeletal mesh reduction
[2020.05.22-15.32.47:980][  0]LogMeshReduction: Using ProxyLODMeshReduction for automatic mesh merging
[2020.05.22-15.32.47:980][  0]LogMeshReduction: No distributed automatic mesh merging module available
[2020.05.22-15.32.47:980][  0]LogMeshMerging: No distributed automatic mesh merging module available
[2020.05.22-15.32.48:629][  0]LogNetVersion: Proyecto2_Leyenda 1.0.0, NetCL: 10570792, EngineNetVer: 13, GameNetVer: 0 (Checksum: 973319535)
[2020.05.22-15.34.18:080][  0]LogPackageLocalizationCache: Processed 10 localized package path(s) for 1 prioritized culture(s) in 0.266285 seconds
[2020.05.22-15.34.18:104][  0]LogUObjectArray: 46750 objects as part of root set at end of initial load.
[2020.05.22-15.34.18:104][  0]LogUObjectAllocator: 8137160 out of 0 bytes used by permanent object pool.
[2020.05.22-15.34.18:104][  0]LogUObjectArray: CloseDisregardForGC: 0/0 objects in disregard for GC pool
[2020.05.22-15.34.35:852][  0]LogTcpMessaging: Initializing TcpMessaging bridge
[2020.05.22-15.34.37:522][  0]LogUdpMessaging: Initializing bridge on interface 0.0.0.0:0 to multicast group 230.0.0.1:6666.
[2020.05.22-15.35.06:394][  0]SourceControl: El control de código fuente está desactivado
[2020.05.22-15.35.06:394][  0]SourceControl: El control de código fuente está desactivado
[2020.05.22-15.35.09:548][  0]SourceControl: El control de código fuente está desactivado
[2020.05.22-15.35.10:390][  0]SourceControl: El control de código fuente está desactivado
[2020.05.22-15.35.11:978][  0]SourceControl: El control de código fuente está desactivado
[2020.05.22-15.35.30:091][  0]LogAndroidPermission: UAndroidPermissionCallbackProxy::GetInstance
[2020.05.22-15.35.30:765][  0]LogAudioCaptureCore: Display: No Audio Capture implementations found. Audio input will be silent.
[2020.05.22-15.35.30:765][  0]LogAudioCaptureCore: Display: No Audio Capture implementations found. Audio input will be silent.
[2020.05.22-15.35.32:924][  0]LogOcInput: OculusInput pre-init called
[2020.05.22-15.35.33:258][  0]LogWindows: Failed to load 'OVRPlugin.dll' (GetLastError=126)
[2020.05.22-15.35.33:258][  0]LogWindows: File 'OVRPlugin.dll' does not exist
[2020.05.22-15.35.40:118][  0]LogAutomationTest: Warning: Smoke tests took > 2s to run: 4.41s
[2020.05.22-15.35.40:510][  0]LogEngine: Initializing Engine...
[2020.05.22-15.35.40:775][  0]LogHMD: Failed to initialize OpenVR with code 110
[2020.05.22-15.35.41:018][  0]LogStats: UGameplayTagsManager::InitializeManager -  0.022 s
[2020.05.22-15.35.41:939][  0]LogInit: Initializing FReadOnlyCVARCache
[2020.05.22-15.35.44:922][  0]LogAIModule: Creating AISystem for world Untitled
[2020.05.22-15.35.46:585][  0]LogAudioMixer: Display: Audio Mixer Platform Settings:
[2020.05.22-15.35.46:585][  0]LogAudioMixer: Display: 	Sample Rate:						  48000
[2020.05.22-15.35.46:585][  0]LogAudioMixer: Display: 	Callback Buffer Frame Size Requested: 1024
[2020.05.22-15.35.46:585][  0]LogAudioMixer: Display: 	Callback Buffer Frame Size To Use:	  1024
[2020.05.22-15.35.46:585][  0]LogAudioMixer: Display: 	Number of buffers to queue:			  2
[2020.05.22-15.35.46:585][  0]LogAudioMixer: Display: 	Max Channels (voices):				  32
[2020.05.22-15.35.46:585][  0]LogAudioMixer: Display: 	Number of Async Source Workers:		  0
[2020.05.22-15.35.46:615][  0]LogAudio: Display: AudioDevice MaxSources: 32
[2020.05.22-15.35.46:621][  0]LogAudio: Display: Using built-in audio occlusion.
[2020.05.22-15.35.46:621][  0]LogAudioMixer: Display: Initializing audio mixer.
[2020.05.22-15.35.47:140][  0]LogAudioMixer: Display: Audio Device Output Speaker Info:
[2020.05.22-15.35.47:140][  0]LogAudioMixer: Display: Name: Altavoces (Conexant SmartAudio HD)
[2020.05.22-15.35.47:140][  0]LogAudioMixer: Display: Is Default: Yes
[2020.05.22-15.35.47:140][  0]LogAudioMixer: Display: Sample Rate: 48000
[2020.05.22-15.35.47:140][  0]LogAudioMixer: Display: Channel Count Used: 2
[2020.05.22-15.35.47:140][  0]LogAudioMixer: Display: Device Channel Count: 2
[2020.05.22-15.35.47:140][  0]LogAudioMixer: Display: Channel Order:
[2020.05.22-15.35.47:140][  0]LogAudioMixer: Display: 0: FrontLeft
[2020.05.22-15.35.47:140][  0]LogAudioMixer: Display: 1: FrontRight
[2020.05.22-15.35.48:169][  0]LogAudioMixer: Display: Using Audio Device Altavoces (Conexant SmartAudio HD)
[2020.05.22-15.35.48:218][  0]LogInit: FAudioDevice initialized.
[2020.05.22-15.35.48:565][  0]LogNetVersion: Set ProjectVersion to 1.0.0.0. Version Checksum will be recalculated on next use.
[2020.05.22-15.35.49:263][  0]LogDerivedDataCache: Saved boot cache 0.70s 85MB C:/Users/Theo Leyenda/AppData/Local/UnrealEngine/4.24/DerivedDataCache/Boot.ddc.
[2020.05.22-15.35.49:318][  0]LogInit: Texture streaming: Enabled
[2020.05.22-15.35.51:273][  0]LogEngineSessionManager: EngineSessionManager initialized
[2020.05.22-15.35.51:289][  0]LogEngineSessionManager: EngineSessionManager sent abnormal shutdown report. Type=AbnormalShutdown, SessionId={ABF9287A-4588-292D-0EB0-E4A4B1B361AE}
[2020.05.22-15.35.51:289][  0]LogEditorSessionSummary: Verbose: Initializing EditorSessionSummaryWriter for editor session tracking
[2020.05.22-15.35.51:530][  0]LogEditorSessionSummary: EditorSessionSummaryWriter initialized
[2020.05.22-15.35.52:648][  0]LogInit: Transaction tracking system initialized
[2020.05.22-15.35.54:938][  0]BlueprintLog: New page: Cargar el editor
[2020.05.22-15.36.00:617][  0]LocalizationService: Localization service is disabled
[2020.05.22-15.36.09:968][  0]LogFileCache: Scanning file cache for directory 'C:/Users/Theo Leyenda/Desktop/TSDVJ_Unreal_Practica/Proyecto2_Leyenda/Content/' took 0.24s
[2020.05.22-15.36.09:968][  0]LogCook: Display: Max memory allowance for cook 16384mb min free memory 0mb
[2020.05.22-15.36.09:968][  0]LogCook: Display: Mobile HDR setting 1
[2020.05.22-15.37.07:068][  0]SourceControl: El control de código fuente está desactivado
[2020.05.22-15.37.07:879][  0]Cmd: MAP LOAD FILE="../../../Engine/Content/Maps/Templates/Template_Default.umap" TEMPLATE=1 SHOWPROGRESS=1 FEATURELEVEL=3
[2020.05.22-15.37.08:436][  0]LightingResults: New page: Diseñar la iluminación
[2020.05.22-15.37.08:861][  0]LogWorld: UWorld::CleanupWorld for Untitled, bSessionEnded=true, bCleanupResources=true
[2020.05.22-15.37.08:891][  0]LogSlate: InvalidateAllWidgets triggered.  All widgets were invalidated
[2020.05.22-15.37.08:965][  0]MapCheck: New page: Revisión del mapa
[2020.05.22-15.37.08:965][  0]LightingResults: New page: Diseñar la iluminación
[2020.05.22-15.37.10:352][  0]LogUObjectHash: Compacting FUObjectHashTables data took   2.56ms
[2020.05.22-15.37.13:286][  0]LogAIModule: Creating AISystem for world Untitled_1
[2020.05.22-15.37.16:637][  0]LogEditorServer: Finished looking for orphan Actors (0.000 secs)
[2020.05.22-15.37.17:048][  0]LogUObjectHash: Compacting FUObjectHashTables data took   2.37ms
[2020.05.22-15.37.17:048][  0]Cmd: MAP CHECKDEP NOCLEARLOG
[2020.05.22-15.37.17:049][  0]MapCheck: Map check complete: 0 Error(s), 0 Warning(s), took 1,113ms to complete.
[2020.05.22-15.37.17:049][  0]LogFileHelpers: Loading map 'Template_Default' took 9.919
[2020.05.22-15.37.52:496][  0]LogSlate: Updating window title bar state: overlay mode, drag disabled, window buttons hidden, title bar hidden
[2020.05.22-15.37.56:939][  0]LogSlate: Updating window title bar state: overlay mode, drag disabled, window buttons hidden, title bar hidden
[2020.05.22-15.37.56:974][  0]LogSlate: Updating window title bar state: overlay mode, drag disabled, window buttons hidden, title bar hidden
[2020.05.22-15.37.56:986][  0]LogSlate: Updating window title bar state: overlay mode, drag disabled, window buttons hidden, title bar hidden
[2020.05.22-15.38.10:489][  0]LogCollectionManager: Loaded 0 collections in 0.009355 seconds
[2020.05.22-15.38.40:542][  0]LogFileCache: Scanning file cache for directory 'C:/Users/Theo Leyenda/Desktop/TSDVJ_Unreal_Practica/Proyecto2_Leyenda/Saved/Collections/' took 0.00s
[2020.05.22-15.38.40:542][  0]LogFileCache: Scanning file cache for directory 'C:/Users/Theo Leyenda/Desktop/TSDVJ_Unreal_Practica/Proyecto2_Leyenda/Content/Developers/TheoLeyenda/Collections/' took 0.00s
[2020.05.22-15.38.40:542][  0]LogFileCache: Scanning file cache for directory 'C:/Users/Theo Leyenda/Desktop/TSDVJ_Unreal_Practica/Proyecto2_Leyenda/Content/Collections/' took 0.00s
[2020.05.22-15.38.40:542][  0]LogContentBrowser: Native class hierarchy populated in 0.7976 seconds. Added 3017 classes and 719 folders.
[2020.05.22-15.38.47:233][  0]LogContentBrowser: Native class hierarchy updated for 'WidgetCarousel' in 0.0009 seconds. Added 0 classes and 0 folders.
[2020.05.22-15.38.52:313][  0]LogContentBrowser: Native class hierarchy updated for 'AddContentDialog' in 0.0006 seconds. Added 0 classes and 0 folders.
[2020.05.22-15.38.53:588][  0]LogContentBrowser: Native class hierarchy updated for 'SceneOutliner' in 0.0005 seconds. Added 2 classes and 3 folders.
[2020.05.22-15.38.56:275][  0]LogSlate: Took 0.035301 seconds to synchronously load lazily loaded font '../../../Engine/Content/Slate/Fonts/Roboto-Regular.ttf' (155K)
[2020.05.22-15.38.56:539][  0]LogSlate: Took 0.109810 seconds to synchronously load lazily loaded font '../../../Engine/Content/Slate/Fonts/Roboto-Bold.ttf' (160K)
[2020.05.22-15.38.56:805][  0]LogSlate: Took 0.086965 seconds to synchronously load lazily loaded font '../../../Engine/Content/Editor/Slate/Fonts/FontAwesome.ttf' (139K)
[2020.05.22-15.38.58:889][  0]LogRenderer: Reallocating scene render targets to support 964x460 Format 10 NumSamples 1 (Frame:1).
[2020.05.22-15.39.00:139][  0]LogSlate: Took 0.035730 seconds to synchronously load lazily loaded font '../../../Engine/Content/Slate/Fonts/Roboto-Light.ttf' (167K)
[2020.05.22-15.39.00:963][  0]LogContentBrowser: Native class hierarchy updated for 'HierarchicalLODOutliner' in 0.0004 seconds. Added 0 classes and 0 folders.
[2020.05.22-15.39.00:963][  0]LogLoad: (Engine Initialization) Total time: 510.07 seconds
[2020.05.22-15.39.00:963][  0]LogLoad: (Engine Initialization) Total Blueprint compile time: 0.00 seconds
[2020.05.22-15.39.02:026][  0]LogContentStreaming: Texture pool size now 1000 MB
[2020.05.22-15.39.02:842][  2]LogAssetRegistry: Asset discovery search completed in 380.9905 seconds
[2020.05.22-15.39.02:870][  2]LogCollectionManager: Fixed up redirectors for 0 collections in 0.000210 seconds (updated 0 objects)
[2020.05.22-15.46.49:665][340]LogSlate: Took 0.001279 seconds to synchronously load lazily loaded font '../../../Engine/Content/Slate/Fonts/Roboto-Light.ttf' (167K)
[2020.05.22-15.46.49:963][340]LogLinker: Warning: While loading '../../../../../../Users/Theo Leyenda/Desktop/TSDVJ_Unreal_Practica/Proyecto2_Leyenda/Content/Meshes/SM_Wall.uasset' failed to load '/Game/Materials/CollisionMaterial': Can't find file.
[2020.05.22-15.46.49:968][340]LogLinker: Warning: While loading '../../../../../../Users/Theo Leyenda/Desktop/TSDVJ_Unreal_Practica/Proyecto2_Leyenda/Content/Meshes/SM_Wall.uasset' failed to load '/Game/Materials/CollisionMaterial': Can't find file.
[2020.05.22-15.46.49:971][340]LogLinker: Warning: While loading '../../../../../../Users/Theo Leyenda/Desktop/TSDVJ_Unreal_Practica/Proyecto2_Leyenda/Content/Meshes/SM_Wall.uasset' failed to load '/Game/Materials/CollisionMaterial': Can't find file.
[2020.05.22-15.46.49:973][340]LogLinker: Warning: While loading '../../../../../../Users/Theo Leyenda/Desktop/TSDVJ_Unreal_Practica/Proyecto2_Leyenda/Content/Meshes/SM_Wall.uasset' failed to load '/Game/Materials/CollisionMaterial': Can't find file.
[2020.05.22-15.46.50:014][340]LogLinker: Warning: While loading '../../../../../../Users/Theo Leyenda/Desktop/TSDVJ_Unreal_Practica/Proyecto2_Leyenda/Content/Meshes/SM_Wall.uasset' failed to load '/Game/Materials/CollisionMaterial': Can't find file.
[2020.05.22-15.46.50:039][340]LoadErrors: Error al cargar /Game/Materials/CollisionMaterial.CollisionMaterial Referenciado por BodySetup_0
[2020.05.22-15.46.50:041][340]LogLinker: Warning: While loading '../../../../../../Users/Theo Leyenda/Desktop/TSDVJ_Unreal_Practica/Proyecto2_Leyenda/Content/Meshes/SM_Wall.uasset' failed to load '/Game/Materials/CollisionMaterial': Can't find file.
[2020.05.22-15.46.50:158][340]LogMaterial: Display: Missing cached shader map for material M_Backdrop, compiling. 
[2020.05.22-15.46.50:979][340]LogShaderCompilers: Display: Worker (1/3): shaders left to compile 4
[2020.05.22-15.46.50:980][340]LogShaderCompilers: Display: Worker (2/3): shaders left to compile 2
[2020.05.22-15.46.50:980][340]LogStaticMesh: Generando la malla estática SM_Backdrop...
[2020.05.22-15.46.52:397][340]LogStaticMesh: Built static mesh [1.42s] /Game/Meshes/SM_Backdrop.SM_Backdrop
[2020.05.22-15.46.52:789][340]LogStaticMesh: Generando la malla estática SM_Wall...
[2020.05.22-15.46.52:826][340]LogStaticMesh: Built static mesh [0.04s] /Game/Meshes/SM_Wall.SM_Wall
[2020.05.22-15.46.52:840][340]LogMaterial: Display: Missing cached shader map for material M_Wall, compiling. 
[2020.05.22-15.46.52:956][340]LogShaderCompilers: Display: Worker (3/3): shaders left to compile 15
[2020.05.22-15.46.52:956][340]LogAIModule: Creating AISystem for world Gameplay
[2020.05.22-15.46.53:434][340]LogAssetEditorSubsystem: Opening Asset editor for World /Game/Maps/Gameplay.Gameplay
[2020.05.22-15.46.53:893][340]LogUObjectHash: Compacting FUObjectHashTables data took   2.24ms
[2020.05.22-15.46.54:456][340]Cmd: MAP LOAD FILE="../../../../../../Users/Theo Leyenda/Desktop/TSDVJ_Unreal_Practica/Proyecto2_Leyenda/Content/Maps/Gameplay.umap" TEMPLATE=0 SHOWPROGRESS=1 FEATURELEVEL=3
[2020.05.22-15.46.54:457][340]LightingResults: New page: Diseñar la iluminación
[2020.05.22-15.46.54:458][340]LoadErrors: New page: Cargando mapa: Gameplay.umap
[2020.05.22-15.46.54:585][340]LogWorld: UWorld::CleanupWorld for Untitled_1, bSessionEnded=true, bCleanupResources=true
[2020.05.22-15.46.54:625][340]LogSlate: InvalidateAllWidgets triggered.  All widgets were invalidated
[2020.05.22-15.46.54:625][340]MapCheck: New page: Revisión del mapa
[2020.05.22-15.46.54:625][340]LightingResults: New page: Diseñar la iluminación
[2020.05.22-15.46.54:693][340]LogUObjectHash: Compacting FUObjectHashTables data took   1.76ms
[2020.05.22-15.46.54:778][340]LogEditorServer: Finished looking for orphan Actors (0.000 secs)
[2020.05.22-15.46.54:817][340]LogUObjectHash: Compacting FUObjectHashTables data took   2.10ms
[2020.05.22-15.46.54:850][340]Cmd: MAP CHECKDEP NOCLEARLOG
[2020.05.22-15.46.54:850][340]MapCheck: Map check complete: 0 Error(s), 0 Warning(s), took 0,132ms to complete.
[2020.05.22-15.46.54:850][340]LogFileHelpers: Loading map 'Gameplay' took 0.956
[2020.05.22-15.47.11:660][966]LogAssetEditorSubsystem: Opening Asset editor for Class /Script/Proyecto2_Leyenda.Paddle
[2020.05.22-15.47.35:794][966]LogShaderCompilers: Display: Worker (1/3): shaders left to compile 9
[2020.05.22-15.47.35:794][966]LogShaderCompilers: Display: Worker (2/3): shaders left to compile 5
[2020.05.22-15.47.35:794][966]LogShaderCompilers: Display: Worker (3/3): shaders left to compile 3
[2020.05.22-15.47.35:794][966]LogShaderCompilers: Display: Worker (2/3): shaders left to compile 1
[2020.05.22-16.12.36:982][777]LogHotReload: New module detected: UE4Editor-Proyecto2_Leyenda-0001.dll
[2020.05.22-16.12.38:375][782]LogHotReload: Starting Hot-Reload from IDE
[2020.05.22-16.12.38:578][782]LogUObjectHash: Compacting FUObjectHashTables data took   1.52ms
[2020.05.22-16.12.38:796][782]LogClass: Could not find existing class Paddle in package /Script/Proyecto2_Leyenda for HotReload, assuming new class
[2020.05.22-16.12.38:899][782]LogHotReload: Re-instancing Paddle after hot-reload.
[2020.05.22-16.12.42:588][782]LogContentBrowser: Native class hierarchy updated for 'Proyecto2_Leyenda' in 0.0009 seconds. Added 2 classes and 2 folders.
[2020.05.22-16.12.42:609][782]Display: HotReload successful (0 functions remapped  0 scriptstructs remapped)
[2020.05.22-16.12.42:746][782]LogUObjectHash: Compacting FUObjectHashTables data took   1.72ms
[2020.05.22-16.12.42:802][782]LogContentBrowser: Native class hierarchy populated in 0.0172 seconds. Added 3019 classes and 722 folders.
[2020.05.22-16.12.43:286][782]Display: HotReload took  4.9s.
[2020.05.22-16.12.44:308][785]LogAudioMixer: Display: Audio Buffer Underrun detected.
[2020.05.22-16.14.40:757][ 96]LogSlate: Window 'Escoger clase padre' being destroyed
[2020.05.22-16.15.19:616][469]LogSlate: Window 'Escoger clase padre' being destroyed
[2020.05.22-16.15.32:688][567]LogUObjectHash: Compacting FUObjectHashTables data took   5.70ms
[2020.05.22-16.15.32:924][567]Cmd: OBJ SAVEPACKAGE PACKAGE="/Game/Bluprint/Paddle_BP" FILE="../../../../../../Users/Theo Leyenda/Desktop/TSDVJ_Unreal_Practica/Proyecto2_Leyenda/Content/Bluprint/Paddle_BP.uasset" SILENT=true
[2020.05.22-16.15.33:288][567]LogSavePackage: Moving '../../../../../../Users/Theo Leyenda/Desktop/TSDVJ_Unreal_Practica/Proyecto2_Leyenda/Saved/Paddle_BP026D999741326EAC8B28679B86FF15C5.tmp' to '../../../../../../Users/Theo Leyenda/Desktop/TSDVJ_Unreal_Practica/Proyecto2_Leyenda/Content/Bluprint/Paddle_BP.uasset'
[2020.05.22-16.15.33:350][567]AssetCheck: New page: Asset Save: Paddle_BP
[2020.05.22-16.15.33:351][567]LogContentValidation: Display: Validating Blueprint /Game/Bluprint/Paddle_BP.Paddle_BP
[2020.05.22-16.15.49:911][863]LogAssetEditorSubsystem: Opening Asset editor for Blueprint /Game/Bluprint/Paddle_BP.Paddle_BP
[2020.05.22-16.15.51:486][863]LogContentBrowser: Native class hierarchy updated for 'BlueprintGraph' in 0.0007 seconds. Added 121 classes and 0 folders.
[2020.05.22-16.15.59:071][  9]LogRenderer: Reallocating scene render targets to support 964x720 Format 10 NumSamples 1 (Frame:138).
[2020.05.22-16.15.59:724][ 59]LogSlate: Window 'Paddle_BP' being destroyed
[2020.05.22-16.17.33:812][677]LogSlate: Took 0.105388 seconds to synchronously load lazily loaded font '../../../Engine/Content/Slate/Fonts/Roboto-Italic.ttf' (157K)
[2020.05.22-16.17.44:234][134]LogLinker: Warning: While loading '../../../../../../Users/Theo Leyenda/Desktop/TSDVJ_Unreal_Practica/Proyecto2_Leyenda/Content/Meshes/SM_Paddle.uasset' failed to load '/Game/Materials/CollisionMaterial': Can't find file.
[2020.05.22-16.17.44:234][134]LogLinker: Warning: While loading '../../../../../../Users/Theo Leyenda/Desktop/TSDVJ_Unreal_Practica/Proyecto2_Leyenda/Content/Meshes/SM_Paddle.uasset' failed to load '/Game/Materials/CollisionMaterial': Can't find file.
[2020.05.22-16.17.44:234][134]LogLinker: Warning: While loading '../../../../../../Users/Theo Leyenda/Desktop/TSDVJ_Unreal_Practica/Proyecto2_Leyenda/Content/Meshes/SM_Paddle.uasset' failed to load '/Game/Materials/CollisionMaterial': Can't find file.
[2020.05.22-16.17.44:234][134]LogLinker: Warning: While loading '../../../../../../Users/Theo Leyenda/Desktop/TSDVJ_Unreal_Practica/Proyecto2_Leyenda/Content/Meshes/SM_Paddle.uasset' failed to load '/Game/Materials/CollisionMaterial': Can't find file.
[2020.05.22-16.17.44:235][134]LogLinker: Warning: While loading '../../../../../../Users/Theo Leyenda/Desktop/TSDVJ_Unreal_Practica/Proyecto2_Leyenda/Content/Meshes/SM_Paddle.uasset' failed to load '/Game/Materials/CollisionMaterial': Can't find file.
[2020.05.22-16.17.44:235][134]LoadErrors: Error al cargar /Game/Materials/CollisionMaterial.CollisionMaterial Referenciado por BodySetup_0
[2020.05.22-16.17.44:235][134]LogLinker: Warning: While loading '../../../../../../Users/Theo Leyenda/Desktop/TSDVJ_Unreal_Practica/Proyecto2_Leyenda/Content/Meshes/SM_Paddle.uasset' failed to load '/Game/Materials/CollisionMaterial': Can't find file.
[2020.05.22-16.17.44:241][134]LogMaterial: Display: Missing cached shader map for material M_Paddle, compiling. 
[2020.05.22-16.17.44:260][134]LogStaticMesh: Generando la malla estática SM_Paddle...
[2020.05.22-16.17.44:509][134]LogShaderCompilers: Display: Worker (1/3): shaders left to compile 15
[2020.05.22-16.17.44:509][134]LogShaderCompilers: Display: Worker (2/3): shaders left to compile 9
[2020.05.22-16.17.44:509][134]LogShaderCompilers: Display: Worker (3/3): shaders left to compile 3
[2020.05.22-16.17.44:525][134]LogStaticMesh: Built static mesh [0.27s] /Game/Meshes/SM_Paddle.SM_Paddle
[2020.05.22-16.18.24:652][659]BlueprintLog: New page: Compilar Paddle_BP
[2020.05.22-16.18.26:395][659]LogUObjectHash: Compacting FUObjectHashTables data took  12.45ms
[2020.05.22-16.18.28:983][763]Cmd: OBJ SAVEPACKAGE PACKAGE="/Game/Bluprint/Paddle_BP" FILE="../../../../../../Users/Theo Leyenda/Desktop/TSDVJ_Unreal_Practica/Proyecto2_Leyenda/Content/Bluprint/Paddle_BP.uasset" SILENT=true
[2020.05.22-16.18.29:048][763]LogSavePackage: Moving '../../../../../../Users/Theo Leyenda/Desktop/TSDVJ_Unreal_Practica/Proyecto2_Leyenda/Saved/Paddle_BP289D669441710D5CF2E7BAA3D579D7E1.tmp' to '../../../../../../Users/Theo Leyenda/Desktop/TSDVJ_Unreal_Practica/Proyecto2_Leyenda/Content/Bluprint/Paddle_BP.uasset'
[2020.05.22-16.18.29:073][763]AssetCheck: New page: Asset Save: Paddle_BP
[2020.05.22-16.18.29:073][763]LogContentValidation: Display: Validating Blueprint /Game/Bluprint/Paddle_BP.Paddle_BP
[2020.05.22-16.18.46:026][694]BlueprintLog: New page: Compilar Paddle_BP
[2020.05.22-16.18.46:284][694]LogUObjectHash: Compacting FUObjectHashTables data took   2.91ms
[2020.05.22-16.18.47:161][747]Cmd: OBJ SAVEPACKAGE PACKAGE="/Game/Bluprint/Paddle_BP" FILE="../../../../../../Users/Theo Leyenda/Desktop/TSDVJ_Unreal_Practica/Proyecto2_Leyenda/Content/Bluprint/Paddle_BP.uasset" SILENT=true
[2020.05.22-16.18.47:182][747]LogSavePackage: Moving '../../../../../../Users/Theo Leyenda/Desktop/TSDVJ_Unreal_Practica/Proyecto2_Leyenda/Saved/Paddle_BP01BEA088404770DF54961981E55400C8.tmp' to '../../../../../../Users/Theo Leyenda/Desktop/TSDVJ_Unreal_Practica/Proyecto2_Leyenda/Content/Bluprint/Paddle_BP.uasset'
[2020.05.22-16.18.47:197][747]AssetCheck: New page: Asset Save: Paddle_BP
[2020.05.22-16.18.47:197][747]LogContentValidation: Display: Validating Blueprint /Game/Bluprint/Paddle_BP.Paddle_BP
[2020.05.22-16.19.42:891][201]LogUObjectHash: Compacting FUObjectHashTables data took   5.23ms
[2020.05.22-16.19.42:941][201]LogSavePackage: Moving '../../../../../../Users/Theo Leyenda/Desktop/TSDVJ_Unreal_Practica/Proyecto2_Leyenda/Saved/Gameplay5632DAFC4B17BA40021685A7DA7AFC49.tmp' to '../../../../../../Users/Theo Leyenda/Desktop/TSDVJ_Unreal_Practica/Proyecto2_Leyenda/Content/Maps/Gameplay.umap'
[2020.05.22-16.19.43:017][201]Cmd: OBJ SAVEPACKAGE PACKAGE="/Game/Maps/Gameplay_BuiltData" FILE="../../../../../../Users/Theo Leyenda/Desktop/TSDVJ_Unreal_Practica/Proyecto2_Leyenda/Content/Maps/Gameplay_BuiltData.uasset" SILENT=true
[2020.05.22-16.19.43:054][201]LogSavePackage: Moving '../../../../../../Users/Theo Leyenda/Desktop/TSDVJ_Unreal_Practica/Proyecto2_Leyenda/Saved/Gameplay_BuiltDataEC3BE5154CF23DBB7E482FA45E186BB3.tmp' to '../../../../../../Users/Theo Leyenda/Desktop/TSDVJ_Unreal_Practica/Proyecto2_Leyenda/Content/Maps/Gameplay_BuiltData.uasset'
[2020.05.22-16.19.43:075][201]AssetCheck: New page: Asset Save: multiple assets
[2020.05.22-16.19.43:075][201]LogContentValidation: Display: Validating World /Game/Maps/Gameplay.Gameplay
[2020.05.22-16.19.43:075][201]LogContentValidation: Display: Validating MapBuildDataRegistry /Game/Maps/Gameplay_BuiltData.Gameplay_BuiltData
[2020.05.22-16.20.38:402][710]LogSlate: Warning: Slate: Had to block on waiting for a draw buffer
[2020.05.22-16.20.40:361][710]LogSlate: Window 'Escoger clase padre' being destroyed
[2020.05.22-16.20.56:423][854]LogUObjectHash: Compacting FUObjectHashTables data took   3.02ms
[2020.05.22-16.20.56:472][854]LogSavePackage: Moving '../../../../../../Users/Theo Leyenda/Desktop/TSDVJ_Unreal_Practica/Proyecto2_Leyenda/Saved/Arkanoid_GameMode_BP0644901F4F6BBAD8790C8E9847AC7BE6.tmp' to '../../../../../../Users/Theo Leyenda/Desktop/TSDVJ_Unreal_Practica/Proyecto2_Leyenda/Content/Bluprint/Arkanoid_GameMode_BP.uasset'
[2020.05.22-16.20.56:500][854]AssetCheck: New page: Asset Save: Arkanoid_GameMode_BP
[2020.05.22-16.20.56:501][854]LogContentValidation: Display: Validating Blueprint /Game/Bluprint/Arkanoid_GameMode_BP.Arkanoid_GameMode_BP
[2020.05.22-16.21.25:821][436]LogEditorViewport: Clicking on Actor (LMB): StaticMeshActor (SM_Backdrop)
[2020.05.22-16.21.30:776][786]Cmd: DELETE
[2020.05.22-16.21.30:776][786]Cmd: ACTOR DELETE
[2020.05.22-16.21.31:414][786]LogEditorActor: Deleted Actor: Paddle_BP_C
[2020.05.22-16.21.31:465][786]LogUObjectHash: Compacting FUObjectHashTables data took   2.60ms
[2020.05.22-16.21.31:467][786]LogEditorActor: Deleted 1 Actors (0.141 secs)
[2020.05.22-16.21.34:904][ 59]LogUObjectHash: Compacting FUObjectHashTables data took   1.21ms
[2020.05.22-16.21.34:922][ 59]LogSavePackage: Moving '../../../../../../Users/Theo Leyenda/Desktop/TSDVJ_Unreal_Practica/Proyecto2_Leyenda/Saved/Gameplay50E34D964A013F371BBD1293B0D2A511.tmp' to '../../../../../../Users/Theo Leyenda/Desktop/TSDVJ_Unreal_Practica/Proyecto2_Leyenda/Content/Maps/Gameplay.umap'
[2020.05.22-16.21.34:954][ 59]Cmd: OBJ SAVEPACKAGE PACKAGE="/Game/Maps/Gameplay_BuiltData" FILE="../../../../../../Users/Theo Leyenda/Desktop/TSDVJ_Unreal_Practica/Proyecto2_Leyenda/Content/Maps/Gameplay_BuiltData.uasset" SILENT=true
[2020.05.22-16.21.34:974][ 59]LogSavePackage: Moving '../../../../../../Users/Theo Leyenda/Desktop/TSDVJ_Unreal_Practica/Proyecto2_Leyenda/Saved/Gameplay_BuiltData8AA8B11B43144DAEC356D6BCA283B05C.tmp' to '../../../../../../Users/Theo Leyenda/Desktop/TSDVJ_Unreal_Practica/Proyecto2_Leyenda/Content/Maps/Gameplay_BuiltData.uasset'
[2020.05.22-16.21.34:994][ 59]AssetCheck: New page: Asset Save: multiple assets
[2020.05.22-16.21.34:994][ 59]LogContentValidation: Display: Validating World /Game/Maps/Gameplay.Gameplay
[2020.05.22-16.21.34:994][ 59]LogContentValidation: Display: Validating MapBuildDataRegistry /Game/Maps/Gameplay_BuiltData.Gameplay_BuiltData
[2020.05.22-16.23.12:348][374]LogSlate: Prevented a slow task dialog from being summoned while a context menu was open
[2020.05.22-16.23.41:711][997]LogSlate: Window 'Ajustes del proyecto' being destroyed
[2020.05.22-16.23.47:447][280]LogUObjectHash: Compacting FUObjectHashTables data took   5.55ms
[2020.05.22-16.23.47:524][280]LogSavePackage: Moving '../../../../../../Users/Theo Leyenda/Desktop/TSDVJ_Unreal_Practica/Proyecto2_Leyenda/Saved/Gameplay7DC4B3B540C67C2E9F15FDA8182FD402.tmp' to '../../../../../../Users/Theo Leyenda/Desktop/TSDVJ_Unreal_Practica/Proyecto2_Leyenda/Content/Maps/Gameplay.umap'
[2020.05.22-16.23.47:553][280]Cmd: OBJ SAVEPACKAGE PACKAGE="/Game/Maps/Gameplay_BuiltData" FILE="../../../../../../Users/Theo Leyenda/Desktop/TSDVJ_Unreal_Practica/Proyecto2_Leyenda/Content/Maps/Gameplay_BuiltData.uasset" SILENT=true
[2020.05.22-16.23.47:573][280]LogSavePackage: Moving '../../../../../../Users/Theo Leyenda/Desktop/TSDVJ_Unreal_Practica/Proyecto2_Leyenda/Saved/Gameplay_BuiltDataD86E4EED475A4F6D5723708B8CE83C85.tmp' to '../../../../../../Users/Theo Leyenda/Desktop/TSDVJ_Unreal_Practica/Proyecto2_Leyenda/Content/Maps/Gameplay_BuiltData.uasset'
[2020.05.22-16.23.47:592][280]AssetCheck: New page: Asset Save: multiple assets
[2020.05.22-16.23.47:592][280]LogContentValidation: Display: Validating World /Game/Maps/Gameplay.Gameplay
[2020.05.22-16.23.47:592][280]LogContentValidation: Display: Validating MapBuildDataRegistry /Game/Maps/Gameplay_BuiltData.Gameplay_BuiltData
[2020.05.22-16.23.53:222][466]LogUObjectHash: Compacting FUObjectHashTables data took  11.37ms
[2020.05.22-16.23.53:295][466]LogSavePackage: Moving '../../../../../../Users/Theo Leyenda/Desktop/TSDVJ_Unreal_Practica/Proyecto2_Leyenda/Saved/Arkanoid_GameMode_BP88E8D0394D515F96A56BF194BA476817.tmp' to '../../../../../../Users/Theo Leyenda/Desktop/TSDVJ_Unreal_Practica/Proyecto2_Leyenda/Content/Bluprint/Arkanoid_GameMode_BP.uasset'
[2020.05.22-16.23.53:314][466]AssetCheck: New page: Asset Save: Arkanoid_GameMode_BP
[2020.05.22-16.23.53:314][466]LogContentValidation: Display: Validating Blueprint /Game/Bluprint/Arkanoid_GameMode_BP.Arkanoid_GameMode_BP
[2020.05.22-16.26.56:780][765]LogUObjectHash: Compacting FUObjectHashTables data took   3.91ms
[2020.05.22-16.26.56:871][765]LogSavePackage: Moving '../../../../../../Users/Theo Leyenda/Desktop/TSDVJ_Unreal_Practica/Proyecto2_Leyenda/Saved/GameplayB739177E452C0A21B6F6A98EACF3DC05.tmp' to '../../../../../../Users/Theo Leyenda/Desktop/TSDVJ_Unreal_Practica/Proyecto2_Leyenda/Content/Maps/Gameplay.umap'
[2020.05.22-16.26.56:948][765]Cmd: OBJ SAVEPACKAGE PACKAGE="/Game/Maps/Gameplay_BuiltData" FILE="../../../../../../Users/Theo Leyenda/Desktop/TSDVJ_Unreal_Practica/Proyecto2_Leyenda/Content/Maps/Gameplay_BuiltData.uasset" SILENT=true
[2020.05.22-16.26.56:983][765]LogSavePackage: Moving '../../../../../../Users/Theo Leyenda/Desktop/TSDVJ_Unreal_Practica/Proyecto2_Leyenda/Saved/Gameplay_BuiltDataFE1594CA4986F30368E220A5341AE009.tmp' to '../../../../../../Users/Theo Leyenda/Desktop/TSDVJ_Unreal_Practica/Proyecto2_Leyenda/Content/Maps/Gameplay_BuiltData.uasset'
[2020.05.22-16.26.57:012][765]AssetCheck: New page: Asset Save: multiple assets
[2020.05.22-16.26.57:013][765]LogContentValidation: Display: Validating World /Game/Maps/Gameplay.Gameplay
[2020.05.22-16.26.57:013][765]LogContentValidation: Display: Validating MapBuildDataRegistry /Game/Maps/Gameplay_BuiltData.Gameplay_BuiltData
[2020.05.22-16.26.58:102][820]LogTemp: Repeating last play command: Selected Viewport
[2020.05.22-16.26.58:445][820]LogPlayLevel: PlayLevel: No blueprints needed recompiling
[2020.05.22-16.26.58:506][820]PIE: New page: Sesión PIE (reproducción en el editor): Gameplay (22 may. 2020 10:26:58)
[2020.05.22-16.26.58:647][820]LogOnline: OSS: Creating online subsystem instance for: NULL
[2020.05.22-16.26.58:652][820]LogOnline: OSS: TryLoadSubsystemAndSetDefault: Loaded subsystem for module [NULL]
[2020.05.22-16.26.58:675][820]LogPlayLevel: Creating play world package: /Game/Maps/UEDPIE_0_Gameplay
[2020.05.22-16.26.58:765][820]LogPlayLevel: PIE: StaticDuplicateObject took: (0.090108s)
[2020.05.22-16.26.58:784][820]LogAIModule: Creating AISystem for world Gameplay
[2020.05.22-16.26.58:796][820]LogPlayLevel: PIE: World Init took: (0.031211s)
[2020.05.22-16.26.58:861][820]LogPlayLevel: PIE: Created PIE world by copying editor world from /Game/Maps/Gameplay.Gameplay to /Game/Maps/UEDPIE_0_Gameplay.Gameplay (0.186958s)
[2020.05.22-16.26.58:907][820]LogUObjectHash: Compacting FUObjectHashTables data took   2.86ms
[2020.05.22-16.26.58:936][820]LogAudioMixer: Display: Audio Mixer Platform Settings:
[2020.05.22-16.26.58:936][820]LogAudioMixer: Display: 	Sample Rate:						  48000
[2020.05.22-16.26.58:936][820]LogAudioMixer: Display: 	Callback Buffer Frame Size Requested: 1024
[2020.05.22-16.26.58:936][820]LogAudioMixer: Display: 	Callback Buffer Frame Size To Use:	  1024
[2020.05.22-16.26.58:936][820]LogAudioMixer: Display: 	Number of buffers to queue:			  2
[2020.05.22-16.26.58:936][820]LogAudioMixer: Display: 	Max Channels (voices):				  32
[2020.05.22-16.26.58:936][820]LogAudioMixer: Display: 	Number of Async Source Workers:		  0
[2020.05.22-16.26.58:936][820]LogAudio: Display: AudioDevice MaxSources: 32
[2020.05.22-16.26.58:937][820]LogAudio: Display: Using built-in audio occlusion.
[2020.05.22-16.26.58:937][820]LogAudioMixer: Display: Initializing audio mixer.
[2020.05.22-16.26.58:965][820]LogAudioMixer: Display: Audio Device Output Speaker Info:
[2020.05.22-16.26.58:965][820]LogAudioMixer: Display: Name: Altavoces (Conexant SmartAudio HD)
[2020.05.22-16.26.58:965][820]LogAudioMixer: Display: Is Default: Yes
[2020.05.22-16.26.58:965][820]LogAudioMixer: Display: Sample Rate: 48000
[2020.05.22-16.26.58:965][820]LogAudioMixer: Display: Channel Count Used: 2
[2020.05.22-16.26.58:965][820]LogAudioMixer: Display: Device Channel Count: 2
[2020.05.22-16.26.58:965][820]LogAudioMixer: Display: Channel Order:
[2020.05.22-16.26.58:965][820]LogAudioMixer: Display: 0: FrontLeft
[2020.05.22-16.26.58:966][820]LogAudioMixer: Display: 1: FrontRight
[2020.05.22-16.26.59:033][820]LogAudioMixer: Display: Using Audio Device Altavoces (Conexant SmartAudio HD)
[2020.05.22-16.26.59:049][820]LogInit: FAudioDevice initialized.
[2020.05.22-16.26.59:154][820]LogLoad: Game class is 'Arkanoid_GameMode_BP_C'
[2020.05.22-16.26.59:343][820]LogWorld: Bringing World /Game/Maps/UEDPIE_0_Gameplay.Gameplay up for play (max tick rate 0) at 2020.05.22-13.26.59
[2020.05.22-16.26.59:369][820]LogWorld: Bringing up level for play took: 0.027299
[2020.05.22-16.26.59:371][820]LogOnline: OSS: Creating online subsystem instance for: :Context_5
[2020.05.22-16.26.59:753][820]LogContentBrowser: Native class hierarchy updated for 'MovieSceneCapture' in 0.0014 seconds. Added 20 classes and 0 folders.
[2020.05.22-16.26.59:924][820]PIE: Tiempo de inicio de la reproducción en el editor para  /Game/Maps/UEDPIE_0_Gameplay 1,873
[2020.05.22-16.27.07:794][430]LogAudioMixer: Display: No commands were queued while flushing the source manager.
[2020.05.22-16.27.07:794][430]LogAudioMixer: Display: No commands were queued while flushing the source manager.
[2020.05.22-16.27.07:923][430]LogSlate: Updating window title bar state: overlay mode, drag disabled, window buttons hidden, title bar hidden
[2020.05.22-16.27.07:923][430]LogWorld: BeginTearingDown for /Game/Maps/UEDPIE_0_Gameplay
[2020.05.22-16.27.07:923][430]LogAudioMixer: Display: No commands were queued while flushing the source manager.
[2020.05.22-16.27.07:923][430]LogWorld: UWorld::CleanupWorld for Gameplay, bSessionEnded=true, bCleanupResources=true
[2020.05.22-16.27.07:923][430]LogSlate: InvalidateAllWidgets triggered.  All widgets were invalidated
[2020.05.22-16.27.07:932][430]LogPlayLevel: Display: Shutting down PIE online subsystems
[2020.05.22-16.27.07:973][430]LogSlate: InvalidateAllWidgets triggered.  All widgets were invalidated
[2020.05.22-16.27.08:019][430]LogAudioMixer: Display: No commands were queued while flushing the source manager.
[2020.05.22-16.27.08:070][430]LogSlate: Updating window title bar state: overlay mode, drag disabled, window buttons hidden, title bar hidden
[2020.05.22-16.27.08:240][430]LogUObjectHash: Compacting FUObjectHashTables data took   5.20ms
[2020.05.22-16.27.08:279][431]LogPlayLevel: Display: Destroying online subsystem :Context_5
[2020.05.22-16.29.19:955][307]Cmd: TRANSACTION UNDO
[2020.05.22-16.29.19:955][307]LogEditorTransaction: Undo Set Location
[2020.05.22-16.29.23:941][550]Cmd: TRANSACTION UNDO
[2020.05.22-16.29.23:941][550]LogEditorTransaction: Undo Pinchar en los actores
[2020.05.22-16.30.17:653][599]LogUObjectHash: Compacting FUObjectHashTables data took  11.54ms
[2020.05.22-16.30.17:681][599]LogSavePackage: Moving '../../../../../../Users/Theo Leyenda/Desktop/TSDVJ_Unreal_Practica/Proyecto2_Leyenda/Saved/GameplayE3AD41F84A551EA4DCE58A8582B783DB.tmp' to '../../../../../../Users/Theo Leyenda/Desktop/TSDVJ_Unreal_Practica/Proyecto2_Leyenda/Content/Maps/Gameplay.umap'
[2020.05.22-16.30.17:716][599]Cmd: OBJ SAVEPACKAGE PACKAGE="/Game/Maps/Gameplay_BuiltData" FILE="../../../../../../Users/Theo Leyenda/Desktop/TSDVJ_Unreal_Practica/Proyecto2_Leyenda/Content/Maps/Gameplay_BuiltData.uasset" SILENT=true
[2020.05.22-16.30.17:750][599]LogSavePackage: Moving '../../../../../../Users/Theo Leyenda/Desktop/TSDVJ_Unreal_Practica/Proyecto2_Leyenda/Saved/Gameplay_BuiltDataC7F898AB4A0687BAC8E66FB0A6B73875.tmp' to '../../../../../../Users/Theo Leyenda/Desktop/TSDVJ_Unreal_Practica/Proyecto2_Leyenda/Content/Maps/Gameplay_BuiltData.uasset'
[2020.05.22-16.30.17:779][599]AssetCheck: New page: Asset Save: multiple assets
[2020.05.22-16.30.17:779][599]LogContentValidation: Display: Validating World /Game/Maps/Gameplay.Gameplay
[2020.05.22-16.30.17:779][599]LogContentValidation: Display: Validating MapBuildDataRegistry /Game/Maps/Gameplay_BuiltData.Gameplay_BuiltData
[2020.05.22-16.31.38:574][597]Cmd: TRANSACTION UNDO
[2020.05.22-16.31.38:574][597]LogEditorTransaction: Undo Move Actors
[2020.05.22-16.32.05:704][404]LogUObjectHash: Compacting FUObjectHashTables data took   2.88ms
[2020.05.22-16.32.05:793][404]LogUObjectHash: Compacting FUObjectHashTables data took   0.95ms
[2020.05.22-16.32.05:820][404]LogSavePackage: Moving '../../../../../../Users/Theo Leyenda/Desktop/TSDVJ_Unreal_Practica/Proyecto2_Leyenda/Saved/GameplayA4BA5E2745243B9F9FBA119B62E06703.tmp' to '../../../../../../Users/Theo Leyenda/Desktop/TSDVJ_Unreal_Practica/Proyecto2_Leyenda/Content/Maps/Gameplay.umap'
[2020.05.22-16.32.05:858][404]LogFileHelpers: Saving map 'Gameplay' took 0.116
[2020.05.22-16.32.05:872][404]AssetCheck: New page: Asset Save: Gameplay
[2020.05.22-16.32.05:872][404]LogContentValidation: Display: Validating World /Game/Maps/Gameplay.Gameplay
[2020.05.22-16.34.36:910][810]LogSlate: WidgetSwitcher ('None') active index changed to -1
[2020.05.22-16.34.36:911][810]LogSlate: WidgetSwitcher ('None') active index changed to 0
[2020.05.22-16.34.37:255][810]LogSlate: Took 0.217192 seconds to synchronously load lazily loaded font '../../../Engine/Content/Slate/Fonts/Roboto-BoldCondensed.ttf' (158K)
[2020.05.22-16.34.50:718][552]LogSlate: Warning: Slate: Had to block on waiting for a draw buffer
[2020.05.22-16.35.00:025][ 73]LogSlate: WidgetSwitcher ('None') active index changed to 1
[2020.05.22-16.35.53:789][501]Candidate modules for hot reload:
[2020.05.22-16.35.53:789][501]  Proyecto2_Leyenda
[2020.05.22-16.35.53:789][501]Launching UnrealBuildTool... [C:/Program Files/Epic Games/UE_4.24/Engine/Binaries/DotNET/UnrealBuildTool.exe  -ModuleWithSuffix=Proyecto2_Leyenda,4018 Win64 Development -TargetType=Editor -Project="C:/Users/Theo Leyenda/Desktop/TSDVJ_Unreal_Practica/Proyecto2_Leyenda/Proyecto2_Leyenda.uproject" "C:/Users/Theo Leyenda/Desktop/TSDVJ_Unreal_Practica/Proyecto2_Leyenda/Proyecto2_Leyenda.uproject"  -IgnoreJunk]
[2020.05.22-16.37.28:108][501]CompilerResultsLog: New page: Compilación - 22 may. 2020 10:37:28
[2020.05.22-16.37.28:209][501]CompilerResultsLog: Using 'git status' to determine working set for adaptive non-unity build (C:\Users\Theo Leyenda\Desktop\TSDVJ_Unreal_Practica).
[2020.05.22-16.37.28:209][501]CompilerResultsLog: Invalidating makefile for Proyecto2_LeyendaEditor (source file added)
[2020.05.22-16.37.28:209][501]CompilerResultsLog: Parsing headers for Proyecto2_LeyendaEditor
[2020.05.22-16.37.28:210][501]CompilerResultsLog:   Running UnrealHeaderTool "C:\Users\Theo Leyenda\Desktop\TSDVJ_Unreal_Practica\Proyecto2_Leyenda\Proyecto2_Leyenda.uproject" "C:\Users\Theo Leyenda\Desktop\TSDVJ_Unreal_Practica\Proyecto2_Leyenda\Intermediate\Build\Win64\Proyecto2_LeyendaEditor\Development\Proyecto2_LeyendaEditor.uhtmanifest" -LogCmds="loginit warning, logexit warning, logdatabase error" -Unattended -WarningsAsErrors -installed
[2020.05.22-16.37.28:210][501]CompilerResultsLog: Reflection code generated for Proyecto2_LeyendaEditor in 7,7875896 seconds
[2020.05.22-16.37.28:210][501]CompilerResultsLog: Building Proyecto2_LeyendaEditor...
[2020.05.22-16.37.28:210][501]CompilerResultsLog: Using Visual Studio 2017 14.16.27040 toolchain (C:\Program Files (x86)\Microsoft Visual Studio\2017\Community\VC\Tools\MSVC\14.16.27023) and Windows 10.0.17763.0 SDK (C:\Program Files (x86)\Windows Kits\10).
[2020.05.22-16.37.28:210][501]CompilerResultsLog: Building 6 actions with 4 processes...
[2020.05.22-16.37.28:210][501]CompilerResultsLog:   [1/6] Proyecto2_Leyenda.init.gen.cpp
[2020.05.22-16.37.28:210][501]CompilerResultsLog:   [2/6] Paddle_PlayerController.cpp
[2020.05.22-16.37.28:210][501]CompilerResultsLog:   [3/6] Paddle_PlayerController.gen.cpp
[2020.05.22-16.37.28:210][501]CompilerResultsLog:   [4/6] UE4Editor-Proyecto2_Leyenda-4018.lib
[2020.05.22-16.37.28:210][501]CompilerResultsLog:      Creando biblioteca C:\Users\Theo Leyenda\Desktop\TSDVJ_Unreal_Practica\Proyecto2_Leyenda\Intermediate\Build\Win64\UE4Editor\Development\Proyecto2_Leyenda\UE4Editor-Proyecto2_Leyenda-4018.lib y objeto C:\Users\Theo Leyenda\Desktop\TSDVJ_Unreal_Practica\Proyecto2_Leyenda\Intermediate\Build\Win64\UE4Editor\Development\Proyecto2_Leyenda\UE4Editor-Proyecto2_Leyenda-4018.exp
[2020.05.22-16.37.28:210][501]CompilerResultsLog:   [5/6] UE4Editor-Proyecto2_Leyenda-4018.dll
[2020.05.22-16.37.28:210][501]CompilerResultsLog:      Creando biblioteca C:\Users\Theo Leyenda\Desktop\TSDVJ_Unreal_Practica\Proyecto2_Leyenda\Intermediate\Build\Win64\UE4Editor\Development\Proyecto2_Leyenda\UE4Editor-Proyecto2_Leyenda-4018.suppressed.lib y objeto C:\Users\Theo Leyenda\Desktop\TSDVJ_Unreal_Practica\Proyecto2_Leyenda\Intermediate\Build\Win64\UE4Editor\Development\Proyecto2_Leyenda\UE4Editor-Proyecto2_Leyenda-4018.suppressed.exp
[2020.05.22-16.37.28:210][501]CompilerResultsLog:   [6/6] Proyecto2_LeyendaEditor.target
[2020.05.22-16.37.28:210][501]CompilerResultsLog: Total time in Parallel executor: 16,35 seconds
[2020.05.22-16.37.28:210][501]CompilerResultsLog: Total execution time: 93,86 seconds
[2020.05.22-16.37.28:211][501]LogMainFrame: MainFrame: Module compiling took 94.433 seconds
[2020.05.22-16.37.28:296][501]LogUObjectHash: Compacting FUObjectHashTables data took   1.72ms
[2020.05.22-16.37.28:425][501]LogClass: Could not find existing class Paddle_PlayerController in package /Script/Proyecto2_Leyenda for HotReload, assuming new class
[2020.05.22-16.37.28:443][501]LogContentBrowser: Native class hierarchy updated for 'Proyecto2_Leyenda' in 0.0012 seconds. Added 3 classes and 2 folders.
[2020.05.22-16.37.28:451][501]Display: HotReload successful (0 functions remapped  0 scriptstructs remapped)
[2020.05.22-16.37.28:648][501]LogUObjectHash: Compacting FUObjectHashTables data took   2.11ms
[2020.05.22-16.37.28:664][501]LogContentBrowser: Native class hierarchy populated in 0.0084 seconds. Added 3020 classes and 722 folders.
[2020.05.22-16.37.28:665][501]Display: HotReload took 95.0s.
[2020.05.22-16.37.28:674][501]Warning: HotReload operation took 95.0s.
[2020.05.22-16.37.29:323][501]LogSlate: Window 'Add C++ Class' being destroyed
[2020.05.22-16.37.29:759][501]LogHotReload: New module detected: UE4Editor-Proyecto2_Leyenda-4018.dll
[2020.05.22-16.37.29:826][502]LogHotReload: Starting Hot-Reload from IDE
[2020.05.22-16.37.29:952][502]LogUObjectHash: Compacting FUObjectHashTables data took   4.03ms
[2020.05.22-16.37.29:961][502]LogContentBrowser: Native class hierarchy updated for 'Proyecto2_Leyenda' in 0.0005 seconds. Added 3 classes and 2 folders.
[2020.05.22-16.37.29:968][502]Display: HotReload successful (0 functions remapped  0 scriptstructs remapped)
[2020.05.22-16.37.30:043][502]LogUObjectHash: Compacting FUObjectHashTables data took  19.06ms
[2020.05.22-16.37.30:088][502]LogContentBrowser: Native class hierarchy populated in 0.0219 seconds. Added 3020 classes and 722 folders.
[2020.05.22-16.37.30:100][502]Display: HotReload took  0.3s.
[2020.05.22-16.37.58:802][800]LogUObjectHash: Compacting FUObjectHashTables data took   4.07ms
[2020.05.22-16.41.59:147][129]LogUObjectHash: Compacting FUObjectHashTables data took   3.04ms
[2020.05.22-16.42.02:486][342]LogUObjectHash: Compacting FUObjectHashTables data took   2.49ms
[2020.05.22-16.42.05:339][548]LogFileHelpers: Warning: PromptForCheckoutAndSave attempted to save a compiled in package: /Script/Proyecto2_Leyenda
[2020.05.22-16.42.07:024][664]LogUObjectHash: Compacting FUObjectHashTables data took   0.91ms
[2020.05.22-16.42.07:319][664]LogSlate: Window 'Proyecto2_Leyenda - Unreal Editor' being destroyed
[2020.05.22-16.42.07:345][664]LogWindowsTextInputMethodSystem: Display: IME system now deactivated.
[2020.05.22-16.42.07:728][664]LogWorld: UWorld::CleanupWorld for World_0, bSessionEnded=true, bCleanupResources=true
[2020.05.22-16.42.07:728][664]LogSlate: InvalidateAllWidgets triggered.  All widgets were invalidated
[2020.05.22-16.42.09:431][665]Cmd: QUIT_EDITOR
[2020.05.22-16.42.09:431][665]LogCore: Engine exit requested (reason: UUnrealEdEngine::CloseEditor())
[2020.05.22-16.42.10:144][665]LogCore: Engine exit requested (reason: EngineExit() was called; note: exit was already requested)
[2020.05.22-16.42.10:144][665]LogAudioMixer: Display: No commands were queued while flushing the source manager.
