Log file open, 05/15/20 22:18:39
LogWindows: Failed to load 'aqProf.dll' (GetLastError=126)
LogWindows: File 'aqProf.dll' does not exist
LogWindows: Failed to load 'VtuneApi.dll' (GetLastError=126)
LogWindows: File 'VtuneApi.dll' does not exist
LogWindows: Failed to load 'VtuneApi32e.dll' (GetLastError=126)
LogWindows: File 'VtuneApi32e.dll' does not exist
LogConsoleResponse: Display: Failed to find resolution value strings in scalability ini. Falling back to default.
LogInit: Display: Running engine for game: Proyecto1_Leyenda
LogPlatformFile: Not using cached read wrapper
LogTaskGraph: Started task graph with 5 named threads and 11 total threads with 3 sets of task threads.
LogStats: Stats thread started at 0.634906
LogD3D11RHI: Loaded GFSDK_Aftermath_Lib.x64.dll
LogICUInternationalization: ICU TimeZone Detection - Raw Offset: -3:00, Platform Override: ''
LogPluginManager: Mounting plugin Paper2D
LogPluginManager: Mounting plugin AISupport
LogPluginManager: Mounting plugin LightPropagationVolume
LogPluginManager: Mounting plugin ActorLayerUtilities
LogPluginManager: Mounting plugin AnimationSharing
LogPluginManager: Mounting plugin CLionSourceCodeAccess
LogPluginManager: Mounting plugin CodeLiteSourceCodeAccess
LogPluginManager: Mounting plugin GitSourceControl
LogPluginManager: Mounting plugin KDevelopSourceCodeAccess
LogPluginManager: Mounting plugin NullSourceCodeAccess
LogPluginManager: Mounting plugin PerforceSourceControl
LogPluginManager: Mounting plugin PlasticSourceControl
LogPluginManager: Mounting plugin SubversionSourceControl
LogPluginManager: Mounting plugin UObjectPlugin
LogPluginManager: Mounting plugin VisualStudioCodeSourceCodeAccess
LogPluginManager: Mounting plugin VisualStudioSourceCodeAccess
LogPluginManager: Mounting plugin XCodeSourceCodeAccess
LogPluginManager: Mounting plugin AssetManagerEditor
LogPluginManager: Mounting plugin CryptoKeys
LogPluginManager: Mounting plugin CurveEditorTools
LogPluginManager: Mounting plugin DataValidation
LogPluginManager: Mounting plugin FacialAnimation
LogPluginManager: Mounting plugin GameplayTagsEditor
LogPluginManager: Mounting plugin MacGraphicsSwitching
LogPluginManager: Mounting plugin MaterialAnalyzer
LogPluginManager: Mounting plugin MobileLauncherProfileWizard
LogPluginManager: Mounting plugin PluginBrowser
LogPluginManager: Mounting plugin SpeedTreeImporter
LogPluginManager: Mounting plugin DatasmithContent
LogPluginManager: Mounting plugin VariantManagerContent
LogPluginManager: Mounting plugin AlembicImporter
LogPluginManager: Mounting plugin AutomationUtils
LogPluginManager: Mounting plugin BackChannel
LogPluginManager: Mounting plugin CharacterAI
LogPluginManager: Mounting plugin GeometryCache
LogPluginManager: Mounting plugin PlatformCrypto
LogPluginManager: Mounting plugin ProxyLODPlugin
LogPluginManager: Mounting plugin SkeletalReduction
LogPluginManager: Mounting plugin MagicLeap
LogPluginManager: Mounting plugin MagicLeapMedia
LogPluginManager: Mounting plugin MLSDK
LogPluginManager: Mounting plugin AndroidMedia
LogPluginManager: Mounting plugin AvfMedia
LogPluginManager: Mounting plugin ImgMedia
LogPluginManager: Mounting plugin MediaCompositing
LogPluginManager: Mounting plugin MediaPlayerEditor
LogPluginManager: Mounting plugin WebMMedia
LogPluginManager: Mounting plugin WmfMedia
LogPluginManager: Mounting plugin TcpMessaging
LogPluginManager: Mounting plugin UdpMessaging
LogPluginManager: Mounting plugin ActorSequence
LogPluginManager: Mounting plugin LevelSequenceEditor
LogPluginManager: Mounting plugin MatineeToLevelSequence
LogPluginManager: Mounting plugin NetcodeUnitTest
LogPluginManager: Mounting plugin NUTUnrealEngine4
LogPluginManager: Mounting plugin OnlineSubsystemGooglePlay
LogPluginManager: Mounting plugin OnlineSubsystemIOS
LogPluginManager: Mounting plugin OnlineSubsystem
LogPluginManager: Mounting plugin OnlineSubsystemNull
LogPluginManager: Mounting plugin OnlineSubsystemUtils
LogPluginManager: Mounting plugin LauncherChunkInstaller
LogPluginManager: Mounting plugin AndroidDeviceProfileSelector
LogPluginManager: Mounting plugin AndroidMoviePlayer
LogPluginManager: Mounting plugin AndroidPermission
LogPluginManager: Mounting plugin AppleImageUtils
LogPluginManager: Mounting plugin AppleMoviePlayer
LogPluginManager: Mounting plugin ArchVisCharacter
LogPluginManager: Mounting plugin AssetTags
LogPluginManager: Mounting plugin AudioCapture
LogPluginManager: Mounting plugin CableComponent
LogPluginManager: Mounting plugin CustomMeshComponent
LogPluginManager: Mounting plugin EditableMesh
LogPluginManager: Mounting plugin ExampleDeviceProfileSelector
LogPluginManager: Mounting plugin GoogleCloudMessaging
LogPluginManager: Mounting plugin IOSDeviceProfileSelector
LogPluginManager: Mounting plugin LinuxDeviceProfileSelector
LogPluginManager: Mounting plugin LocationServicesBPLibrary
LogPluginManager: Mounting plugin MobilePatchingUtils
LogPluginManager: Mounting plugin OculusVR
LogPluginManager: Mounting plugin PhysXVehicles
LogPluginManager: Mounting plugin PostSplashScreen
LogPluginManager: Mounting plugin ProceduralMeshComponent
LogPluginManager: Mounting plugin RuntimePhysXCooking
LogPluginManager: Mounting plugin SignificanceManager
LogPluginManager: Mounting plugin SteamVR
LogPluginManager: Mounting plugin WebMMoviePlayer
LogPluginManager: Mounting plugin WindowsMoviePlayer
LogPluginManager: Mounting plugin ScreenshotTools
LogInit: Using libcurl 7.55.1-DEV
LogInit:  - built for x86_64-pc-win32
LogInit:  - supports SSL with OpenSSL/1.1.1
LogInit:  - supports HTTP deflate (compression) using libz 1.2.8
LogInit:  - other features:
LogInit:      CURL_VERSION_SSL
LogInit:      CURL_VERSION_LIBZ
LogInit:      CURL_VERSION_IPV6
LogInit:      CURL_VERSION_ASYNCHDNS
LogInit:      CURL_VERSION_LARGEFILE
LogInit:      CURL_VERSION_IDN
LogInit:  CurlRequestOptions (configurable via config and command line):
LogInit:  - bVerifyPeer = true  - Libcurl will verify peer certificate
LogInit:  - bUseHttpProxy = false  - Libcurl will NOT use HTTP proxy
LogInit:  - bDontReuseConnections = false  - Libcurl will reuse connections
LogInit:  - MaxHostConnections = 16  - Libcurl will limit the number of connections to a host
LogInit:  - LocalHostAddr = Default
LogInit:  - BufferSize = 65536
LogOnline: OSS: Creating online subsystem instance for: NULL
LogInit: WinSock: version 1.1 (2.2), MaxSocks=32767, MaxUdp=65467
LogOnline: OSS: TryLoadSubsystemAndSetDefault: Loaded subsystem for module [NULL]
LogInit: Build: ++UE4+Release-4.24-CL-11590370
LogInit: Engine Version: 4.24.3-11590370+++UE4+Release-4.24
LogInit: Compatible Engine Version: 4.24.0-10570792+++UE4+Release-4.24
LogInit: Net CL: 10570792
LogInit: OS: Windows 10 (Release 1903) (), CPU: AMD A8-5600K APU with Radeon(tm) HD Graphics   , GPU: AMD Radeon HD 5450
LogInit: Compiled (64-bit): Feb 24 2020 15:39:18
LogInit: Compiled with Visual C++: 19.16.27032.01
LogInit: Build Configuration: DebugGame
LogInit: Branch Name: ++UE4+Release-4.24
LogInit: Command Line:  -skipcompile
LogInit: Base Directory: C:/Program Files/Epic Games/UE_4.24/Engine/Binaries/Win64/
LogInit: Installed Engine Build: 1
LogDevObjectVersion: Number of dev versions registered: 25
LogDevObjectVersion:   Dev-Blueprints (B0D832E4-1F89-4F0D-ACCF-7EB736FD4AA2): 10
LogDevObjectVersion:   Dev-Build (E1C64328-A22C-4D53-A36C-8E866417BD8C): 0
LogDevObjectVersion:   Dev-Core (375EC13C-06E4-48FB-B500-84F0262A717E): 3
LogDevObjectVersion:   Dev-Editor (E4B068ED-F494-42E9-A231-DA0B2E46BB41): 37
LogDevObjectVersion:   Dev-Framework (CFFC743F-43B0-4480-9391-14DF171D2073): 36
LogDevObjectVersion:   Dev-Mobile (B02B49B5-BB20-44E9-A304-32B752E40360): 2
LogDevObjectVersion:   Dev-Networking (A4E4105C-59A1-49B5-A7C5-40C4547EDFEE): 0
LogDevObjectVersion:   Dev-Online (39C831C9-5AE6-47DC-9A44-9C173E1C8E7C): 0
LogDevObjectVersion:   Dev-Physics (78F01B33-EBEA-4F98-B9B4-84EACCB95AA2): 2
LogDevObjectVersion:   Dev-Platform (6631380F-2D4D-43E0-8009-CF276956A95A): 0
LogDevObjectVersion:   Dev-Rendering (12F88B9F-8875-4AFC-A67C-D90C383ABD29): 36
LogDevObjectVersion:   Dev-Sequencer (7B5AE74C-D270-4C10-A958-57980B212A5A): 11
LogDevObjectVersion:   Dev-VR (D7296918-1DD6-4BDD-9DE2-64A83CC13884): 2
LogDevObjectVersion:   Dev-LoadTimes (C2A15278-BFE7-4AFE-6C17-90FF531DF755): 1
LogDevObjectVersion:   Private-Geometry (6EACA3D4-40EC-4CC1-B786-8BED09428FC5): 3
LogDevObjectVersion:   Dev-AnimPhys (29E575DD-E0A3-4627-9D10-D276232CDCEA): 17
LogDevObjectVersion:   Dev-Anim (AF43A65D-7FD3-4947-9873-3E8ED9C1BB05): 2
LogDevObjectVersion:   Dev-ReflectionCapture (6B266CEC-1EC7-4B8F-A30B-E4D90942FC07): 1
LogDevObjectVersion:   Dev-Automation (0DF73D61-A23F-47EA-B727-89E90C41499A): 1
LogDevObjectVersion:   FortniteMain (601D1886-AC64-4F84-AA16-D3DE0DEAC7D6): 31
LogDevObjectVersion:   Dev-Enterprise (9DFFBCD6-494F-0158-E221-12823C92A888): 8
LogDevObjectVersion:   Dev-Niagara (F2AED0AC-9AFE-416F-8664-AA7FFA26D6FC): 1
LogDevObjectVersion:   Dev-Destruction (174F1F0B-B4C6-45A5-B13F-2EE8D0FB917D): 9
LogDevObjectVersion:   Dev-Physics-Ext (35F94A83-E258-406C-A318-09F59610247C): 8
LogDevObjectVersion:   Dev-CineCamera (B2E18506-4273-CFC2-A54E-F4BB758BBA07): 1
LogInit: Presizing for max 25165824 objects, including 0 objects not considered by GC, pre-allocating 0 bytes for permanent pool.
LogInit: Object subsystem initialized
LogConfig: Setting CVar [[con.DebugEarlyDefault:1]]
LogConfig: Setting CVar [[r.setres:1280x720]]
[2020.05.16-01.18.40:342][  0]LogConfig: Setting CVar [[r.VSync:0]]
[2020.05.16-01.18.40:342][  0]LogConfig: Setting CVar [[r.RHICmdBypass:0]]
[2020.05.16-01.18.40:343][  0]LogConfig: Applying CVar settings from Section [/Script/Engine.RendererSettings] File [C:/Users/Theo/Desktop/TSDVJ_Unreal_Practica/Proyecto1_Leyenda/Saved/Config/Windows/Engine.ini]
[2020.05.16-01.18.40:343][  0]LogConfig: Setting CVar [[r.GPUCrashDebugging:0]]
[2020.05.16-01.18.40:343][  0]LogConfig: Setting CVar [[r.MobileHDR:1]]
[2020.05.16-01.18.40:343][  0]LogConfig: Setting CVar [[r.Mobile.DisableVertexFog:1]]
[2020.05.16-01.18.40:343][  0]LogConfig: Setting CVar [[r.Shadow.CSM.MaxMobileCascades:2]]
[2020.05.16-01.18.40:343][  0]LogConfig: Setting CVar [[r.MobileMSAA:1]]
[2020.05.16-01.18.40:343][  0]LogConfig: Setting CVar [[r.Mobile.UseLegacyShadingModel:0]]
[2020.05.16-01.18.40:343][  0]LogConfig: Setting CVar [[r.Mobile.UseHWsRGBEncoding:0]]
[2020.05.16-01.18.40:343][  0]LogConfig: Setting CVar [[r.Mobile.AllowDitheredLODTransition:0]]
[2020.05.16-01.18.40:343][  0]LogConfig: Setting CVar [[r.Mobile.AllowSoftwareOcclusion:0]]
[2020.05.16-01.18.40:343][  0]LogConfig: Setting CVar [[r.DiscardUnusedQuality:0]]
[2020.05.16-01.18.40:343][  0]LogConfig: Setting CVar [[r.AllowOcclusionQueries:1]]
[2020.05.16-01.18.40:343][  0]LogConfig: Setting CVar [[r.MinScreenRadiusForLights:0.030000]]
[2020.05.16-01.18.40:343][  0]LogConfig: Setting CVar [[r.MinScreenRadiusForDepthPrepass:0.030000]]
[2020.05.16-01.18.40:343][  0]LogConfig: Setting CVar [[r.MinScreenRadiusForCSMDepth:0.010000]]
[2020.05.16-01.18.40:343][  0]LogConfig: Setting CVar [[r.PrecomputedVisibilityWarning:0]]
[2020.05.16-01.18.40:343][  0]LogConfig: Setting CVar [[r.TextureStreaming:1]]
[2020.05.16-01.18.40:343][  0]LogConfig: Setting CVar [[Compat.UseDXT5NormalMaps:0]]
[2020.05.16-01.18.40:343][  0]LogConfig: Setting CVar [[r.VirtualTextures:0]]
[2020.05.16-01.18.40:343][  0]LogConfig: Setting CVar [[r.VirtualTexturedLightmaps:0]]
[2020.05.16-01.18.40:343][  0]LogConfig: Setting CVar [[r.VT.TileSize:128]]
[2020.05.16-01.18.40:343][  0]LogConfig: Setting CVar [[r.VT.TileBorderSize:4]]
[2020.05.16-01.18.40:343][  0]LogConfig: Setting CVar [[r.vt.FeedbackFactor:16]]
[2020.05.16-01.18.40:343][  0]LogConfig: Setting CVar [[r.VT.EnableCompressZlib:1]]
[2020.05.16-01.18.40:343][  0]LogConfig: Setting CVar [[r.VT.EnableCompressCrunch:0]]
[2020.05.16-01.18.40:343][  0]LogConfig: Setting CVar [[r.ClearCoatNormal:0]]
[2020.05.16-01.18.40:343][  0]LogConfig: Setting CVar [[r.ReflectionCaptureResolution:128]]
[2020.05.16-01.18.40:343][  0]LogConfig: Setting CVar [[r.ReflectionEnvironmentLightmapMixBasedOnRoughness:1]]
[2020.05.16-01.18.40:343][  0]LogConfig: Setting CVar [[r.ForwardShading:0]]
[2020.05.16-01.18.40:343][  0]LogConfig: Setting CVar [[r.VertexFoggingForOpaque:1]]
[2020.05.16-01.18.40:343][  0]LogConfig: Setting CVar [[r.AllowStaticLighting:1]]
[2020.05.16-01.18.40:344][  0]LogConfig: Setting CVar [[r.NormalMapsForStaticLighting:0]]
[2020.05.16-01.18.40:344][  0]LogConfig: Setting CVar [[r.GenerateMeshDistanceFields:0]]
[2020.05.16-01.18.40:344][  0]LogConfig: Setting CVar [[r.DistanceFieldBuild.EightBit:0]]
[2020.05.16-01.18.40:344][  0]LogConfig: Setting CVar [[r.GenerateLandscapeGIData:0]]
[2020.05.16-01.18.40:344][  0]LogConfig: Setting CVar [[r.DistanceFieldBuild.Compress:0]]
[2020.05.16-01.18.40:344][  0]LogConfig: Setting CVar [[r.TessellationAdaptivePixelsPerTriangle:48.000000]]
[2020.05.16-01.18.40:344][  0]LogConfig: Setting CVar [[r.SeparateTranslucency:1]]
[2020.05.16-01.18.40:344][  0]LogConfig: Setting CVar [[r.TranslucentSortPolicy:0]]
[2020.05.16-01.18.40:344][  0]LogConfig: Setting CVar [[r.CustomDepth:1]]
[2020.05.16-01.18.40:344][  0]LogConfig: Setting CVar [[r.CustomDepthTemporalAAJitter:1]]
[2020.05.16-01.18.40:344][  0]LogConfig: Setting CVar [[r.PostProcessing.PropagateAlpha:0]]
[2020.05.16-01.18.40:344][  0]LogConfig: Setting CVar [[r.DefaultFeature.Bloom:1]]
[2020.05.16-01.18.40:344][  0]LogConfig: Setting CVar [[r.DefaultFeature.AmbientOcclusion:1]]
[2020.05.16-01.18.40:344][  0]LogConfig: Setting CVar [[r.DefaultFeature.AmbientOcclusionStaticFraction:1]]
[2020.05.16-01.18.40:344][  0]LogConfig: Setting CVar [[r.DefaultFeature.AutoExposure:0]]
[2020.05.16-01.18.40:344][  0]LogConfig: Setting CVar [[r.DefaultFeature.AutoExposure.Method:0]]
[2020.05.16-01.18.40:344][  0]LogConfig: Setting CVar [[r.DefaultFeature.AutoExposure.ExtendDefaultLuminanceRange:0]]
[2020.05.16-01.18.40:344][  0]LogConfig: Setting CVar [[r.UsePreExposure:1]]
[2020.05.16-01.18.40:344][  0]LogConfig: Setting CVar [[r.EyeAdaptation.EditorOnly:1]]
[2020.05.16-01.18.40:344][  0]LogConfig: Setting CVar [[r.DefaultFeature.MotionBlur:0]]
[2020.05.16-01.18.40:344][  0]LogConfig: Setting CVar [[r.DefaultFeature.LensFlare:0]]
[2020.05.16-01.18.40:344][  0]LogConfig: Setting CVar [[r.TemporalAA.Upsampling:0]]
[2020.05.16-01.18.40:344][  0]LogConfig: Setting CVar [[r.SSGI.Enable:0]]
[2020.05.16-01.18.40:344][  0]LogConfig: Setting CVar [[r.DefaultFeature.AntiAliasing:0]]
[2020.05.16-01.18.40:344][  0]LogConfig: Setting CVar [[r.DefaultFeature.LightUnits:1]]
[2020.05.16-01.18.40:344][  0]LogConfig: Setting CVar [[r.DefaultBackBufferPixelFormat:4]]
[2020.05.16-01.18.40:344][  0]LogConfig: Setting CVar [[r.Shadow.UnbuiltPreviewInGame:1]]
[2020.05.16-01.18.40:344][  0]LogConfig: Setting CVar [[r.StencilForLODDither:0]]
[2020.05.16-01.18.40:344][  0]LogConfig: Setting CVar [[r.EarlyZPass:3]]
[2020.05.16-01.18.40:344][  0]LogConfig: Setting CVar [[r.EarlyZPassOnlyMaterialMasking:0]]
[2020.05.16-01.18.40:344][  0]LogConfig: Setting CVar [[r.DBuffer:1]]
[2020.05.16-01.18.40:345][  0]LogConfig: Setting CVar [[r.ClearSceneMethod:1]]
[2020.05.16-01.18.40:345][  0]LogConfig: Setting CVar [[r.BasePassOutputsVelocity:0]]
[2020.05.16-01.18.40:345][  0]LogConfig: Setting CVar [[r.SelectiveBasePassOutputs:0]]
[2020.05.16-01.18.40:345][  0]LogConfig: Setting CVar [[fx.GPUSimulationTextureSizeX:1024]]
[2020.05.16-01.18.40:345][  0]LogConfig: Setting CVar [[fx.GPUSimulationTextureSizeY:1024]]
[2020.05.16-01.18.40:345][  0]LogConfig: Setting CVar [[r.AllowGlobalClipPlane:0]]
[2020.05.16-01.18.40:345][  0]LogConfig: Setting CVar [[r.GBufferFormat:1]]
[2020.05.16-01.18.40:345][  0]LogConfig: Setting CVar [[r.MorphTarget.Mode:1]]
[2020.05.16-01.18.40:345][  0]LogConfig: Setting CVar [[vr.InstancedStereo:0]]
[2020.05.16-01.18.40:345][  0]LogConfig: Setting CVar [[vr.MultiView:0]]
[2020.05.16-01.18.40:345][  0]LogConfig: Setting CVar [[vr.MobileMultiView:0]]
[2020.05.16-01.18.40:345][  0]LogConfig: Setting CVar [[vr.MobileMultiView.Direct:0]]
[2020.05.16-01.18.40:345][  0]LogConfig: Setting CVar [[vr.RoundRobinOcclusion:0]]
[2020.05.16-01.18.40:345][  0]LogConfig: Setting CVar [[vr.ODSCapture:0]]
[2020.05.16-01.18.40:345][  0]LogConfig: Setting CVar [[r.WireframeCullThreshold:5.000000]]
[2020.05.16-01.18.40:345][  0]LogConfig: Setting CVar [[r.RayTracing:0]]
[2020.05.16-01.18.40:345][  0]LogConfig: Setting CVar [[r.RayTracing.UseTextureLod:0]]
[2020.05.16-01.18.40:345][  0]LogConfig: Setting CVar [[r.SupportStationarySkylight:1]]
[2020.05.16-01.18.40:345][  0]LogConfig: Setting CVar [[r.SupportLowQualityLightmaps:1]]
[2020.05.16-01.18.40:345][  0]LogConfig: Setting CVar [[r.SupportPointLightWholeSceneShadows:1]]
[2020.05.16-01.18.40:345][  0]LogConfig: Setting CVar [[r.SupportAtmosphericFog:1]]
[2020.05.16-01.18.40:345][  0]LogConfig: Setting CVar [[r.SupportSkyAtmosphere:1]]
[2020.05.16-01.18.40:345][  0]LogConfig: Setting CVar [[r.SupportSkyAtmosphereAffectsHeightFog:0]]
[2020.05.16-01.18.40:345][  0]LogConfig: Setting CVar [[r.SkinCache.CompileShaders:0]]
[2020.05.16-01.18.40:345][  0]LogConfig: Setting CVar [[r.Mobile.EnableStaticAndCSMShadowReceivers:1]]
[2020.05.16-01.18.40:345][  0]LogConfig: Setting CVar [[r.Mobile.EnableMovableLightCSMShaderCulling:1]]
[2020.05.16-01.18.40:345][  0]LogConfig: Setting CVar [[r.Mobile.AllowDistanceFieldShadows:1]]
[2020.05.16-01.18.40:345][  0]LogConfig: Setting CVar [[r.Mobile.AllowMovableDirectionalLights:1]]
[2020.05.16-01.18.40:345][  0]LogConfig: Setting CVar [[r.MobileNumDynamicPointLights:4]]
[2020.05.16-01.18.40:345][  0]LogConfig: Setting CVar [[r.MobileDynamicPointLightsUseStaticBranch:1]]
[2020.05.16-01.18.40:346][  0]LogConfig: Setting CVar [[r.Mobile.EnableMovableSpotlights:0]]
[2020.05.16-01.18.40:346][  0]LogConfig: Setting CVar [[r.SkinCache.SceneMemoryLimitInMB:128.000000]]
[2020.05.16-01.18.40:346][  0]LogConfig: Setting CVar [[r.GPUSkin.Limit2BoneInfluences:0]]
[2020.05.16-01.18.40:346][  0]LogConfig: Setting CVar [[r.SupportDepthOnlyIndexBuffers:1]]
[2020.05.16-01.18.40:346][  0]LogConfig: Setting CVar [[r.SupportReversedIndexBuffers:1]]
[2020.05.16-01.18.40:346][  0]LogConfig: Setting CVar [[r.SupportMaterialLayers:0]]
[2020.05.16-01.18.40:346][  0]LogConfig: Setting CVar [[r.LightPropagationVolume:0]]
[2020.05.16-01.18.40:346][  0]LogConfig: Applying CVar settings from Section [/Script/Engine.RendererOverrideSettings] File [C:/Users/Theo/Desktop/TSDVJ_Unreal_Practica/Proyecto1_Leyenda/Saved/Config/Windows/Engine.ini]
[2020.05.16-01.18.40:346][  0]LogConfig: Applying CVar settings from Section [/Script/Engine.StreamingSettings] File [C:/Users/Theo/Desktop/TSDVJ_Unreal_Practica/Proyecto1_Leyenda/Saved/Config/Windows/Engine.ini]
[2020.05.16-01.18.40:346][  0]LogConfig: Setting CVar [[s.MinBulkDataSizeForAsyncLoading:131072]]
[2020.05.16-01.18.40:346][  0]LogConfig: Setting CVar [[s.AsyncLoadingThreadEnabled:0]]
[2020.05.16-01.18.40:346][  0]LogConfig: Setting CVar [[s.EventDrivenLoaderEnabled:1]]
[2020.05.16-01.18.40:346][  0]LogConfig: Setting CVar [[s.WarnIfTimeLimitExceeded:0]]
[2020.05.16-01.18.40:346][  0]LogConfig: Setting CVar [[s.TimeLimitExceededMultiplier:1.5]]
[2020.05.16-01.18.40:346][  0]LogConfig: Setting CVar [[s.TimeLimitExceededMinTime:0.005]]
[2020.05.16-01.18.40:346][  0]LogConfig: Setting CVar [[s.UseBackgroundLevelStreaming:1]]
[2020.05.16-01.18.40:346][  0]LogConfig: Setting CVar [[s.PriorityAsyncLoadingExtraTime:15.0]]
[2020.05.16-01.18.40:346][  0]LogConfig: Setting CVar [[s.LevelStreamingActorsUpdateTimeLimit:5.0]]
[2020.05.16-01.18.40:346][  0]LogConfig: Setting CVar [[s.PriorityLevelStreamingActorsUpdateExtraTime:5.0]]
[2020.05.16-01.18.40:346][  0]LogConfig: Setting CVar [[s.LevelStreamingComponentsRegistrationGranularity:10]]
[2020.05.16-01.18.40:346][  0]LogConfig: Setting CVar [[s.UnregisterComponentsTimeLimit:1.0]]
[2020.05.16-01.18.40:346][  0]LogConfig: Setting CVar [[s.LevelStreamingComponentsUnregistrationGranularity:5]]
[2020.05.16-01.18.40:346][  0]LogConfig: Setting CVar [[s.FlushStreamingOnExit:1]]
[2020.05.16-01.18.40:346][  0]LogConfig: Applying CVar settings from Section [/Script/Engine.GarbageCollectionSettings] File [C:/Users/Theo/Desktop/TSDVJ_Unreal_Practica/Proyecto1_Leyenda/Saved/Config/Windows/Engine.ini]
[2020.05.16-01.18.40:346][  0]LogConfig: Setting CVar [[gc.MaxObjectsNotConsideredByGC:1]]
[2020.05.16-01.18.40:346][  0]LogConfig: Setting CVar [[gc.SizeOfPermanentObjectPool:0]]
[2020.05.16-01.18.40:346][  0]LogConfig: Setting CVar [[gc.FlushStreamingOnGC:0]]
[2020.05.16-01.18.40:346][  0]LogConfig: Setting CVar [[gc.NumRetriesBeforeForcingGC:10]]
[2020.05.16-01.18.40:346][  0]LogConfig: Setting CVar [[gc.AllowParallelGC:1]]
[2020.05.16-01.18.40:346][  0]LogConfig: Setting CVar [[gc.TimeBetweenPurgingPendingKillObjects:61.1]]
[2020.05.16-01.18.40:346][  0]LogConfig: Setting CVar [[gc.MaxObjectsInEditor:25165824]]
[2020.05.16-01.18.40:347][  0]LogConfig: Setting CVar [[gc.IncrementalBeginDestroyEnabled:1]]
[2020.05.16-01.18.40:347][  0]LogConfig: Setting CVar [[gc.CreateGCClusters:1]]
[2020.05.16-01.18.40:347][  0]LogConfig: Setting CVar [[gc.MinGCClusterSize:5]]
[2020.05.16-01.18.40:347][  0]LogConfig: Setting CVar [[gc.ActorClusteringEnabled:0]]
[2020.05.16-01.18.40:347][  0]LogConfig: Setting CVar [[gc.BlueprintClusteringEnabled:0]]
[2020.05.16-01.18.40:347][  0]LogConfig: Setting CVar [[gc.UseDisregardForGCOnDedicatedServers:0]]
[2020.05.16-01.18.40:347][  0]LogConfig: Applying CVar settings from Section [/Script/Engine.NetworkSettings] File [C:/Users/Theo/Desktop/TSDVJ_Unreal_Practica/Proyecto1_Leyenda/Saved/Config/Windows/Engine.ini]
[2020.05.16-01.18.40:347][  0]LogConfig: Applying CVar settings from Section [/Script/UnrealEd.CookerSettings] File [C:/Users/Theo/Desktop/TSDVJ_Unreal_Practica/Proyecto1_Leyenda/Saved/Config/Windows/Engine.ini]
[2020.05.16-01.18.40:353][  0]LogConfig: Applying CVar settings from Section [ViewDistanceQuality@3] File [C:/Users/Theo/Desktop/TSDVJ_Unreal_Practica/Proyecto1_Leyenda/Saved/Config/Windows/Scalability.ini]
[2020.05.16-01.18.40:354][  0]LogConfig: Setting CVar [[r.SkeletalMeshLODBias:0]]
[2020.05.16-01.18.40:354][  0]LogConfig: Setting CVar [[r.ViewDistanceScale:1.0]]
[2020.05.16-01.18.40:354][  0]LogConfig: Applying CVar settings from Section [AntiAliasingQuality@3] File [C:/Users/Theo/Desktop/TSDVJ_Unreal_Practica/Proyecto1_Leyenda/Saved/Config/Windows/Scalability.ini]
[2020.05.16-01.18.40:354][  0]LogConfig: Setting CVar [[r.PostProcessAAQuality:4]]
[2020.05.16-01.18.40:354][  0]LogConfig: Applying CVar settings from Section [ShadowQuality@3] File [C:/Users/Theo/Desktop/TSDVJ_Unreal_Practica/Proyecto1_Leyenda/Saved/Config/Windows/Scalability.ini]
[2020.05.16-01.18.40:354][  0]LogConfig: Setting CVar [[r.LightFunctionQuality:1]]
[2020.05.16-01.18.40:354][  0]LogConfig: Setting CVar [[r.ShadowQuality:5]]
[2020.05.16-01.18.40:354][  0]LogConfig: Setting CVar [[r.Shadow.CSM.MaxCascades:10]]
[2020.05.16-01.18.40:354][  0]LogConfig: Setting CVar [[r.Shadow.MaxResolution:2048]]
[2020.05.16-01.18.40:354][  0]LogConfig: Setting CVar [[r.Shadow.MaxCSMResolution:2048]]
[2020.05.16-01.18.40:354][  0]LogConfig: Setting CVar [[r.Shadow.RadiusThreshold:0.01]]
[2020.05.16-01.18.40:355][  0]LogConfig: Setting CVar [[r.Shadow.DistanceScale:1.0]]
[2020.05.16-01.18.40:355][  0]LogConfig: Setting CVar [[r.Shadow.CSM.TransitionScale:1.0]]
[2020.05.16-01.18.40:355][  0]LogConfig: Setting CVar [[r.Shadow.PreShadowResolutionFactor:1.0]]
[2020.05.16-01.18.40:355][  0]LogConfig: Setting CVar [[r.DistanceFieldShadowing:1]]
[2020.05.16-01.18.40:355][  0]LogConfig: Setting CVar [[r.DistanceFieldAO:1]]
[2020.05.16-01.18.40:355][  0]LogConfig: Setting CVar [[r.AOQuality:2]]
[2020.05.16-01.18.40:355][  0]LogConfig: Setting CVar [[r.VolumetricFog:1]]
[2020.05.16-01.18.40:355][  0]LogConfig: Setting CVar [[r.VolumetricFog.GridPixelSize:8]]
[2020.05.16-01.18.40:355][  0]LogConfig: Setting CVar [[r.VolumetricFog.GridSizeZ:128]]
[2020.05.16-01.18.40:355][  0]LogConfig: Setting CVar [[r.VolumetricFog.HistoryMissSupersampleCount:4]]
[2020.05.16-01.18.40:355][  0]LogConfig: Setting CVar [[r.LightMaxDrawDistanceScale:1]]
[2020.05.16-01.18.40:355][  0]LogConfig: Setting CVar [[r.CapsuleShadows:1]]
[2020.05.16-01.18.40:355][  0]LogConfig: Applying CVar settings from Section [PostProcessQuality@3] File [C:/Users/Theo/Desktop/TSDVJ_Unreal_Practica/Proyecto1_Leyenda/Saved/Config/Windows/Scalability.ini]
[2020.05.16-01.18.40:356][  0]LogConfig: Setting CVar [[r.MotionBlurQuality:4]]
[2020.05.16-01.18.40:356][  0]LogConfig: Setting CVar [[r.AmbientOcclusionMipLevelFactor:0.4]]
[2020.05.16-01.18.40:356][  0]LogConfig: Setting CVar [[r.AmbientOcclusionMaxQuality:100]]
[2020.05.16-01.18.40:356][  0]LogConfig: Setting CVar [[r.AmbientOcclusionLevels:-1]]
[2020.05.16-01.18.40:356][  0]LogConfig: Setting CVar [[r.AmbientOcclusionRadiusScale:1.0]]
[2020.05.16-01.18.40:356][  0]LogConfig: Setting CVar [[r.DepthOfFieldQuality:2]]
[2020.05.16-01.18.40:356][  0]LogConfig: Setting CVar [[r.RenderTargetPoolMin:400]]
[2020.05.16-01.18.40:356][  0]LogConfig: Setting CVar [[r.LensFlareQuality:2]]
[2020.05.16-01.18.40:356][  0]LogConfig: Setting CVar [[r.SceneColorFringeQuality:1]]
[2020.05.16-01.18.40:356][  0]LogConfig: Setting CVar [[r.EyeAdaptationQuality:2]]
[2020.05.16-01.18.40:356][  0]LogConfig: Setting CVar [[r.BloomQuality:5]]
[2020.05.16-01.18.40:357][  0]LogConfig: Setting CVar [[r.FastBlurThreshold:100]]
[2020.05.16-01.18.40:357][  0]LogConfig: Setting CVar [[r.Upscale.Quality:3]]
[2020.05.16-01.18.40:357][  0]LogConfig: Setting CVar [[r.Tonemapper.GrainQuantization:1]]
[2020.05.16-01.18.40:357][  0]LogConfig: Setting CVar [[r.LightShaftQuality:1]]
[2020.05.16-01.18.40:357][  0]LogConfig: Setting CVar [[r.Filter.SizeScale:1]]
[2020.05.16-01.18.40:357][  0]LogConfig: Setting CVar [[r.Tonemapper.Quality:5]]
[2020.05.16-01.18.40:357][  0]LogConfig: Setting CVar [[r.DOF.Gather.AccumulatorQuality:1        ; higher gathering accumulator quality]]
[2020.05.16-01.18.40:357][  0]LogConfig: Setting CVar [[r.DOF.Gather.PostfilterMethod:1          ; Median3x3 postfilering method]]
[2020.05.16-01.18.40:357][  0]LogConfig: Setting CVar [[r.DOF.Gather.EnableBokehSettings:0       ; no bokeh simulation when gathering]]
[2020.05.16-01.18.40:357][  0]LogConfig: Setting CVar [[r.DOF.Gather.RingCount:4                 ; medium number of samples when gathering]]
[2020.05.16-01.18.40:357][  0]LogConfig: Setting CVar [[r.DOF.Scatter.ForegroundCompositing:1    ; additive foreground scattering]]
[2020.05.16-01.18.40:357][  0]LogConfig: Setting CVar [[r.DOF.Scatter.BackgroundCompositing:2    ; additive background scattering]]
[2020.05.16-01.18.40:358][  0]LogConfig: Setting CVar [[r.DOF.Scatter.EnableBokehSettings:1      ; bokeh simulation when scattering]]
[2020.05.16-01.18.40:358][  0]LogConfig: Setting CVar [[r.DOF.Scatter.MaxSpriteRatio:0.1         ; only a maximum of 10% of scattered bokeh]]
[2020.05.16-01.18.40:358][  0]LogConfig: Setting CVar [[r.DOF.Recombine.Quality:1                ; cheap slight out of focus]]
[2020.05.16-01.18.40:358][  0]LogConfig: Setting CVar [[r.DOF.Recombine.EnableBokehSettings:0    ; no bokeh simulation on slight out of focus]]
[2020.05.16-01.18.40:358][  0]LogConfig: Setting CVar [[r.DOF.TemporalAAQuality:1                ; more stable temporal accumulation]]
[2020.05.16-01.18.40:358][  0]LogConfig: Setting CVar [[r.DOF.Kernel.MaxForegroundRadius:0.025]]
[2020.05.16-01.18.40:358][  0]LogConfig: Setting CVar [[r.DOF.Kernel.MaxBackgroundRadius:0.025]]
[2020.05.16-01.18.40:358][  0]LogConfig: Applying CVar settings from Section [TextureQuality@3] File [C:/Users/Theo/Desktop/TSDVJ_Unreal_Practica/Proyecto1_Leyenda/Saved/Config/Windows/Scalability.ini]
[2020.05.16-01.18.40:358][  0]LogConfig: Setting CVar [[r.Streaming.MipBias:0]]
[2020.05.16-01.18.40:358][  0]LogConfig: Setting CVar [[r.Streaming.AmortizeCPUToGPUCopy:0]]
[2020.05.16-01.18.40:359][  0]LogConfig: Setting CVar [[r.Streaming.MaxNumTexturesToStreamPerFrame:0]]
[2020.05.16-01.18.40:359][  0]LogConfig: Setting CVar [[r.Streaming.Boost:1]]
[2020.05.16-01.18.40:359][  0]LogConfig: Setting CVar [[r.MaxAnisotropy:8]]
[2020.05.16-01.18.40:359][  0]LogConfig: Setting CVar [[r.VT.MaxAnisotropy:8]]
[2020.05.16-01.18.40:359][  0]LogConfig: Setting CVar [[r.Streaming.LimitPoolSizeToVRAM:0]]
[2020.05.16-01.18.40:359][  0]LogConfig: Setting CVar [[r.Streaming.PoolSize:1000]]
[2020.05.16-01.18.40:359][  0]LogConfig: Setting CVar [[r.Streaming.MaxEffectiveScreenSize:0]]
[2020.05.16-01.18.40:359][  0]LogConfig: Applying CVar settings from Section [EffectsQuality@3] File [C:/Users/Theo/Desktop/TSDVJ_Unreal_Practica/Proyecto1_Leyenda/Saved/Config/Windows/Scalability.ini]
[2020.05.16-01.18.40:359][  0]LogConfig: Setting CVar [[r.TranslucencyLightingVolumeDim:64]]
[2020.05.16-01.18.40:359][  0]LogConfig: Setting CVar [[r.RefractionQuality:2]]
[2020.05.16-01.18.40:359][  0]LogConfig: Setting CVar [[r.SSR.Quality:3]]
[2020.05.16-01.18.40:359][  0]LogConfig: Setting CVar [[r.SSR.HalfResSceneColor:0]]
[2020.05.16-01.18.40:359][  0]LogConfig: Setting CVar [[r.SceneColorFormat:4]]
[2020.05.16-01.18.40:359][  0]LogConfig: Setting CVar [[r.DetailMode:2]]
[2020.05.16-01.18.40:359][  0]LogConfig: Setting CVar [[r.TranslucencyVolumeBlur:1]]
[2020.05.16-01.18.40:360][  0]LogConfig: Setting CVar [[r.MaterialQualityLevel:1 ; High quality]]
[2020.05.16-01.18.40:360][  0]LogConfig: Setting CVar [[r.SSS.Scale:1]]
[2020.05.16-01.18.40:360][  0]LogConfig: Setting CVar [[r.SSS.SampleSet:2]]
[2020.05.16-01.18.40:360][  0]LogConfig: Setting CVar [[r.SSS.Quality:1]]
[2020.05.16-01.18.40:360][  0]LogConfig: Setting CVar [[r.SSS.HalfRes:1]]
[2020.05.16-01.18.40:360][  0]LogConfig: Setting CVar [[r.SSGI.Quality:3]]
[2020.05.16-01.18.40:360][  0]LogConfig: Setting CVar [[r.EmitterSpawnRateScale:1.0]]
[2020.05.16-01.18.40:360][  0]LogConfig: Setting CVar [[r.ParticleLightQuality:2]]
[2020.05.16-01.18.40:360][  0]LogConfig: Setting CVar [[r.SkyAtmosphere.AerialPerspectiveLUT.FastApplyOnOpaque:1 ; Always have FastSkyLUT 1 in this case to avoid wrong sky]]
[2020.05.16-01.18.40:360][  0]LogConfig: Setting CVar [[r.SkyAtmosphere.AerialPerspectiveLUT.SampleCountPerSlice:1]]
[2020.05.16-01.18.40:360][  0]LogConfig: Setting CVar [[r.SkyAtmosphere.AerialPerspectiveLUT.DepthResolution:16.0]]
[2020.05.16-01.18.40:360][  0]LogConfig: Setting CVar [[r.SkyAtmosphere.FastSkyLUT:1]]
[2020.05.16-01.18.40:360][  0]LogConfig: Setting CVar [[r.SkyAtmosphere.FastSkyLUT.SampleCountMin:4.0]]
[2020.05.16-01.18.40:361][  0]LogConfig: Setting CVar [[r.SkyAtmosphere.FastSkyLUT.SampleCountMax:32.0]]
[2020.05.16-01.18.40:361][  0]LogConfig: Setting CVar [[r.SkyAtmosphere.SampleCountMin:4.0]]
[2020.05.16-01.18.40:361][  0]LogConfig: Setting CVar [[r.SkyAtmosphere.SampleCountMax:32.0]]
[2020.05.16-01.18.40:361][  0]LogConfig: Setting CVar [[r.SkyAtmosphere.TransmittanceLUT.UseSmallFormat:0]]
[2020.05.16-01.18.40:361][  0]LogConfig: Setting CVar [[r.SkyAtmosphere.TransmittanceLUT.SampleCount:10.0]]
[2020.05.16-01.18.40:361][  0]LogConfig: Setting CVar [[r.SkyAtmosphere.MultiScatteringLUT.SampleCount:15.0]]
[2020.05.16-01.18.40:361][  0]LogConfig: Applying CVar settings from Section [FoliageQuality@3] File [C:/Users/Theo/Desktop/TSDVJ_Unreal_Practica/Proyecto1_Leyenda/Saved/Config/Windows/Scalability.ini]
[2020.05.16-01.18.40:361][  0]LogConfig: Setting CVar [[foliage.DensityScale:1.0]]
[2020.05.16-01.18.40:361][  0]LogConfig: Setting CVar [[grass.DensityScale:1.0]]
[2020.05.16-01.18.40:361][  0]LogConfig: Applying CVar settings from Section [ShadingQuality@3] File [C:/Users/Theo/Desktop/TSDVJ_Unreal_Practica/Proyecto1_Leyenda/Saved/Config/Windows/Scalability.ini]
[2020.05.16-01.18.40:361][  0]LogConfig: Setting CVar [[r.HairStrands.SkyLighting.SampleCount:16]]
[2020.05.16-01.18.40:361][  0]LogConfig: Setting CVar [[r.HairStrands.SkyLighting.JitterIntegration:0]]
[2020.05.16-01.18.40:361][  0]LogConfig: Setting CVar [[r.HairStrands.SkyAO.SampleCount:16]]
[2020.05.16-01.18.40:362][  0]LogInit: Selected Device Profile: [Windows]
[2020.05.16-01.18.40:362][  0]LogInit: Applying CVar settings loaded from the selected device profile: [Windows]
[2020.05.16-01.18.40:377][  0]LogHAL: Display: Platform has ~ 8 GB [8541040640 / 8589934592 / 8], which maps to Default [LargestMinGB=32, LargerMinGB=12, DefaultMinGB=8, SmallerMinGB=6, SmallestMinGB=0)
[2020.05.16-01.18.40:377][  0]LogInit: Going up to parent DeviceProfile []
[2020.05.16-01.18.40:377][  0]LogConfig: Applying CVar settings from Section [ViewDistanceQuality@3] File [C:/Users/Theo/Desktop/TSDVJ_Unreal_Practica/Proyecto1_Leyenda/Saved/Config/Windows/Scalability.ini]
[2020.05.16-01.18.40:377][  0]LogConfig: Setting CVar [[r.SkeletalMeshLODBias:0]]
[2020.05.16-01.18.40:377][  0]LogConfig: Setting CVar [[r.ViewDistanceScale:1.0]]
[2020.05.16-01.18.40:377][  0]LogConfig: Applying CVar settings from Section [AntiAliasingQuality@3] File [C:/Users/Theo/Desktop/TSDVJ_Unreal_Practica/Proyecto1_Leyenda/Saved/Config/Windows/Scalability.ini]
[2020.05.16-01.18.40:377][  0]LogConfig: Setting CVar [[r.PostProcessAAQuality:4]]
[2020.05.16-01.18.40:377][  0]LogConfig: Applying CVar settings from Section [ShadowQuality@3] File [C:/Users/Theo/Desktop/TSDVJ_Unreal_Practica/Proyecto1_Leyenda/Saved/Config/Windows/Scalability.ini]
[2020.05.16-01.18.40:377][  0]LogConfig: Setting CVar [[r.LightFunctionQuality:1]]
[2020.05.16-01.18.40:378][  0]LogConfig: Setting CVar [[r.ShadowQuality:5]]
[2020.05.16-01.18.40:378][  0]LogConfig: Setting CVar [[r.Shadow.CSM.MaxCascades:10]]
[2020.05.16-01.18.40:378][  0]LogConfig: Setting CVar [[r.Shadow.MaxResolution:2048]]
[2020.05.16-01.18.40:378][  0]LogConfig: Setting CVar [[r.Shadow.MaxCSMResolution:2048]]
[2020.05.16-01.18.40:378][  0]LogConfig: Setting CVar [[r.Shadow.RadiusThreshold:0.01]]
[2020.05.16-01.18.40:378][  0]LogConfig: Setting CVar [[r.Shadow.DistanceScale:1.0]]
[2020.05.16-01.18.40:378][  0]LogConfig: Setting CVar [[r.Shadow.CSM.TransitionScale:1.0]]
[2020.05.16-01.18.40:378][  0]LogConfig: Setting CVar [[r.Shadow.PreShadowResolutionFactor:1.0]]
[2020.05.16-01.18.40:378][  0]LogConfig: Setting CVar [[r.DistanceFieldShadowing:1]]
[2020.05.16-01.18.40:378][  0]LogConfig: Setting CVar [[r.DistanceFieldAO:1]]
[2020.05.16-01.18.40:378][  0]LogConfig: Setting CVar [[r.AOQuality:2]]
[2020.05.16-01.18.40:378][  0]LogConfig: Setting CVar [[r.VolumetricFog:1]]
[2020.05.16-01.18.40:378][  0]LogConfig: Setting CVar [[r.VolumetricFog.GridPixelSize:8]]
[2020.05.16-01.18.40:378][  0]LogConfig: Setting CVar [[r.VolumetricFog.GridSizeZ:128]]
[2020.05.16-01.18.40:378][  0]LogConfig: Setting CVar [[r.VolumetricFog.HistoryMissSupersampleCount:4]]
[2020.05.16-01.18.40:378][  0]LogConfig: Setting CVar [[r.LightMaxDrawDistanceScale:1]]
[2020.05.16-01.18.40:378][  0]LogConfig: Setting CVar [[r.CapsuleShadows:1]]
[2020.05.16-01.18.40:378][  0]LogConfig: Applying CVar settings from Section [PostProcessQuality@3] File [C:/Users/Theo/Desktop/TSDVJ_Unreal_Practica/Proyecto1_Leyenda/Saved/Config/Windows/Scalability.ini]
[2020.05.16-01.18.40:378][  0]LogConfig: Setting CVar [[r.MotionBlurQuality:4]]
[2020.05.16-01.18.40:378][  0]LogConfig: Setting CVar [[r.AmbientOcclusionMipLevelFactor:0.4]]
[2020.05.16-01.18.40:378][  0]LogConfig: Setting CVar [[r.AmbientOcclusionMaxQuality:100]]
[2020.05.16-01.18.40:378][  0]LogConfig: Setting CVar [[r.AmbientOcclusionLevels:-1]]
[2020.05.16-01.18.40:378][  0]LogConfig: Setting CVar [[r.AmbientOcclusionRadiusScale:1.0]]
[2020.05.16-01.18.40:378][  0]LogConfig: Setting CVar [[r.DepthOfFieldQuality:2]]
[2020.05.16-01.18.40:378][  0]LogConfig: Setting CVar [[r.RenderTargetPoolMin:400]]
[2020.05.16-01.18.40:379][  0]LogConfig: Setting CVar [[r.LensFlareQuality:2]]
[2020.05.16-01.18.40:379][  0]LogConfig: Setting CVar [[r.SceneColorFringeQuality:1]]
[2020.05.16-01.18.40:379][  0]LogConfig: Setting CVar [[r.EyeAdaptationQuality:2]]
[2020.05.16-01.18.40:379][  0]LogConfig: Setting CVar [[r.BloomQuality:5]]
[2020.05.16-01.18.40:379][  0]LogConfig: Setting CVar [[r.FastBlurThreshold:100]]
[2020.05.16-01.18.40:379][  0]LogConfig: Setting CVar [[r.Upscale.Quality:3]]
[2020.05.16-01.18.40:379][  0]LogConfig: Setting CVar [[r.Tonemapper.GrainQuantization:1]]
[2020.05.16-01.18.40:379][  0]LogConfig: Setting CVar [[r.LightShaftQuality:1]]
[2020.05.16-01.18.40:379][  0]LogConfig: Setting CVar [[r.Filter.SizeScale:1]]
[2020.05.16-01.18.40:379][  0]LogConfig: Setting CVar [[r.Tonemapper.Quality:5]]
[2020.05.16-01.18.40:379][  0]LogConfig: Setting CVar [[r.DOF.Gather.AccumulatorQuality:1        ; higher gathering accumulator quality]]
[2020.05.16-01.18.40:379][  0]LogConfig: Setting CVar [[r.DOF.Gather.PostfilterMethod:1          ; Median3x3 postfilering method]]
[2020.05.16-01.18.40:379][  0]LogConfig: Setting CVar [[r.DOF.Gather.EnableBokehSettings:0       ; no bokeh simulation when gathering]]
[2020.05.16-01.18.40:379][  0]LogConfig: Setting CVar [[r.DOF.Gather.RingCount:4                 ; medium number of samples when gathering]]
[2020.05.16-01.18.40:379][  0]LogConfig: Setting CVar [[r.DOF.Scatter.ForegroundCompositing:1    ; additive foreground scattering]]
[2020.05.16-01.18.40:379][  0]LogConfig: Setting CVar [[r.DOF.Scatter.BackgroundCompositing:2    ; additive background scattering]]
[2020.05.16-01.18.40:379][  0]LogConfig: Setting CVar [[r.DOF.Scatter.EnableBokehSettings:1      ; bokeh simulation when scattering]]
[2020.05.16-01.18.40:379][  0]LogConfig: Setting CVar [[r.DOF.Scatter.MaxSpriteRatio:0.1         ; only a maximum of 10% of scattered bokeh]]
[2020.05.16-01.18.40:379][  0]LogConfig: Setting CVar [[r.DOF.Recombine.Quality:1                ; cheap slight out of focus]]
[2020.05.16-01.18.40:379][  0]LogConfig: Setting CVar [[r.DOF.Recombine.EnableBokehSettings:0    ; no bokeh simulation on slight out of focus]]
[2020.05.16-01.18.40:380][  0]LogConfig: Setting CVar [[r.DOF.TemporalAAQuality:1                ; more stable temporal accumulation]]
[2020.05.16-01.18.40:380][  0]LogConfig: Setting CVar [[r.DOF.Kernel.MaxForegroundRadius:0.025]]
[2020.05.16-01.18.40:380][  0]LogConfig: Setting CVar [[r.DOF.Kernel.MaxBackgroundRadius:0.025]]
[2020.05.16-01.18.40:380][  0]LogConfig: Applying CVar settings from Section [TextureQuality@3] File [C:/Users/Theo/Desktop/TSDVJ_Unreal_Practica/Proyecto1_Leyenda/Saved/Config/Windows/Scalability.ini]
[2020.05.16-01.18.40:380][  0]LogConfig: Setting CVar [[r.Streaming.MipBias:0]]
[2020.05.16-01.18.40:380][  0]LogConfig: Setting CVar [[r.Streaming.AmortizeCPUToGPUCopy:0]]
[2020.05.16-01.18.40:380][  0]LogConfig: Setting CVar [[r.Streaming.MaxNumTexturesToStreamPerFrame:0]]
[2020.05.16-01.18.40:380][  0]LogConfig: Setting CVar [[r.Streaming.Boost:1]]
[2020.05.16-01.18.40:380][  0]LogConfig: Setting CVar [[r.MaxAnisotropy:8]]
[2020.05.16-01.18.40:380][  0]LogConfig: Setting CVar [[r.VT.MaxAnisotropy:8]]
[2020.05.16-01.18.40:380][  0]LogConfig: Setting CVar [[r.Streaming.LimitPoolSizeToVRAM:0]]
[2020.05.16-01.18.40:380][  0]LogConfig: Setting CVar [[r.Streaming.PoolSize:1000]]
[2020.05.16-01.18.40:380][  0]LogConfig: Setting CVar [[r.Streaming.MaxEffectiveScreenSize:0]]
[2020.05.16-01.18.40:380][  0]LogConfig: Applying CVar settings from Section [EffectsQuality@3] File [C:/Users/Theo/Desktop/TSDVJ_Unreal_Practica/Proyecto1_Leyenda/Saved/Config/Windows/Scalability.ini]
[2020.05.16-01.18.40:380][  0]LogConfig: Setting CVar [[r.TranslucencyLightingVolumeDim:64]]
[2020.05.16-01.18.40:380][  0]LogConfig: Setting CVar [[r.RefractionQuality:2]]
[2020.05.16-01.18.40:380][  0]LogConfig: Setting CVar [[r.SSR.Quality:3]]
[2020.05.16-01.18.40:380][  0]LogConfig: Setting CVar [[r.SSR.HalfResSceneColor:0]]
[2020.05.16-01.18.40:380][  0]LogConfig: Setting CVar [[r.SceneColorFormat:4]]
[2020.05.16-01.18.40:380][  0]LogConfig: Setting CVar [[r.DetailMode:2]]
[2020.05.16-01.18.40:380][  0]LogConfig: Setting CVar [[r.TranslucencyVolumeBlur:1]]
[2020.05.16-01.18.40:380][  0]LogConfig: Setting CVar [[r.MaterialQualityLevel:1 ; High quality]]
[2020.05.16-01.18.40:381][  0]LogConfig: Setting CVar [[r.SSS.Scale:1]]
[2020.05.16-01.18.40:381][  0]LogConfig: Setting CVar [[r.SSS.SampleSet:2]]
[2020.05.16-01.18.40:381][  0]LogConfig: Setting CVar [[r.SSS.Quality:1]]
[2020.05.16-01.18.40:381][  0]LogConfig: Setting CVar [[r.SSS.HalfRes:1]]
[2020.05.16-01.18.40:381][  0]LogConfig: Setting CVar [[r.SSGI.Quality:3]]
[2020.05.16-01.18.40:381][  0]LogConfig: Setting CVar [[r.EmitterSpawnRateScale:1.0]]
[2020.05.16-01.18.40:381][  0]LogConfig: Setting CVar [[r.ParticleLightQuality:2]]
[2020.05.16-01.18.40:381][  0]LogConfig: Setting CVar [[r.SkyAtmosphere.AerialPerspectiveLUT.FastApplyOnOpaque:1 ; Always have FastSkyLUT 1 in this case to avoid wrong sky]]
[2020.05.16-01.18.40:381][  0]LogConfig: Setting CVar [[r.SkyAtmosphere.AerialPerspectiveLUT.SampleCountPerSlice:1]]
[2020.05.16-01.18.40:381][  0]LogConfig: Setting CVar [[r.SkyAtmosphere.AerialPerspectiveLUT.DepthResolution:16.0]]
[2020.05.16-01.18.40:381][  0]LogConfig: Setting CVar [[r.SkyAtmosphere.FastSkyLUT:1]]
[2020.05.16-01.18.40:381][  0]LogConfig: Setting CVar [[r.SkyAtmosphere.FastSkyLUT.SampleCountMin:4.0]]
[2020.05.16-01.18.40:381][  0]LogConfig: Setting CVar [[r.SkyAtmosphere.FastSkyLUT.SampleCountMax:32.0]]
[2020.05.16-01.18.40:381][  0]LogConfig: Setting CVar [[r.SkyAtmosphere.SampleCountMin:4.0]]
[2020.05.16-01.18.40:381][  0]LogConfig: Setting CVar [[r.SkyAtmosphere.SampleCountMax:32.0]]
[2020.05.16-01.18.40:381][  0]LogConfig: Setting CVar [[r.SkyAtmosphere.TransmittanceLUT.UseSmallFormat:0]]
[2020.05.16-01.18.40:381][  0]LogConfig: Setting CVar [[r.SkyAtmosphere.TransmittanceLUT.SampleCount:10.0]]
[2020.05.16-01.18.40:381][  0]LogConfig: Setting CVar [[r.SkyAtmosphere.MultiScatteringLUT.SampleCount:15.0]]
[2020.05.16-01.18.40:381][  0]LogConfig: Applying CVar settings from Section [FoliageQuality@3] File [C:/Users/Theo/Desktop/TSDVJ_Unreal_Practica/Proyecto1_Leyenda/Saved/Config/Windows/Scalability.ini]
[2020.05.16-01.18.40:381][  0]LogConfig: Setting CVar [[foliage.DensityScale:1.0]]
[2020.05.16-01.18.40:381][  0]LogConfig: Setting CVar [[grass.DensityScale:1.0]]
[2020.05.16-01.18.40:381][  0]LogConfig: Applying CVar settings from Section [ShadingQuality@3] File [C:/Users/Theo/Desktop/TSDVJ_Unreal_Practica/Proyecto1_Leyenda/Saved/Config/Windows/Scalability.ini]
[2020.05.16-01.18.40:381][  0]LogConfig: Setting CVar [[r.HairStrands.SkyLighting.SampleCount:16]]
[2020.05.16-01.18.40:381][  0]LogConfig: Setting CVar [[r.HairStrands.SkyLighting.JitterIntegration:0]]
[2020.05.16-01.18.40:381][  0]LogConfig: Setting CVar [[r.HairStrands.SkyAO.SampleCount:16]]
[2020.05.16-01.18.40:381][  0]LogConfig: Applying CVar settings from Section [Startup] File [../../../Engine/Config/ConsoleVariables.ini]
[2020.05.16-01.18.40:382][  0]LogConfig: Setting CVar [[net.UseAdaptiveNetUpdateFrequency:0]]
[2020.05.16-01.18.40:382][  0]LogConfig: Setting CVar [[p.chaos.AllowCreatePhysxBodies:1]]
[2020.05.16-01.18.40:382][  0]LogConfig: Applying CVar settings from Section [ConsoleVariables] File [C:/Users/Theo/Desktop/TSDVJ_Unreal_Practica/Proyecto1_Leyenda/Saved/Config/Windows/Engine.ini]
[2020.05.16-01.18.40:382][  0]LogInit: Computer: DESKTOP-6PDEUV4
[2020.05.16-01.18.40:382][  0]LogInit: User: Theo
[2020.05.16-01.18.40:382][  0]LogInit: CPU Page size=4096, Cores=2
[2020.05.16-01.18.40:382][  0]LogInit: High frequency timer resolution =14.318180 MHz
[2020.05.16-01.18.40:383][  0]LogMemory: Memory total: Physical=8.0GB (8GB approx)
[2020.05.16-01.18.40:383][  0]LogMemory: Platform Memory Stats for Windows
[2020.05.16-01.18.40:383][  0]LogMemory: Process Physical Memory: 104.93 MB used, 104.93 MB peak
[2020.05.16-01.18.40:383][  0]LogMemory: Process Virtual Memory: 99.55 MB used, 99.55 MB peak
[2020.05.16-01.18.40:383][  0]LogMemory: Physical Memory: 5214.07 MB used,  2931.30 MB free, 8145.37 MB total
[2020.05.16-01.18.40:383][  0]LogMemory: Virtual Memory: 5117.19 MB used,  134212608.00 MB free, 134217728.00 MB total
[2020.05.16-01.18.40:389][  0]LogWindows: WindowsPlatformFeatures enabled
[2020.05.16-01.18.40:439][  0]LogInit: Overriding language with editor language configuration option (en).
[2020.05.16-01.18.40:439][  0]LogInit: Overriding locale with editor locale configuration option (en).
[2020.05.16-01.18.41:155][  0]LogInit: Setting process to per monitor DPI aware
[2020.05.16-01.18.41:263][  0]LogSlate: New Slate User Created.  User Index 0, Is Virtual User: 0
[2020.05.16-01.18.41:263][  0]LogSlate: Slate User Registered.  User Index 0, Is Virtual User: 0
[2020.05.16-01.18.41:821][  0]LogHMD: Failed to initialize OpenVR with code 110
[2020.05.16-01.18.41:821][  0]LogD3D11RHI: D3D11 min allowed feature level: 11_0
[2020.05.16-01.18.41:821][  0]LogD3D11RHI: D3D11 max allowed feature level: 11_0
[2020.05.16-01.18.41:821][  0]LogD3D11RHI: D3D11 adapters:
[2020.05.16-01.18.41:861][  0]LogD3D11RHI:    0. 'AMD Radeon HD 5450' (Feature Level 11_0)
[2020.05.16-01.18.41:861][  0]LogD3D11RHI:       2034/0/3840 MB DedicatedVideo/DedicatedSystem/SharedSystem, Outputs:1, VendorId:0x1002
[2020.05.16-01.18.41:866][  0]LogD3D11RHI:    1. 'Microsoft Basic Render Driver' (Feature Level 11_0)
[2020.05.16-01.18.41:866][  0]LogD3D11RHI:       0/0/4072 MB DedicatedVideo/DedicatedSystem/SharedSystem, Outputs:0, VendorId:0x1414
[2020.05.16-01.18.41:866][  0]LogD3D11RHI: Chosen D3D11 Adapter: 0
[2020.05.16-01.18.41:880][  0]LogD3D11RHI: Creating new Direct3DDevice
[2020.05.16-01.18.41:881][  0]LogD3D11RHI:     GPU DeviceId: 0x68f9 (for the marketing name, search the web for "GPU Device Id")
[2020.05.16-01.18.41:881][  0]LogWindows: EnumDisplayDevices:
[2020.05.16-01.18.41:881][  0]LogWindows:    0. 'AMD Radeon HD 5450' (P:1 D:1)
[2020.05.16-01.18.41:884][  0]LogWindows:    1. 'AMD Radeon HD 5450' (P:0 D:0)
[2020.05.16-01.18.41:886][  0]LogWindows: DebugString: FoundDriverCount:2 
[2020.05.16-01.18.41:886][  0]LogD3D11RHI:     Adapter Name: AMD Radeon HD 5450
[2020.05.16-01.18.41:886][  0]LogD3D11RHI:   Driver Version: 15.201.1151.1008 (internal:15.201.1151.1008, unified:15.201.1151.1008)
[2020.05.16-01.18.41:886][  0]LogD3D11RHI:      Driver Date: 11-4-2015
[2020.05.16-01.18.41:886][  0]LogRHI: Texture pool is 1424 MB (70% of 2034 MB)
[2020.05.16-01.18.41:973][  0]LogD3D11RHI: AMD Pre GCN architecture detected, some driver workarounds will be in place
[2020.05.16-01.18.41:997][  0]LogD3D11RHI: RHI does not have support for 64 bit atomics
[2020.05.16-01.18.41:997][  0]LogD3D11RHI: Async texture creation enabled
[2020.05.16-01.18.42:023][  0]LogD3D11RHI: GPU Timing Frequency: 27.000000 (Debug: 2 1)
[2020.05.16-01.18.43:289][  0]LogTargetPlatformManager: Display: Loaded TargetPlatform 'AllDesktop'
[2020.05.16-01.18.43:432][  0]LogTargetPlatformManager: Display: Loaded TargetPlatform 'Android'
[2020.05.16-01.18.43:432][  0]LogTargetPlatformManager: Display: Loaded TargetPlatform 'Android_ASTC'
[2020.05.16-01.18.43:432][  0]LogTargetPlatformManager: Display: Loaded TargetPlatform 'Android_ATC'
[2020.05.16-01.18.43:432][  0]LogTargetPlatformManager: Display: Loaded TargetPlatform 'Android_DXT'
[2020.05.16-01.18.43:432][  0]LogTargetPlatformManager: Display: Loaded TargetPlatform 'Android_ETC1'
[2020.05.16-01.18.43:432][  0]LogTargetPlatformManager: Display: Loaded TargetPlatform 'Android_ETC1a'
[2020.05.16-01.18.43:432][  0]LogTargetPlatformManager: Display: Loaded TargetPlatform 'Android_ETC2'
[2020.05.16-01.18.43:432][  0]LogTargetPlatformManager: Display: Loaded TargetPlatform 'Android_PVRTC'
[2020.05.16-01.18.43:432][  0]LogTargetPlatformManager: Display: Loaded TargetPlatform 'AndroidClient'
[2020.05.16-01.18.43:432][  0]LogTargetPlatformManager: Display: Loaded TargetPlatform 'Android_ASTCClient'
[2020.05.16-01.18.43:432][  0]LogTargetPlatformManager: Display: Loaded TargetPlatform 'Android_ATCClient'
[2020.05.16-01.18.43:432][  0]LogTargetPlatformManager: Display: Loaded TargetPlatform 'Android_DXTClient'
[2020.05.16-01.18.43:432][  0]LogTargetPlatformManager: Display: Loaded TargetPlatform 'Android_ETC1Client'
[2020.05.16-01.18.43:432][  0]LogTargetPlatformManager: Display: Loaded TargetPlatform 'Android_ETC1aClient'
[2020.05.16-01.18.43:432][  0]LogTargetPlatformManager: Display: Loaded TargetPlatform 'Android_ETC2Client'
[2020.05.16-01.18.43:432][  0]LogTargetPlatformManager: Display: Loaded TargetPlatform 'Android_PVRTCClient'
[2020.05.16-01.18.43:432][  0]LogTargetPlatformManager: Display: Loaded TargetPlatform 'Android_Multi'
[2020.05.16-01.18.43:433][  0]LogTargetPlatformManager: Display: Loaded TargetPlatform 'Android_MultiClient'
[2020.05.16-01.18.43:487][  0]LogTargetPlatformManager: Display: Loaded TargetPlatform 'IOSClient'
[2020.05.16-01.18.43:487][  0]LogTargetPlatformManager: Display: Loaded TargetPlatform 'IOS'
[2020.05.16-01.18.43:532][  0]LogTargetPlatformManager: Display: Loaded TargetPlatform 'LinuxNoEditor'
[2020.05.16-01.18.43:557][  0]LogTargetPlatformManager: Display: Loaded TargetPlatform 'LinuxClient'
[2020.05.16-01.18.43:599][  0]LogTargetPlatformManager: Display: Loaded TargetPlatform 'LinuxServer'
[2020.05.16-01.18.43:638][  0]LogTargetPlatformManager: Display: Loaded TargetPlatform 'LinuxAArch64NoEditor'
[2020.05.16-01.18.43:670][  0]LogTargetPlatformManager: Display: Loaded TargetPlatform 'LinuxAArch64Client'
[2020.05.16-01.18.43:701][  0]LogTargetPlatformManager: Display: Loaded TargetPlatform 'LinuxAArch64Server'
[2020.05.16-01.18.43:816][  0]LogTargetPlatformManager: Display: Loaded TargetPlatform 'Lumin'
[2020.05.16-01.18.43:816][  0]LogTargetPlatformManager: Display: Loaded TargetPlatform 'LuminClient'
[2020.05.16-01.18.43:879][  0]LogTargetPlatformManager: Display: Loaded TargetPlatform 'TVOSClient'
[2020.05.16-01.18.43:879][  0]LogTargetPlatformManager: Display: Loaded TargetPlatform 'TVOS'
[2020.05.16-01.18.43:908][  0]LogTargetPlatformManager: Display: Loaded TargetPlatform 'WindowsNoEditor'
[2020.05.16-01.18.43:937][  0]LogTargetPlatformManager: Display: Loaded TargetPlatform 'Windows'
[2020.05.16-01.18.43:958][  0]LogTargetPlatformManager: Display: Loaded TargetPlatform 'WindowsClient'
[2020.05.16-01.18.43:977][  0]LogTargetPlatformManager: Display: Loaded TargetPlatform 'WindowsServer'
[2020.05.16-01.18.43:977][  0]LogTargetPlatformManager: Display: Building Assets For Windows
[2020.05.16-01.18.43:991][  0]LogAudioDebug: Display: Lib vorbis DLL was dynamically loaded.
[2020.05.16-01.18.44:064][  0]LogShaderCompilers: Guid format shader working directory is -32 characters bigger than the processId version (../../../../../../Users/Theo/Desktop/TSDVJ_Unreal_Practica/Proyecto1_Leyenda/Intermediate/Shaders/WorkingDirectory/11180/).
[2020.05.16-01.18.44:065][  0]LogShaderCompilers: Cleaned the shader compiler working directory 'C:/Users/Theo/AppData/Local/Temp/UnrealShaderWorkingDir/653CE0D345D030E6327C1D81B7909C4E/'.
[2020.05.16-01.18.44:065][  0]LogXGEController: Cannot use XGE Controller as Incredibuild is not installed on this machine.
[2020.05.16-01.18.44:066][  0]LogShaderCompilers: Cannot use XGE Shader Compiler as Incredibuild is not installed on this machine.
[2020.05.16-01.18.44:066][  0]LogShaderCompilers: Display: Using Local Shader Compiler.
[2020.05.16-01.18.57:806][  0]LogDerivedDataCache: Display: Max Cache Size: 512 MB
[2020.05.16-01.18.59:268][  0]LogDerivedDataCache: Loaded boot cache 1.46s 85MB C:/Users/Theo/AppData/Local/UnrealEngine/4.24/DerivedDataCache/Boot.ddc.
[2020.05.16-01.18.59:268][  0]LogDerivedDataCache: Display: Loaded Boot cache: C:/Users/Theo/AppData/Local/UnrealEngine/4.24/DerivedDataCache/Boot.ddc
[2020.05.16-01.18.59:269][  0]LogDerivedDataCache: FDerivedDataBackendGraph:  Pak pak cache file ../../../../../../Users/Theo/Desktop/TSDVJ_Unreal_Practica/Proyecto1_Leyenda/DerivedDataCache/DDC.ddp not found, will not use a pak cache.
[2020.05.16-01.18.59:269][  0]LogDerivedDataCache: Unable to find inner node Pak for hierarchical cache Hierarchy.
[2020.05.16-01.18.59:269][  0]LogDerivedDataCache: FDerivedDataBackendGraph:  CompressedPak pak cache file ../../../../../../Users/Theo/Desktop/TSDVJ_Unreal_Practica/Proyecto1_Leyenda/DerivedDataCache/Compressed.ddp not found, will not use a pak cache.
[2020.05.16-01.18.59:269][  0]LogDerivedDataCache: Unable to find inner node CompressedPak for hierarchical cache Hierarchy.
[2020.05.16-01.18.59:322][  0]LogDerivedDataCache: Display: Pak cache opened for reading ../../../Engine/DerivedDataCache/Compressed.ddp.
[2020.05.16-01.18.59:322][  0]LogDerivedDataCache: FDerivedDataBackendGraph:  EnterprisePak pak cache file ../../../Enterprise/DerivedDataCache/Compressed.ddp not found, will not use a pak cache.
[2020.05.16-01.18.59:322][  0]LogDerivedDataCache: Unable to find inner node EnterprisePak for hierarchical cache Hierarchy.
[2020.05.16-01.18.59:348][  0]LogDerivedDataCache: Using Local data cache path C:/Users/Theo/AppData/Local/UnrealEngine/Common/DerivedDataCache: Writable
[2020.05.16-01.18.59:348][  0]LogDerivedDataCache: Shared data cache path not found in *engine.ini, will not use an Shared cache.
[2020.05.16-01.18.59:348][  0]LogDerivedDataCache: Unable to find inner node Shared for hierarchical cache Hierarchy.
[2020.05.16-01.18.59:519][  0]LogMaterial: Verifying Global Shaders for PCD3D_SM5
[2020.05.16-01.18.59:544][  0]LogSlate: Using FreeType 2.10.0
[2020.05.16-01.18.59:723][  0]LogSlate: SlateFontServices - WITH_FREETYPE: 1, WITH_HARFBUZZ: 1
[2020.05.16-01.19.10:731][  0]LogAssetRegistry: FAssetRegistry took 0.0050 seconds to start up
[2020.05.16-01.19.12:907][  0]LogInit: Selected Device Profile: [Windows]
[2020.05.16-01.19.15:826][  0]LogMeshReduction: Using QuadricMeshReduction for automatic static mesh reduction
[2020.05.16-01.19.15:826][  0]LogMeshReduction: Using SimplygonMeshReduction for automatic skeletal mesh reduction
[2020.05.16-01.19.15:827][  0]LogMeshReduction: Using ProxyLODMeshReduction for automatic mesh merging
[2020.05.16-01.19.15:827][  0]LogMeshReduction: No distributed automatic mesh merging module available
[2020.05.16-01.19.15:827][  0]LogMeshMerging: No distributed automatic mesh merging module available
[2020.05.16-01.19.15:924][  0]LogNetVersion: Proyecto1_Leyenda 1.0.0, NetCL: 10570792, EngineNetVer: 13, GameNetVer: 0 (Checksum: 3210383174)
[2020.05.16-01.21.03:436][  0]LogAssetRegistry: Error: Failed to open file for write ../../../../../../Users/Theo/Desktop/TSDVJ_Unreal_Practica/Proyecto1_Leyenda/Intermediate/AssetRegistryCache/2657c409.bin
[2020.05.16-01.21.03:794][  0]LogPackageLocalizationCache: Processed 10 localized package path(s) for 1 prioritized culture(s) in 0.359973 seconds
[2020.05.16-01.21.03:812][  0]LogUObjectArray: 46750 objects as part of root set at end of initial load.
[2020.05.16-01.21.03:812][  0]LogUObjectAllocator: 8137160 out of 0 bytes used by permanent object pool.
[2020.05.16-01.21.03:812][  0]LogUObjectArray: CloseDisregardForGC: 0/0 objects in disregard for GC pool
[2020.05.16-01.21.15:239][  0]LogTcpMessaging: Initializing TcpMessaging bridge
[2020.05.16-01.21.15:316][  0]LogUdpMessaging: Initializing bridge on interface 0.0.0.0:0 to multicast group 230.0.0.1:6666.
[2020.05.16-01.21.31:990][  0]SourceControl: Source control is disabled
[2020.05.16-01.21.31:990][  0]SourceControl: Source control is disabled
[2020.05.16-01.21.32:332][  0]SourceControl: Source control is disabled
[2020.05.16-01.21.32:576][  0]SourceControl: Source control is disabled
[2020.05.16-01.21.32:686][  0]SourceControl: Source control is disabled
[2020.05.16-01.21.37:096][  0]LogAndroidPermission: UAndroidPermissionCallbackProxy::GetInstance
[2020.05.16-01.21.37:625][  0]LogAudioCaptureCore: Display: No Audio Capture implementations found. Audio input will be silent.
[2020.05.16-01.21.37:625][  0]LogAudioCaptureCore: Display: No Audio Capture implementations found. Audio input will be silent.
[2020.05.16-01.21.38:871][  0]LogOcInput: OculusInput pre-init called
[2020.05.16-01.21.38:969][  0]LogWindows: Failed to load 'OVRPlugin.dll' (GetLastError=126)
[2020.05.16-01.21.38:970][  0]LogWindows: File 'OVRPlugin.dll' does not exist
[2020.05.16-01.21.39:828][  0]LogEngine: Initializing Engine...
[2020.05.16-01.21.39:832][  0]LogHMD: Failed to initialize OpenVR with code 110
[2020.05.16-01.21.39:834][  0]LogStats: UGameplayTagsManager::InitializeManager -  0.000 s
[2020.05.16-01.21.41:193][  0]LogInit: Initializing FReadOnlyCVARCache
[2020.05.16-01.21.41:915][  0]LogAIModule: Creating AISystem for world Untitled
[2020.05.16-01.21.42:772][  0]LogAudioMixer: Display: Audio Mixer Platform Settings:
[2020.05.16-01.21.42:772][  0]LogAudioMixer: Display: 	Sample Rate:						  48000
[2020.05.16-01.21.42:772][  0]LogAudioMixer: Display: 	Callback Buffer Frame Size Requested: 1024
[2020.05.16-01.21.42:772][  0]LogAudioMixer: Display: 	Callback Buffer Frame Size To Use:	  1024
[2020.05.16-01.21.42:772][  0]LogAudioMixer: Display: 	Number of buffers to queue:			  2
[2020.05.16-01.21.42:772][  0]LogAudioMixer: Display: 	Max Channels (voices):				  32
[2020.05.16-01.21.42:772][  0]LogAudioMixer: Display: 	Number of Async Source Workers:		  0
[2020.05.16-01.21.42:772][  0]LogAudio: Display: AudioDevice MaxSources: 32
[2020.05.16-01.21.42:854][  0]LogAudio: Display: Using built-in audio occlusion.
[2020.05.16-01.21.42:855][  0]LogAudioMixer: Display: Initializing audio mixer.
[2020.05.16-01.21.43:098][  0]LogAudioMixer: Display: Audio Device Output Speaker Info:
[2020.05.16-01.21.43:098][  0]LogAudioMixer: Display: Name: Altavoces (Realtek High Definition Audio)
[2020.05.16-01.21.43:098][  0]LogAudioMixer: Display: Is Default: Yes
[2020.05.16-01.21.43:098][  0]LogAudioMixer: Display: Sample Rate: 48000
[2020.05.16-01.21.43:100][  0]LogAudioMixer: Display: Channel Count Used: 6
[2020.05.16-01.21.43:100][  0]LogAudioMixer: Display: Device Channel Count: 6
[2020.05.16-01.21.43:100][  0]LogAudioMixer: Display: Channel Order:
[2020.05.16-01.21.43:100][  0]LogAudioMixer: Display: 0: FrontLeft
[2020.05.16-01.21.43:100][  0]LogAudioMixer: Display: 1: FrontRight
[2020.05.16-01.21.43:100][  0]LogAudioMixer: Display: 2: FrontCenter
[2020.05.16-01.21.43:100][  0]LogAudioMixer: Display: 3: LowFrequency
[2020.05.16-01.21.43:100][  0]LogAudioMixer: Display: 4: BackLeft
[2020.05.16-01.21.43:100][  0]LogAudioMixer: Display: 5: BackRight
[2020.05.16-01.21.43:388][  0]LogAudioMixer: Display: Using Audio Device Altavoces (Realtek High Definition Audio)
[2020.05.16-01.21.43:418][  0]LogInit: FAudioDevice initialized.
[2020.05.16-01.21.43:419][  0]LogNetVersion: Set ProjectVersion to 1.0.0.0. Version Checksum will be recalculated on next use.
[2020.05.16-01.21.44:517][  0]LogDerivedDataCache: Saved boot cache 1.10s 85MB C:/Users/Theo/AppData/Local/UnrealEngine/4.24/DerivedDataCache/Boot.ddc.
[2020.05.16-01.21.44:532][  0]LogInit: Texture streaming: Enabled
[2020.05.16-01.21.45:268][  0]LogEngineSessionManager: EngineSessionManager initialized
[2020.05.16-01.21.45:268][  0]LogEditorSessionSummary: Verbose: Initializing EditorSessionSummaryWriter for editor session tracking
[2020.05.16-01.21.45:269][  0]LogOutputDevice: Warning: 

Script Stack (0 frames):

[2020.05.16-01.21.54:957][  0]LogStats: FPlatformStackWalk::StackWalkAndDump -  9.687 s
[2020.05.16-01.21.54:957][  0]LogOutputDevice: Error: === Handled ensure: ===
[2020.05.16-01.21.54:957][  0]LogOutputDevice: Error: 
[2020.05.16-01.21.54:957][  0]LogOutputDevice: Error: Ensure condition failed: IsLocked() [File:D:/Build/++UE4/Sync/Engine/Source/Developer/EditorAnalyticsSession/Private/EditorAnalyticsSession.cpp] [Line: 279]
[2020.05.16-01.21.54:957][  0]LogOutputDevice: Error: 
[2020.05.16-01.21.54:957][  0]LogOutputDevice: Error: Stack: 
[2020.05.16-01.21.54:957][  0]LogOutputDevice: Error: [Callstack] 0x00007ffa0c59e629 UE4Editor-EditorAnalyticsSession.dll!UnknownFunction []
[2020.05.16-01.21.54:957][  0]LogOutputDevice: Error: [Callstack] 0x00007ffa0c599835 UE4Editor-EditorAnalyticsSession.dll!UnknownFunction []
[2020.05.16-01.21.54:957][  0]LogOutputDevice: Error: [Callstack] 0x00007ff9d5618407 UE4Editor-Engine.dll!UnknownFunction []
[2020.05.16-01.21.54:958][  0]LogOutputDevice: Error: [Callstack] 0x00007ff9d6140f9b UE4Editor-Engine.dll!UnknownFunction []
[2020.05.16-01.21.54:958][  0]LogOutputDevice: Error: [Callstack] 0x00007ff9d8469ccd UE4Editor-UnrealEd.dll!UnknownFunction []
[2020.05.16-01.21.54:958][  0]LogOutputDevice: Error: [Callstack] 0x00007ff9d84691f3 UE4Editor-UnrealEd.dll!UnknownFunction []
[2020.05.16-01.21.54:958][  0]LogOutputDevice: Error: [Callstack] 0x00007ff9d8caf210 UE4Editor-UnrealEd.dll!UnknownFunction []
[2020.05.16-01.21.54:958][  0]LogOutputDevice: Error: [Callstack] 0x00007ff7cb012c2d UE4Editor-Win64-DebugGame.exe!UnknownFunction []
[2020.05.16-01.21.54:958][  0]LogOutputDevice: Error: [Callstack] 0x00007ff9d8c7ca07 UE4Editor-UnrealEd.dll!UnknownFunction []
[2020.05.16-01.21.54:958][  0]LogOutputDevice: Error: [Callstack] 0x00007ff7cb02c260 UE4Editor-Win64-DebugGame.exe!UnknownFunction []
[2020.05.16-01.21.54:958][  0]LogOutputDevice: Error: [Callstack] 0x00007ff7cb02c4ca UE4Editor-Win64-DebugGame.exe!UnknownFunction []
[2020.05.16-01.21.54:958][  0]LogOutputDevice: Error: [Callstack] 0x00007ff7cb03cebe UE4Editor-Win64-DebugGame.exe!UnknownFunction []
[2020.05.16-01.21.54:958][  0]LogOutputDevice: Error: [Callstack] 0x00007ff7cb03fcde UE4Editor-Win64-DebugGame.exe!UnknownFunction []
[2020.05.16-01.21.54:958][  0]LogOutputDevice: Error: [Callstack] 0x00007ffa25e17bd4 KERNEL32.DLL!UnknownFunction []
[2020.05.16-01.21.54:958][  0]LogOutputDevice: Error: [Callstack] 0x00007ffa260ace51 ntdll.dll!UnknownFunction []
[2020.05.16-01.21.54:959][  0]LogOutputDevice: Error: 
[2020.05.16-01.21.55:048][  0]LogStats:                SubmitErrorReport -  0.000 s
[2020.05.16-01.22.57:051][  0]LogStats:                    SendNewReport - 62.002 s
[2020.05.16-01.22.57:052][  0]LogStats:             FDebug::EnsureFailed - 71.783 s
[2020.05.16-01.22.57:255][  0]LogInit: Transaction tracking system initialized
[2020.05.16-01.22.57:284][  0]BlueprintLog: New page: Editor Load
[2020.05.16-01.22.57:601][  0]LocalizationService: Localization service is disabled
[2020.05.16-01.22.59:175][  0]LogFileCache: Scanning file cache for directory 'C:/Users/Theo/Desktop/TSDVJ_Unreal_Practica/Proyecto1_Leyenda/Content/' took 0.01s
[2020.05.16-01.22.59:175][  0]LogCook: Display: Max memory allowance for cook 16384mb min free memory 0mb
[2020.05.16-01.22.59:175][  0]LogCook: Display: Mobile HDR setting 1
[2020.05.16-01.24.33:005][  0]SourceControl: Source control is disabled
[2020.05.16-01.24.33:006][  0]Cmd: MAP LOAD FILE="../../../../../../Users/Theo/Desktop/TSDVJ_Unreal_Practica/Proyecto1_Leyenda/Content/ThirdPersonCPP/Maps/ThirdPersonExampleMap.umap" TEMPLATE=0 SHOWPROGRESS=1 FEATURELEVEL=3
[2020.05.16-01.24.33:008][  0]LightingResults: New page: Lighting Build
[2020.05.16-01.24.33:011][  0]LogWorld: UWorld::CleanupWorld for Untitled, bSessionEnded=true, bCleanupResources=true
[2020.05.16-01.24.33:011][  0]LogSlate: InvalidateAllWidgets triggered.  All widgets were invalidated
[2020.05.16-01.24.33:012][  0]MapCheck: New page: Map Check
[2020.05.16-01.24.33:012][  0]LightingResults: New page: Lighting Build
[2020.05.16-01.24.33:101][  0]LogUObjectHash: Compacting FUObjectHashTables data took   5.05ms
[2020.05.16-01.24.33:684][  0]LogAIModule: Creating AISystem for world ThirdPersonExampleMap
[2020.05.16-01.24.33:716][  0]LogEditorServer: Finished looking for orphan Actors (0.000 secs)
[2020.05.16-01.24.33:909][  0]LogUObjectHash: Compacting FUObjectHashTables data took  12.21ms
[2020.05.16-01.24.33:910][  0]Cmd: MAP CHECKDEP NOCLEARLOG
[2020.05.16-01.24.33:911][  0]MapCheck: Map check complete: 0 Error(s), 0 Warning(s), took 0.568ms to complete.
[2020.05.16-01.24.33:911][  0]LogFileHelpers: Loading map 'ThirdPersonExampleMap' took 0.905
[2020.05.16-01.24.34:191][  0]LogSlate: Updating window title bar state: overlay mode, drag disabled, window buttons hidden, title bar hidden
[2020.05.16-01.24.34:221][  0]LogSlate: Updating window title bar state: overlay mode, drag disabled, window buttons hidden, title bar hidden
[2020.05.16-01.24.34:255][  0]LogSlate: Updating window title bar state: overlay mode, drag disabled, window buttons hidden, title bar hidden
[2020.05.16-01.24.34:288][  0]LogSlate: Updating window title bar state: overlay mode, drag disabled, window buttons hidden, title bar hidden
[2020.05.16-01.24.34:297][  0]LogCollectionManager: Loaded 0 collections in 0.003888 seconds
[2020.05.16-01.24.34:344][  0]LogFileCache: Scanning file cache for directory 'C:/Users/Theo/Desktop/TSDVJ_Unreal_Practica/Proyecto1_Leyenda/Saved/Collections/' took 0.00s
[2020.05.16-01.24.34:344][  0]LogFileCache: Scanning file cache for directory 'C:/Users/Theo/Desktop/TSDVJ_Unreal_Practica/Proyecto1_Leyenda/Content/Developers/Theo/Collections/' took 0.00s
[2020.05.16-01.24.34:344][  0]LogFileCache: Scanning file cache for directory 'C:/Users/Theo/Desktop/TSDVJ_Unreal_Practica/Proyecto1_Leyenda/Content/Collections/' took 0.00s
[2020.05.16-01.24.34:344][  0]LogContentBrowser: Native class hierarchy populated in 0.0312 seconds. Added 3019 classes and 719 folders.
[2020.05.16-01.24.34:361][  0]LogContentBrowser: Native class hierarchy updated for 'WidgetCarousel' in 0.0017 seconds. Added 0 classes and 0 folders.
[2020.05.16-01.24.34:602][  0]LogContentBrowser: Native class hierarchy updated for 'AddContentDialog' in 0.0011 seconds. Added 0 classes and 0 folders.
[2020.05.16-01.24.34:612][  0]LogContentBrowser: Native class hierarchy updated for 'SceneOutliner' in 0.0011 seconds. Added 2 classes and 3 folders.
[2020.05.16-01.24.34:879][  0]LogSlate: Took 0.000625 seconds to synchronously load lazily loaded font '../../../Engine/Content/Slate/Fonts/Roboto-Regular.ttf' (155K)
[2020.05.16-01.24.34:885][  0]LogSlate: Took 0.000322 seconds to synchronously load lazily loaded font '../../../Engine/Content/Slate/Fonts/Roboto-Bold.ttf' (160K)
[2020.05.16-01.24.34:894][  0]LogSlate: Took 0.000397 seconds to synchronously load lazily loaded font '../../../Engine/Content/Editor/Slate/Fonts/FontAwesome.ttf' (139K)
[2020.05.16-01.24.35:217][  0]LogRenderer: Reallocating scene render targets to support 1092x600 Format 10 NumSamples 1 (Frame:1).
[2020.05.16-01.24.36:246][  0]LogSlate: Took 0.000384 seconds to synchronously load lazily loaded font '../../../Engine/Content/Slate/Fonts/Roboto-Light.ttf' (167K)
[2020.05.16-01.24.36:475][  0]LogContentBrowser: Native class hierarchy updated for 'HierarchicalLODOutliner' in 0.0009 seconds. Added 0 classes and 0 folders.
[2020.05.16-01.24.36:475][  0]LogLoad: (Engine Initialization) Total time: 363.24 seconds
[2020.05.16-01.24.36:475][  0]LogLoad: (Engine Initialization) Total Blueprint compile time: 0.00 seconds
[2020.05.16-01.24.36:566][  0]LogContentStreaming: Texture pool size now 1000 MB
[2020.05.16-01.24.39:592][  3]LogAssetRegistry: Asset discovery search completed in 328.8621 seconds
[2020.05.16-01.24.39:603][  3]LogCollectionManager: Fixed up redirectors for 0 collections in 0.000018 seconds (updated 0 objects)
[2020.05.16-01.25.14:911][208]LogRendererCore: Warning: Query 'Unaccounted' not ready.
[2020.05.16-01.25.36:743][417]LogEditorSessionSummary: Verbose: Initializing EditorSessionSummaryWriter for editor session tracking
[2020.05.16-01.25.36:766][417]LogEditorSessionSummary: EditorSessionSummaryWriter initialized
[2020.05.16-01.27.22:284][749]LogTemp: Repeating last play command: Selected Viewport
[2020.05.16-01.27.22:361][749]LogBlueprintUserMessages: Early PlayInEditor Detection: Level '/Game/ThirdPersonCPP/Maps/ThirdPersonExampleMap.ThirdPersonExampleMap:PersistentLevel' has LevelScriptBlueprint '/Game/ThirdPersonCPP/Maps/ThirdPersonExampleMap.ThirdPersonExampleMap:PersistentLevel.ThirdPersonExampleMap' with GeneratedClass '/Game/ThirdPersonCPP/Maps/ThirdPersonExampleMap.ThirdPersonExampleMap_C' with ClassGeneratedBy '/Game/ThirdPersonCPP/Maps/ThirdPersonExampleMap.ThirdPersonExampleMap:PersistentLevel.ThirdPersonExampleMap'
[2020.05.16-01.27.22:472][749]LogPlayLevel: PlayLevel: No blueprints needed recompiling
[2020.05.16-01.27.22:621][749]PIE: New page: PIE session: ThirdPersonExampleMap (May 15, 2020, 7:27:22 PM)
[2020.05.16-01.27.22:804][749]LogOnline: OSS: Creating online subsystem instance for: NULL
[2020.05.16-01.27.22:817][749]LogOnline: OSS: TryLoadSubsystemAndSetDefault: Loaded subsystem for module [NULL]
[2020.05.16-01.27.22:858][749]LogPlayLevel: Creating play world package: /Game/ThirdPersonCPP/Maps/UEDPIE_0_ThirdPersonExampleMap
[2020.05.16-01.27.23:049][749]LogPlayLevel: PIE: StaticDuplicateObject took: (0.190620s)
[2020.05.16-01.27.23:073][749]LogAIModule: Creating AISystem for world ThirdPersonExampleMap
[2020.05.16-01.27.23:107][749]LogPlayLevel: PIE: World Init took: (0.058047s)
[2020.05.16-01.27.23:119][749]LogPlayLevel: PIE: Created PIE world by copying editor world from /Game/ThirdPersonCPP/Maps/ThirdPersonExampleMap.ThirdPersonExampleMap to /Game/ThirdPersonCPP/Maps/UEDPIE_0_ThirdPersonExampleMap.ThirdPersonExampleMap (0.261086s)
[2020.05.16-01.27.23:189][749]LogUObjectHash: Compacting FUObjectHashTables data took   8.09ms
[2020.05.16-01.27.23:248][749]LogAudioMixer: Display: Audio Mixer Platform Settings:
[2020.05.16-01.27.23:248][749]LogAudioMixer: Display: 	Sample Rate:						  48000
[2020.05.16-01.27.23:248][749]LogAudioMixer: Display: 	Callback Buffer Frame Size Requested: 1024
[2020.05.16-01.27.23:248][749]LogAudioMixer: Display: 	Callback Buffer Frame Size To Use:	  1024
[2020.05.16-01.27.23:248][749]LogAudioMixer: Display: 	Number of buffers to queue:			  2
[2020.05.16-01.27.23:248][749]LogAudioMixer: Display: 	Max Channels (voices):				  32
[2020.05.16-01.27.23:248][749]LogAudioMixer: Display: 	Number of Async Source Workers:		  0
[2020.05.16-01.27.23:248][749]LogAudio: Display: AudioDevice MaxSources: 32
[2020.05.16-01.27.23:249][749]LogAudio: Display: Using built-in audio occlusion.
[2020.05.16-01.27.23:249][749]LogAudioMixer: Display: Initializing audio mixer.
[2020.05.16-01.27.23:273][749]LogAudioMixer: Display: Audio Device Output Speaker Info:
[2020.05.16-01.27.23:273][749]LogAudioMixer: Display: Name: Altavoces (Realtek High Definition Audio)
[2020.05.16-01.27.23:273][749]LogAudioMixer: Display: Is Default: Yes
[2020.05.16-01.27.23:273][749]LogAudioMixer: Display: Sample Rate: 48000
[2020.05.16-01.27.23:273][749]LogAudioMixer: Display: Channel Count Used: 6
[2020.05.16-01.27.23:273][749]LogAudioMixer: Display: Device Channel Count: 6
[2020.05.16-01.27.23:273][749]LogAudioMixer: Display: Channel Order:
[2020.05.16-01.27.23:273][749]LogAudioMixer: Display: 0: FrontLeft
[2020.05.16-01.27.23:274][749]LogAudioMixer: Display: 1: FrontRight
[2020.05.16-01.27.23:274][749]LogAudioMixer: Display: 2: FrontCenter
[2020.05.16-01.27.23:274][749]LogAudioMixer: Display: 3: LowFrequency
[2020.05.16-01.27.23:274][749]LogAudioMixer: Display: 4: BackLeft
[2020.05.16-01.27.23:274][749]LogAudioMixer: Display: 5: BackRight
[2020.05.16-01.27.23:337][749]LogAudioMixer: Display: Using Audio Device Altavoces (Realtek High Definition Audio)
[2020.05.16-01.27.23:366][749]LogInit: FAudioDevice initialized.
[2020.05.16-01.27.24:387][749]LogLoad: Game class is 'BatteryMan_GameMode_BP_C'
[2020.05.16-01.27.24:705][749]LogWorld: Bringing World /Game/ThirdPersonCPP/Maps/UEDPIE_0_ThirdPersonExampleMap.ThirdPersonExampleMap up for play (max tick rate 0) at 2020.05.15-22.27.24
[2020.05.16-01.27.24:953][749]LogWorld: Bringing up level for play took: 0.251795
[2020.05.16-01.27.24:982][749]LogOnline: OSS: Creating online subsystem instance for: :Context_1
[2020.05.16-01.27.25:648][749]LogContentBrowser: Native class hierarchy updated for 'MovieSceneCapture' in 0.0195 seconds. Added 20 classes and 0 folders.
[2020.05.16-01.27.25:669][749]LogGameMode: Display: Match State Changed from EnteringMap to WaitingToStart
[2020.05.16-01.27.25:669][749]LogGameState: Match State Changed from EnteringMap to WaitingToStart
[2020.05.16-01.27.25:669][749]LogGameMode: Display: Match State Changed from WaitingToStart to InProgress
[2020.05.16-01.27.26:621][749]LogGameState: Match State Changed from WaitingToStart to InProgress
[2020.05.16-01.27.26:621][749]PIE: Play in editor start time for /Game/ThirdPersonCPP/Maps/UEDPIE_0_ThirdPersonExampleMap 3.566
[2020.05.16-01.27.26:622][749]LogBlueprintUserMessages: Late PlayInEditor Detection: Level '/Game/ThirdPersonCPP/Maps/ThirdPersonExampleMap.ThirdPersonExampleMap:PersistentLevel' has LevelScriptBlueprint '/Game/ThirdPersonCPP/Maps/ThirdPersonExampleMap.ThirdPersonExampleMap:PersistentLevel.ThirdPersonExampleMap' with GeneratedClass '/Game/ThirdPersonCPP/Maps/ThirdPersonExampleMap.ThirdPersonExampleMap_C' with ClassGeneratedBy '/Game/ThirdPersonCPP/Maps/ThirdPersonExampleMap.ThirdPersonExampleMap:PersistentLevel.ThirdPersonExampleMap'
[2020.05.16-01.28.06:590][ 68]LogGameMode: Display: Match State Changed from InProgress to LeavingMap
[2020.05.16-01.28.06:590][ 68]LogGameState: Match State Changed from InProgress to LeavingMap
[2020.05.16-01.28.06:603][ 68]LogNet: Browse: /Game/ThirdPersonCPP/Maps/ThirdPersonExampleMap
[2020.05.16-01.28.06:626][ 68]LogLoad: LoadMap: /Game/ThirdPersonCPP/Maps/ThirdPersonExampleMap
[2020.05.16-01.28.06:626][ 68]LogWorld: BeginTearingDown for /Game/ThirdPersonCPP/Maps/UEDPIE_0_ThirdPersonExampleMap
[2020.05.16-01.28.06:688][ 68]LogWorld: UWorld::CleanupWorld for ThirdPersonExampleMap, bSessionEnded=true, bCleanupResources=true
[2020.05.16-01.28.06:688][ 68]LogSlate: InvalidateAllWidgets triggered.  All widgets were invalidated
[2020.05.16-01.28.06:725][ 68]LogAudioMixer: Display: No commands were queued while flushing the source manager.
[2020.05.16-01.28.07:115][ 68]LogUObjectHash: Compacting FUObjectHashTables data took   4.38ms
[2020.05.16-01.28.07:151][ 68]LogPlayLevel: Creating play world package: /Game/ThirdPersonCPP/Maps/UEDPIE_0_ThirdPersonExampleMap
[2020.05.16-01.28.07:180][ 68]LogPlayLevel: PIE: StaticDuplicateObject took: (0.029413s)
[2020.05.16-01.28.07:182][ 68]LogAIModule: Creating AISystem for world ThirdPersonExampleMap
[2020.05.16-01.28.07:215][ 68]LogPlayLevel: PIE: World Init took: (0.034626s)
[2020.05.16-01.28.07:215][ 68]LogPlayLevel: PIE: Created PIE world by copying editor world from /Game/ThirdPersonCPP/Maps/ThirdPersonExampleMap.ThirdPersonExampleMap to /Game/ThirdPersonCPP/Maps/UEDPIE_0_ThirdPersonExampleMap.ThirdPersonExampleMap (0.064496s)
[2020.05.16-01.28.07:215][ 68]LogLoad: Game class is 'BatteryMan_GameMode_BP_C'
[2020.05.16-01.28.07:217][ 68]LogWorld: Bringing World /Game/ThirdPersonCPP/Maps/UEDPIE_0_ThirdPersonExampleMap.ThirdPersonExampleMap up for play (max tick rate 0) at 2020.05.15-22.28.07
[2020.05.16-01.28.07:218][ 68]LogWorld: Bringing up level for play took: 0.002046
[2020.05.16-01.28.07:219][ 68]LogGameMode: Display: Match State Changed from EnteringMap to WaitingToStart
[2020.05.16-01.28.07:219][ 68]LogGameState: Match State Changed from EnteringMap to WaitingToStart
[2020.05.16-01.28.07:219][ 68]LogGameMode: Display: Match State Changed from WaitingToStart to InProgress
[2020.05.16-01.28.07:222][ 68]LogGameState: Match State Changed from WaitingToStart to InProgress
[2020.05.16-01.28.07:278][ 68]LogLoad: Took 0.652084 seconds to LoadMap(/Game/ThirdPersonCPP/Maps/UEDPIE_0_ThirdPersonExampleMap)
[2020.05.16-01.28.46:693][385]LogGameMode: Display: Match State Changed from InProgress to LeavingMap
[2020.05.16-01.28.46:694][385]LogGameState: Match State Changed from InProgress to LeavingMap
[2020.05.16-01.28.46:694][385]LogNet: Browse: /Game/ThirdPersonCPP/Maps/ThirdPersonExampleMap
[2020.05.16-01.28.46:694][385]LogLoad: LoadMap: /Game/ThirdPersonCPP/Maps/ThirdPersonExampleMap
[2020.05.16-01.28.46:694][385]LogWorld: BeginTearingDown for /Game/ThirdPersonCPP/Maps/UEDPIE_0_ThirdPersonExampleMap
[2020.05.16-01.28.46:695][385]LogWorld: UWorld::CleanupWorld for ThirdPersonExampleMap, bSessionEnded=true, bCleanupResources=true
[2020.05.16-01.28.46:695][385]LogSlate: InvalidateAllWidgets triggered.  All widgets were invalidated
[2020.05.16-01.28.46:695][385]LogAudioMixer: Display: No commands were queued while flushing the source manager.
[2020.05.16-01.28.46:841][385]LogUObjectHash: Compacting FUObjectHashTables data took   4.25ms
[2020.05.16-01.28.46:941][385]LogPlayLevel: Creating play world package: /Game/ThirdPersonCPP/Maps/UEDPIE_0_ThirdPersonExampleMap
[2020.05.16-01.28.46:983][385]LogPlayLevel: PIE: StaticDuplicateObject took: (0.042413s)
[2020.05.16-01.28.46:987][385]LogAIModule: Creating AISystem for world ThirdPersonExampleMap
[2020.05.16-01.28.46:988][385]LogPlayLevel: PIE: World Init took: (0.004738s)
[2020.05.16-01.28.46:988][385]LogPlayLevel: PIE: Created PIE world by copying editor world from /Game/ThirdPersonCPP/Maps/ThirdPersonExampleMap.ThirdPersonExampleMap to /Game/ThirdPersonCPP/Maps/UEDPIE_0_ThirdPersonExampleMap.ThirdPersonExampleMap (0.047774s)
[2020.05.16-01.28.46:988][385]LogLoad: Game class is 'BatteryMan_GameMode_BP_C'
[2020.05.16-01.28.46:996][385]LogWorld: Bringing World /Game/ThirdPersonCPP/Maps/UEDPIE_0_ThirdPersonExampleMap.ThirdPersonExampleMap up for play (max tick rate 0) at 2020.05.15-22.28.46
[2020.05.16-01.28.46:997][385]LogWorld: Bringing up level for play took: 0.007075
[2020.05.16-01.28.47:000][385]LogGameMode: Display: Match State Changed from EnteringMap to WaitingToStart
[2020.05.16-01.28.47:000][385]LogGameState: Match State Changed from EnteringMap to WaitingToStart
[2020.05.16-01.28.47:001][385]LogGameMode: Display: Match State Changed from WaitingToStart to InProgress
[2020.05.16-01.28.47:005][385]LogGameState: Match State Changed from WaitingToStart to InProgress
[2020.05.16-01.28.47:006][385]LogLoad: Took 0.311528 seconds to LoadMap(/Game/ThirdPersonCPP/Maps/UEDPIE_0_ThirdPersonExampleMap)
[2020.05.16-01.28.49:131][402]LogAudioMixer: Display: No commands were queued while flushing the source manager.
[2020.05.16-01.28.49:131][402]LogAudioMixer: Display: No commands were queued while flushing the source manager.
[2020.05.16-01.28.49:147][402]LogBlueprintUserMessages: Early EndPlayMap Detection: Level '/Game/ThirdPersonCPP/Maps/ThirdPersonExampleMap.ThirdPersonExampleMap:PersistentLevel' has LevelScriptBlueprint '/Game/ThirdPersonCPP/Maps/ThirdPersonExampleMap.ThirdPersonExampleMap:PersistentLevel.ThirdPersonExampleMap' with GeneratedClass '/Game/ThirdPersonCPP/Maps/ThirdPersonExampleMap.ThirdPersonExampleMap_C' with ClassGeneratedBy '/Game/ThirdPersonCPP/Maps/ThirdPersonExampleMap.ThirdPersonExampleMap:PersistentLevel.ThirdPersonExampleMap'
[2020.05.16-01.28.49:242][402]LogSlate: Updating window title bar state: overlay mode, drag disabled, window buttons hidden, title bar hidden
[2020.05.16-01.28.49:242][402]LogWorld: BeginTearingDown for /Game/ThirdPersonCPP/Maps/UEDPIE_0_ThirdPersonExampleMap
[2020.05.16-01.28.49:242][402]LogAudioMixer: Display: No commands were queued while flushing the source manager.
[2020.05.16-01.28.49:243][402]LogWorld: UWorld::CleanupWorld for ThirdPersonExampleMap, bSessionEnded=true, bCleanupResources=true
[2020.05.16-01.28.49:243][402]LogSlate: InvalidateAllWidgets triggered.  All widgets were invalidated
[2020.05.16-01.28.49:444][402]LogPlayLevel: Display: Shutting down PIE online subsystems
[2020.05.16-01.28.49:444][402]LogBlueprintUserMessages: Late EndPlayMap Detection: Level '/Game/ThirdPersonCPP/Maps/ThirdPersonExampleMap.ThirdPersonExampleMap:PersistentLevel' has LevelScriptBlueprint '/Game/ThirdPersonCPP/Maps/ThirdPersonExampleMap.ThirdPersonExampleMap:PersistentLevel.ThirdPersonExampleMap' with GeneratedClass '/Game/ThirdPersonCPP/Maps/ThirdPersonExampleMap.ThirdPersonExampleMap_C' with ClassGeneratedBy '/Game/ThirdPersonCPP/Maps/ThirdPersonExampleMap.ThirdPersonExampleMap:PersistentLevel.ThirdPersonExampleMap'
[2020.05.16-01.28.49:472][402]LogSlate: InvalidateAllWidgets triggered.  All widgets were invalidated
[2020.05.16-01.28.49:560][402]LogAudioMixer: Display: No commands were queued while flushing the source manager.
[2020.05.16-01.28.49:617][402]LogSlate: Updating window title bar state: overlay mode, drag disabled, window buttons hidden, title bar hidden
[2020.05.16-01.28.49:698][402]LogUObjectHash: Compacting FUObjectHashTables data took   7.75ms
[2020.05.16-01.28.49:765][403]LogPlayLevel: Display: Destroying online subsystem :Context_1
[2020.05.16-01.35.54:994][ 60]LogSlate: Took 0.000323 seconds to synchronously load lazily loaded font '../../../Engine/Content/Slate/Fonts/Roboto-Light.ttf' (167K)
[2020.05.16-01.39.28:076][956]LogUObjectHash: Compacting FUObjectHashTables data took   2.63ms
[2020.05.16-01.39.28:203][956]LogSlate: Window 'Proyecto1_Leyenda [DebugGame] - Unreal Editor' being destroyed
[2020.05.16-01.39.28:427][957]Cmd: QUIT_EDITOR
[2020.05.16-01.39.28:427][957]LogCore: Engine exit requested (reason: UUnrealEdEngine::CloseEditor())
[2020.05.16-01.39.28:469][957]LogCore: Engine exit requested (reason: EngineExit() was called; note: exit was already requested)
[2020.05.16-01.39.28:469][957]LogAudioMixer: Display: No commands were queued while flushing the source manager.
