AndroidPlatformFactory.RegisterBuildPlatforms: UnrealBuildTool.AndroidPlatformSDK has no valid SDK
IOSPlatformFactory.RegisterBuildPlatforms: UnrealBuildTool.IOSPlatformSDK has no valid SDK
LinuxPlatformFactory.RegisterBuildPlatforms: UnrealBuildTool.LinuxPlatformSDK has no valid SDK
WindowsPlatformFactory.RegisterBuildPlatforms: UnrealBuildTool.WindowsPlatformSDK using manually installed SDK
ProjectFileGenerator.GenerateProjectFiles: Discovering modules, targets and source code for project...
WindowsPlatform.FindVSInstallDirs: Found Visual Studio installation: C:\Program Files (x86)\Microsoft Visual Studio\2017\Community (Product=Microsoft.VisualStudio.Product.Community, Version=15.9.28307.665, Sort=0)
WindowsPlatform.FindToolChainDirs: Found Visual Studio toolchain: C:\Program Files (x86)\Microsoft Visual Studio\2017\Community\VC\Tools\MSVC\14.16.27023 (Version=14.16.27031)
WindowsPlatform.UpdateCachedWindowsSdks: Found Windows 8.1 SDK at C:\Program Files (x86)\Windows Kits\8.1
WindowsPlatform.EnumerateSdkRootDirs: Found Windows 10 SDK root at C:\Program Files (x86)\Windows Kits\10 (1)
WindowsPlatform.EnumerateSdkRootDirs: Found Windows 10 SDK root at C:\Program Files (x86)\Windows Kits\10 (2)
WindowsPlatform.UpdateCachedWindowsSdks: Found Universal CRT version 10.0.10150.0 at C:\Program Files (x86)\Windows Kits\10
WindowsPlatform.UpdateCachedWindowsSdks: Found Universal CRT version 10.0.10240.0 at C:\Program Files (x86)\Windows Kits\10
WindowsPlatform.UpdateCachedWindowsSdks: Found Windows 10 SDK version 10.0.17763.0 at C:\Program Files (x86)\Windows Kits\10
WindowsPlatform.UpdateCachedWindowsSdks: Found Universal CRT version 10.0.17763.0 at C:\Program Files (x86)\Windows Kits\10
WindowsPlatform.UpdateCachedWindowsSdks: Found Windows 10 SDK version 10.0.18362.0 at C:\Program Files (x86)\Windows Kits\10
WindowsPlatform.UpdateCachedWindowsSdks: Found Universal CRT version 10.0.18362.0 at C:\Program Files (x86)\Windows Kits\10
DynamicCompilation.RequiresCompilation: Compiling C:\Users\Theo\Desktop\TSDVJ_Unreal_Practica\Proyecto1_Leyenda\Intermediate\Build\BuildRules\Proyecto1_LeyendaModuleRules.dll: Assembly does not exist
Log.PushStatus: Binding IntelliSense data...
ProgressWriter.Write: @progress 'Binding IntelliSense data...' 0%
UEBuildTarget.AddPlugin: Enabling plugin 'Paper2D' (referenced via default plugins)
UEBuildTarget.AddPlugin: Enabling plugin 'AISupport' (referenced via default plugins)
UEBuildTarget.AddPlugin: Enabling plugin 'LightPropagationVolume' (referenced via default plugins)
UEBuildTarget.AddPlugin: Enabling plugin 'ActorLayerUtilities' (referenced via default plugins)
UEBuildTarget.AddPlugin: Enabling plugin 'AnimationSharing' (referenced via default plugins)
UEBuildTarget.AddPlugin: Enabling plugin 'SignificanceManager' (referenced via default plugins -> AnimationSharing.uplugin)
UEBuildTarget.AddPlugin: Enabling plugin 'CLionSourceCodeAccess' (referenced via default plugins)
UEBuildTarget.AddPlugin: Enabling plugin 'CodeLiteSourceCodeAccess' (referenced via default plugins)
UEBuildTarget.AddPlugin: Enabling plugin 'GitSourceControl' (referenced via default plugins)
UEBuildTarget.AddPlugin: Enabling plugin 'KDevelopSourceCodeAccess' (referenced via default plugins)
UEBuildTarget.AddPlugin: Enabling plugin 'NullSourceCodeAccess' (referenced via default plugins)
UEBuildTarget.AddPlugin: Enabling plugin 'PerforceSourceControl' (referenced via default plugins)
UEBuildTarget.AddPlugin: Enabling plugin 'PlasticSourceControl' (referenced via default plugins)
UEBuildTarget.AddPlugin: Enabling plugin 'SubversionSourceControl' (referenced via default plugins)
UEBuildTarget.AddPlugin: Enabling plugin 'UObjectPlugin' (referenced via default plugins)
UEBuildTarget.AddPlugin: Enabling plugin 'VisualStudioCodeSourceCodeAccess' (referenced via default plugins)
UEBuildTarget.AddPlugin: Enabling plugin 'VisualStudioSourceCodeAccess' (referenced via default plugins)
UEBuildTarget.AddPlugin: Enabling plugin 'XCodeSourceCodeAccess' (referenced via default plugins)
UEBuildTarget.AddPlugin: Enabling plugin 'AssetManagerEditor' (referenced via default plugins)
UEBuildTarget.AddPlugin: Enabling plugin 'CryptoKeys' (referenced via default plugins)
UEBuildTarget.AddPlugin: Enabling plugin 'CurveEditorTools' (referenced via default plugins)
UEBuildTarget.AddPlugin: Enabling plugin 'DataValidation' (referenced via default plugins)
UEBuildTarget.AddPlugin: Enabling plugin 'FacialAnimation' (referenced via default plugins)
UEBuildTarget.AddPlugin: Enabling plugin 'GameplayTagsEditor' (referenced via default plugins)
UEBuildTarget.AddPlugin: Enabling plugin 'MacGraphicsSwitching' (referenced via default plugins)
UEBuildTarget.AddPlugin: Enabling plugin 'MaterialAnalyzer' (referenced via default plugins)
UEBuildTarget.AddPlugin: Enabling plugin 'MobileLauncherProfileWizard' (referenced via default plugins)
UEBuildTarget.AddPlugin: Enabling plugin 'PluginBrowser' (referenced via default plugins)
UEBuildTarget.AddPlugin: Enabling plugin 'SpeedTreeImporter' (referenced via default plugins)
UEBuildTarget.AddPlugin: Enabling plugin 'DatasmithContent' (referenced via default plugins)
UEBuildTarget.AddPlugin: Enabling plugin 'VariantManagerContent' (referenced via default plugins -> DatasmithContent.uplugin)
UEBuildTarget.AddPlugin: Enabling plugin 'AlembicImporter' (referenced via default plugins)
UEBuildTarget.AddPlugin: Enabling plugin 'GeometryCache' (referenced via default plugins -> AlembicImporter.uplugin)
UEBuildTarget.AddPlugin: Enabling plugin 'AutomationUtils' (referenced via default plugins)
UEBuildTarget.AddPlugin: Enabling plugin 'ScreenshotTools' (referenced via default plugins -> AutomationUtils.uplugin)
UEBuildTarget.AddPlugin: Enabling plugin 'BackChannel' (referenced via default plugins)
UEBuildTarget.AddPlugin: Enabling plugin 'CharacterAI' (referenced via default plugins)
UEBuildTarget.AddPlugin: Enabling plugin 'PlatformCrypto' (referenced via default plugins)
UEBuildTarget.AddPlugin: Enabling plugin 'ProxyLODPlugin' (referenced via default plugins)
UEBuildTarget.AddPlugin: Enabling plugin 'SkeletalReduction' (referenced via default plugins)
UEBuildTarget.AddPlugin: Enabling plugin 'MagicLeapMedia' (referenced via default plugins)
UEBuildTarget.AddPlugin: Enabling plugin 'MLSDK' (referenced via default plugins -> MagicLeapMedia.uplugin)
UEBuildTarget.AddPlugin: Enabling plugin 'MagicLeap' (referenced via default plugins -> MagicLeapMedia.uplugin)
UEBuildTarget.AddPlugin: Enabling plugin 'AndroidMedia' (referenced via default plugins)
UEBuildTarget.AddPlugin: Enabling plugin 'AvfMedia' (referenced via default plugins)
UEBuildTarget.AddPlugin: Enabling plugin 'ImgMedia' (referenced via default plugins)
UEBuildTarget.AddPlugin: Enabling plugin 'MediaCompositing' (referenced via default plugins)
UEBuildTarget.AddPlugin: Enabling plugin 'MediaPlayerEditor' (referenced via default plugins)
UEBuildTarget.AddPlugin: Enabling plugin 'WmfMedia' (referenced via default plugins)
UEBuildTarget.AddPlugin: Enabling plugin 'TcpMessaging' (referenced via default plugins)
UEBuildTarget.AddPlugin: Enabling plugin 'UdpMessaging' (referenced via default plugins)
UEBuildTarget.AddPlugin: Enabling plugin 'ActorSequence' (referenced via default plugins)
UEBuildTarget.AddPlugin: Enabling plugin 'LevelSequenceEditor' (referenced via default plugins)
UEBuildTarget.AddPlugin: Enabling plugin 'MatineeToLevelSequence' (referenced via default plugins)
UEBuildTarget.AddPlugin: Enabling plugin 'NetcodeUnitTest' (referenced via default plugins)
UEBuildTarget.AddPlugin: Enabling plugin 'NUTUnrealEngine4' (referenced via default plugins)
UEBuildTarget.AddPlugin: Enabling plugin 'OnlineSubsystemGooglePlay' (referenced via default plugins)
UEBuildTarget.AddPlugin: Enabling plugin 'OnlineSubsystem' (referenced via default plugins -> OnlineSubsystemGooglePlay.uplugin)
UEBuildTarget.AddPlugin: Enabling plugin 'AndroidPermission' (referenced via default plugins -> OnlineSubsystemGooglePlay.uplugin)
UEBuildTarget.AddPlugin: Enabling plugin 'OnlineSubsystemIOS' (referenced via default plugins)
UEBuildTarget.AddPlugin: Enabling plugin 'OnlineSubsystemNull' (referenced via default plugins)
UEBuildTarget.AddPlugin: Enabling plugin 'OnlineSubsystemUtils' (referenced via default plugins -> OnlineSubsystemNull.uplugin)
UEBuildTarget.AddPlugin: Enabling plugin 'LauncherChunkInstaller' (referenced via default plugins)
UEBuildTarget.AddPlugin: Enabling plugin 'AndroidDeviceProfileSelector' (referenced via default plugins)
UEBuildTarget.AddPlugin: Enabling plugin 'AndroidMoviePlayer' (referenced via default plugins)
UEBuildTarget.AddPlugin: Enabling plugin 'AppleImageUtils' (referenced via default plugins)
UEBuildTarget.AddPlugin: Enabling plugin 'AppleMoviePlayer' (referenced via default plugins)
UEBuildTarget.AddPlugin: Enabling plugin 'ArchVisCharacter' (referenced via default plugins)
UEBuildTarget.AddPlugin: Enabling plugin 'AssetTags' (referenced via default plugins)
UEBuildTarget.AddPlugin: Enabling plugin 'AudioCapture' (referenced via default plugins)
UEBuildTarget.AddPlugin: Enabling plugin 'CableComponent' (referenced via default plugins)
UEBuildTarget.AddPlugin: Enabling plugin 'CustomMeshComponent' (referenced via default plugins)
UEBuildTarget.AddPlugin: Enabling plugin 'EditableMesh' (referenced via default plugins)
UEBuildTarget.AddPlugin: Enabling plugin 'ExampleDeviceProfileSelector' (referenced via default plugins)
UEBuildTarget.AddPlugin: Enabling plugin 'GoogleCloudMessaging' (referenced via default plugins)
UEBuildTarget.AddPlugin: Enabling plugin 'IOSDeviceProfileSelector' (referenced via default plugins)
UEBuildTarget.AddPlugin: Enabling plugin 'LinuxDeviceProfileSelector' (referenced via default plugins)
UEBuildTarget.AddPlugin: Enabling plugin 'LocationServicesBPLibrary' (referenced via default plugins)
UEBuildTarget.AddPlugin: Enabling plugin 'MobilePatchingUtils' (referenced via default plugins)
UEBuildTarget.AddPlugin: Enabling plugin 'OculusVR' (referenced via default plugins)
UEBuildTarget.AddPlugin: Enabling plugin 'ProceduralMeshComponent' (referenced via default plugins -> OculusVR.uplugin)
UEBuildTarget.AddPlugin: Enabling plugin 'PhysXVehicles' (referenced via default plugins)
UEBuildTarget.AddPlugin: Enabling plugin 'PostSplashScreen' (referenced via default plugins)
UEBuildTarget.AddPlugin: Enabling plugin 'RuntimePhysXCooking' (referenced via default plugins)
UEBuildTarget.AddPlugin: Enabling plugin 'SteamVR' (referenced via default plugins)
UEBuildTarget.AddPlugin: Enabling plugin 'WebMMoviePlayer' (referenced via default plugins)
UEBuildTarget.AddPlugin: Enabling plugin 'WebMMedia' (referenced via default plugins -> WebMMoviePlayer.uplugin)
UEBuildTarget.AddPlugin: Enabling plugin 'WindowsMoviePlayer' (referenced via default plugins)
LuminSDKVersionHelper.HasAnySDK: *** Unable to determine MLSDK location ***
VCToolChain..ctor: Compiler: C:\Program Files (x86)\Microsoft Visual Studio\2017\Community\VC\Tools\MSVC\14.16.27023\bin\HostX64\x64\cl.exe
VCToolChain..ctor: Linker: C:\Program Files (x86)\Microsoft Visual Studio\2017\Community\VC\Tools\MSVC\14.16.27023\bin\HostX64\x64\link.exe
VCToolChain..ctor: Library Manager: C:\Program Files (x86)\Microsoft Visual Studio\2017\Community\VC\Tools\MSVC\14.16.27023\bin\HostX64\x64\lib.exe
VCToolChain..ctor: Resource Compiler: C:\Program Files (x86)\Windows Kits\10\bin\10.0.18362.0\x64\rc.exe
ProgressWriter.Write: @progress 'Binding IntelliSense data...' 50%
UEBuildTarget.AddPlugin: Enabling plugin 'Paper2D' (referenced via default plugins)
UEBuildTarget.AddPlugin: Enabling plugin 'AISupport' (referenced via default plugins)
UEBuildTarget.AddPlugin: Enabling plugin 'LightPropagationVolume' (referenced via default plugins)
UEBuildTarget.AddPlugin: Enabling plugin 'ActorLayerUtilities' (referenced via default plugins)
UEBuildTarget.AddPlugin: Enabling plugin 'AnimationSharing' (referenced via default plugins)
UEBuildTarget.AddPlugin: Enabling plugin 'SignificanceManager' (referenced via default plugins -> AnimationSharing.uplugin)
UEBuildTarget.AddPlugin: Enabling plugin 'CLionSourceCodeAccess' (referenced via default plugins)
UEBuildTarget.AddPlugin: Enabling plugin 'CodeLiteSourceCodeAccess' (referenced via default plugins)
UEBuildTarget.AddPlugin: Enabling plugin 'GitSourceControl' (referenced via default plugins)
UEBuildTarget.AddPlugin: Enabling plugin 'KDevelopSourceCodeAccess' (referenced via default plugins)
UEBuildTarget.AddPlugin: Enabling plugin 'NullSourceCodeAccess' (referenced via default plugins)
UEBuildTarget.AddPlugin: Enabling plugin 'PerforceSourceControl' (referenced via default plugins)
UEBuildTarget.AddPlugin: Enabling plugin 'PlasticSourceControl' (referenced via default plugins)
UEBuildTarget.AddPlugin: Enabling plugin 'SubversionSourceControl' (referenced via default plugins)
UEBuildTarget.AddPlugin: Enabling plugin 'UObjectPlugin' (referenced via default plugins)
UEBuildTarget.AddPlugin: Enabling plugin 'VisualStudioCodeSourceCodeAccess' (referenced via default plugins)
UEBuildTarget.AddPlugin: Enabling plugin 'VisualStudioSourceCodeAccess' (referenced via default plugins)
UEBuildTarget.AddPlugin: Enabling plugin 'XCodeSourceCodeAccess' (referenced via default plugins)
UEBuildTarget.AddPlugin: Enabling plugin 'AssetManagerEditor' (referenced via default plugins)
UEBuildTarget.AddPlugin: Enabling plugin 'CryptoKeys' (referenced via default plugins)
UEBuildTarget.AddPlugin: Enabling plugin 'CurveEditorTools' (referenced via default plugins)
UEBuildTarget.AddPlugin: Enabling plugin 'DataValidation' (referenced via default plugins)
UEBuildTarget.AddPlugin: Enabling plugin 'FacialAnimation' (referenced via default plugins)
UEBuildTarget.AddPlugin: Enabling plugin 'GameplayTagsEditor' (referenced via default plugins)
UEBuildTarget.AddPlugin: Enabling plugin 'MacGraphicsSwitching' (referenced via default plugins)
UEBuildTarget.AddPlugin: Enabling plugin 'MaterialAnalyzer' (referenced via default plugins)
UEBuildTarget.AddPlugin: Enabling plugin 'MobileLauncherProfileWizard' (referenced via default plugins)
UEBuildTarget.AddPlugin: Enabling plugin 'PluginBrowser' (referenced via default plugins)
UEBuildTarget.AddPlugin: Enabling plugin 'SpeedTreeImporter' (referenced via default plugins)
UEBuildTarget.AddPlugin: Enabling plugin 'DatasmithContent' (referenced via default plugins)
UEBuildTarget.AddPlugin: Enabling plugin 'VariantManagerContent' (referenced via default plugins -> DatasmithContent.uplugin)
UEBuildTarget.AddPlugin: Enabling plugin 'AlembicImporter' (referenced via default plugins)
UEBuildTarget.AddPlugin: Enabling plugin 'GeometryCache' (referenced via default plugins -> AlembicImporter.uplugin)
UEBuildTarget.AddPlugin: Enabling plugin 'AutomationUtils' (referenced via default plugins)
UEBuildTarget.AddPlugin: Enabling plugin 'ScreenshotTools' (referenced via default plugins -> AutomationUtils.uplugin)
UEBuildTarget.AddPlugin: Enabling plugin 'BackChannel' (referenced via default plugins)
UEBuildTarget.AddPlugin: Enabling plugin 'CharacterAI' (referenced via default plugins)
UEBuildTarget.AddPlugin: Enabling plugin 'PlatformCrypto' (referenced via default plugins)
UEBuildTarget.AddPlugin: Enabling plugin 'ProxyLODPlugin' (referenced via default plugins)
UEBuildTarget.AddPlugin: Enabling plugin 'SkeletalReduction' (referenced via default plugins)
UEBuildTarget.AddPlugin: Enabling plugin 'MagicLeapMedia' (referenced via default plugins)
UEBuildTarget.AddPlugin: Enabling plugin 'MLSDK' (referenced via default plugins -> MagicLeapMedia.uplugin)
UEBuildTarget.AddPlugin: Enabling plugin 'MagicLeap' (referenced via default plugins -> MagicLeapMedia.uplugin)
UEBuildTarget.AddPlugin: Enabling plugin 'AndroidMedia' (referenced via default plugins)
UEBuildTarget.AddPlugin: Enabling plugin 'AvfMedia' (referenced via default plugins)
UEBuildTarget.AddPlugin: Enabling plugin 'ImgMedia' (referenced via default plugins)
UEBuildTarget.AddPlugin: Enabling plugin 'MediaCompositing' (referenced via default plugins)
UEBuildTarget.AddPlugin: Enabling plugin 'MediaPlayerEditor' (referenced via default plugins)
UEBuildTarget.AddPlugin: Enabling plugin 'WmfMedia' (referenced via default plugins)
UEBuildTarget.AddPlugin: Enabling plugin 'TcpMessaging' (referenced via default plugins)
UEBuildTarget.AddPlugin: Enabling plugin 'UdpMessaging' (referenced via default plugins)
UEBuildTarget.AddPlugin: Enabling plugin 'ActorSequence' (referenced via default plugins)
UEBuildTarget.AddPlugin: Enabling plugin 'LevelSequenceEditor' (referenced via default plugins)
UEBuildTarget.AddPlugin: Enabling plugin 'MatineeToLevelSequence' (referenced via default plugins)
UEBuildTarget.AddPlugin: Enabling plugin 'NetcodeUnitTest' (referenced via default plugins)
UEBuildTarget.AddPlugin: Enabling plugin 'NUTUnrealEngine4' (referenced via default plugins)
UEBuildTarget.AddPlugin: Enabling plugin 'OnlineSubsystemGooglePlay' (referenced via default plugins)
UEBuildTarget.AddPlugin: Enabling plugin 'OnlineSubsystem' (referenced via default plugins -> OnlineSubsystemGooglePlay.uplugin)
UEBuildTarget.AddPlugin: Enabling plugin 'AndroidPermission' (referenced via default plugins -> OnlineSubsystemGooglePlay.uplugin)
UEBuildTarget.AddPlugin: Enabling plugin 'OnlineSubsystemIOS' (referenced via default plugins)
UEBuildTarget.AddPlugin: Enabling plugin 'OnlineSubsystemNull' (referenced via default plugins)
UEBuildTarget.AddPlugin: Enabling plugin 'OnlineSubsystemUtils' (referenced via default plugins -> OnlineSubsystemNull.uplugin)
UEBuildTarget.AddPlugin: Enabling plugin 'LauncherChunkInstaller' (referenced via default plugins)
UEBuildTarget.AddPlugin: Enabling plugin 'AndroidDeviceProfileSelector' (referenced via default plugins)
UEBuildTarget.AddPlugin: Enabling plugin 'AndroidMoviePlayer' (referenced via default plugins)
UEBuildTarget.AddPlugin: Enabling plugin 'AppleImageUtils' (referenced via default plugins)
UEBuildTarget.AddPlugin: Enabling plugin 'AppleMoviePlayer' (referenced via default plugins)
UEBuildTarget.AddPlugin: Enabling plugin 'ArchVisCharacter' (referenced via default plugins)
UEBuildTarget.AddPlugin: Enabling plugin 'AssetTags' (referenced via default plugins)
UEBuildTarget.AddPlugin: Enabling plugin 'AudioCapture' (referenced via default plugins)
UEBuildTarget.AddPlugin: Enabling plugin 'CableComponent' (referenced via default plugins)
UEBuildTarget.AddPlugin: Enabling plugin 'CustomMeshComponent' (referenced via default plugins)
UEBuildTarget.AddPlugin: Enabling plugin 'EditableMesh' (referenced via default plugins)
UEBuildTarget.AddPlugin: Enabling plugin 'ExampleDeviceProfileSelector' (referenced via default plugins)
UEBuildTarget.AddPlugin: Enabling plugin 'GoogleCloudMessaging' (referenced via default plugins)
UEBuildTarget.AddPlugin: Enabling plugin 'IOSDeviceProfileSelector' (referenced via default plugins)
UEBuildTarget.AddPlugin: Enabling plugin 'LinuxDeviceProfileSelector' (referenced via default plugins)
UEBuildTarget.AddPlugin: Enabling plugin 'LocationServicesBPLibrary' (referenced via default plugins)
UEBuildTarget.AddPlugin: Enabling plugin 'MobilePatchingUtils' (referenced via default plugins)
UEBuildTarget.AddPlugin: Enabling plugin 'OculusVR' (referenced via default plugins)
UEBuildTarget.AddPlugin: Enabling plugin 'ProceduralMeshComponent' (referenced via default plugins -> OculusVR.uplugin)
UEBuildTarget.AddPlugin: Enabling plugin 'PhysXVehicles' (referenced via default plugins)
UEBuildTarget.AddPlugin: Enabling plugin 'PostSplashScreen' (referenced via default plugins)
UEBuildTarget.AddPlugin: Enabling plugin 'RuntimePhysXCooking' (referenced via default plugins)
UEBuildTarget.AddPlugin: Enabling plugin 'SteamVR' (referenced via default plugins)
UEBuildTarget.AddPlugin: Enabling plugin 'WebMMoviePlayer' (referenced via default plugins)
UEBuildTarget.AddPlugin: Enabling plugin 'WebMMedia' (referenced via default plugins -> WebMMoviePlayer.uplugin)
UEBuildTarget.AddPlugin: Enabling plugin 'WindowsMoviePlayer' (referenced via default plugins)
LuminSDKVersionHelper.HasAnySDK: *** Unable to determine MLSDK location ***
VCToolChain..ctor: Compiler: C:\Program Files (x86)\Microsoft Visual Studio\2017\Community\VC\Tools\MSVC\14.16.27023\bin\HostX64\x64\cl.exe
VCToolChain..ctor: Linker: C:\Program Files (x86)\Microsoft Visual Studio\2017\Community\VC\Tools\MSVC\14.16.27023\bin\HostX64\x64\link.exe
VCToolChain..ctor: Library Manager: C:\Program Files (x86)\Microsoft Visual Studio\2017\Community\VC\Tools\MSVC\14.16.27023\bin\HostX64\x64\lib.exe
VCToolChain..ctor: Resource Compiler: C:\Program Files (x86)\Windows Kits\10\bin\10.0.18362.0\x64\rc.exe
ProgressWriter.Write: @progress 'Binding IntelliSense data...' 100%
Log.PushStatus: Writing project files...
ProgressWriter.Write: @progress 'Writing project files...' 0%
ProgressWriter.Write: @progress 'Writing project files...' 33%
ProgressWriter.Write: @progress 'Writing project files...' 67%
ProgressWriter.Write: @progress 'Writing project files...' 100%
Timeline.Print: Timeline:
Timeline.Print: 
Timeline.Print: [ 0.000]
Timeline.Print: [ 0.000](+0.091) <unknown>
Timeline.Print: [ 0.091](+0.449) XmlConfig.ReadConfigFiles()
Timeline.Print: [ 0.540](+0.000) SingleInstanceMutex.Acquire()
Timeline.Print: [ 0.540](+0.421) UEBuildPlatform.RegisterPlatforms()
Timeline.Print:   0.541          [ 0.001](+0.174) Initializing InstalledPlatformInfo
Timeline.Print:   0.715          [ 0.175](+0.000) Querying types
Timeline.Print:   0.718          [ 0.177](+0.001) MacPlatformFactory
Timeline.Print:   0.720          [ 0.179](+0.000) TVOSPlatformFactory
Timeline.Print:   0.720          [ 0.179](+0.101) AndroidPlatformFactory
Timeline.Print:   0.822          [ 0.281](+0.001) HoloLensPlatformFactory
Timeline.Print:   0.823          [ 0.282](+0.053) IOSPlatformFactory
Timeline.Print:   0.876          [ 0.336](+0.077) LinuxPlatformFactory
Timeline.Print:   0.954          [ 0.413](+0.000) LuminPlatformFactory
Timeline.Print:   0.954          [ 0.414](+0.007) WindowsPlatformFactory
Timeline.Print: [ 0.962](+31.831) <unknown>
Timeline.Print: [32.793](+0.002) Finding engine modules
Timeline.Print: [32.796](+0.004) Finding plugin modules
Timeline.Print: [32.800](+1.805) <unknown>
Timeline.Print: [34.606](+0.000) Finding program modules
Timeline.Print: [34.606](+0.000) Finding program targets
Timeline.Print: [34.606](+2.890) <unknown>
Timeline.Print: [37.497](+5.774) Compiling rules assembly (Proyecto1_LeyendaModuleRules.dll)
Timeline.Print: [43.271](+57.817) <unknown>
Timeline.Print: [101.089](+0.000) RulesCompiler.CreateTargetRulesAssembly()
Timeline.Print: [101.090](+0.030) RulesAssembly.CreateTargetRules()
Timeline.Print: [101.134](+0.183) UEBuildTarget constructor
Timeline.Print: [101.317](+10.312) UEBuildTarget.PreBuildSetup()
Timeline.Print: [111.629](+1.868) <unknown>
Timeline.Print: [113.497](+0.000) RulesCompiler.CreateTargetRulesAssembly()
Timeline.Print: [113.497](+0.002) RulesAssembly.CreateTargetRules()
Timeline.Print: [113.502](+0.000) UEBuildTarget constructor
Timeline.Print: [113.502](+0.202) UEBuildTarget.PreBuildSetup()
Timeline.Print: [113.705](+10.879) <unknown>
Timeline.Print: [124.584](+0.010) FileMetadataPrefetch.Stop()
Timeline.Print: [124.608]
